9.3725 	INFO 	Loaded monitor calibration from ['2024_08_16 01:13']
9.3965 	WARNING 	User requested fullscreen with size [1024  768], but screen is actually [1920, 1080]. Using actual size
9.7314 	EXP 	Created window1 = Window(allowGUI=True, allowStencil=False, autoLog=True, backendConf=UNKNOWN, backgroundFit=<method-wrapper '__getattribute__' of attributeSetter object at 0x00000220C07EB1C0>, backgroundImage=<method-wrapper '__getattribute__' of attributeSetter object at 0x00000220C07EB220>, bitsMode=UNKNOWN, blendMode='avg', bpc=(8, 8, 8), color=array([0, 0, 0]), colorSpace='rgb', depthBits=8, fullscr=<method-wrapper '__getattribute__' of attributeSetter object at 0x00000220C07E8EE0>, gamma=None, gammaErrorPolicy='raise', infoMsg=UNKNOWN, lms=UNKNOWN, monitor=<psychopy.monitors.calibTools.Monitor object at 0x00000220BFA3DBD0>, multiSample=False, name='window1', numSamples=2, pos=[0.0, 0.0], screen=0, size=array([1920, 1080]), stencilBits=0, stereo=False, title='PsychoPy', units='height', useFBO=True, useRetina=False, viewOri=0.0, viewPos=None, viewScale=None, waitBlanking=True, winType='pyglet')
9.7315 	EXP 	window1: backgroundImage = ''
9.7315 	EXP 	window1: backgroundFit = 'none'
9.7318 	EXP 	window1: mouseVisible = <method-wrapper '__getattribute__' of attributeSetter object at 0x00000220C07EAFE0>
9.7320 	EXP 	window1: mouseVisible = <method-wrapper '__getattribute__' of attributeSetter object at 0x00000220C07EAFE0>
9.7365 	EXP 	window1: mouseVisible = <method-wrapper '__getattribute__' of attributeSetter object at 0x00000220C07EAFE0>
9.7373 	EXP 	window1: mouseVisible = <method-wrapper '__getattribute__' of attributeSetter object at 0x00000220C07EAFE0>
9.7986 	EXP 	window1: mouseVisible = <method-wrapper '__getattribute__' of attributeSetter object at 0x00000220C07EAFE0>
9.7988 	EXP 	window1: mouseVisible = <method-wrapper '__getattribute__' of attributeSetter object at 0x00000220C07EAFE0>
9.7996 	EXP 	window1: mouseVisible = <method-wrapper '__getattribute__' of attributeSetter object at 0x00000220C07EAFE0>
9.8003 	EXP 	window1: mouseVisible = <method-wrapper '__getattribute__' of attributeSetter object at 0x00000220C07EAFE0>
9.8191 	EXP 	window1: Attempting to measure frame rate of screen (0) ...
9.8192 	EXP 	window1: recordFrameIntervals = False
9.9582 	EXP 	window1: recordFrameIntervals = True
10.1418 	EXP 	Screen (0) actual frame rate measured at 59.98Hz
10.1419 	EXP 	window1: recordFrameIntervals = False
10.1421 	EXP 	window1: mouseVisible = False
12.6736 	INFO 	keyboard.Keyboard is using iohub backend.
12.6736 	INFO 	keyboard.Keyboard is using iohub backend.
12.6737 	INFO 	keyboard.Keyboard is using iohub backend.
12.6737 	EXP 	soloprojectlexical: status = STARTED
12.6741 	EXP 	window1: mouseVisible = False
12.8110 	EXP 	Created text_4 = TextStim(__class__=<class 'psychopy.visual.text.TextStim'>, alignHoriz=method-wrapper(...), alignText='center', alignVert=method-wrapper(...), anchorHoriz='center', anchorVert='center', antialias=True, autoDraw=False, autoLog=True, bold=False, color=array([1., 1., 1.]), colorSpace='rgb', contrast=1.0, depth=0.0, draggable=False, flipHoriz=False, flipVert=False, font='Arial', fontFiles=[], height=0.05, italic=False, languageStyle='LTR', name='text_4', opacity=1, ori=0.0, pos=array([0., 0.]), rgb=UNKNOWN, text=str(...), units='height', win=Window(...), wrapWidth=1)
12.8111 	EXP 	window1: mouseVisible = False
12.8190 	EXP 	Created fixation = ShapeStim(__class__=<class 'psychopy.visual.shape.ShapeStim'>, anchor=('center', 'center'), autoDraw=False, autoLog=True, closeShape=True, color=method-wrapper(...), colorSpace='rgb', contrast=None, depth=0.0, draggable=False, fillColor=array([1, 1, 1]), fillColorSpace='rgb', fillRGB=array([1, 1, 1]), interpolate=True, lineColor=array([1., 1., 1.]), lineColorSpace='rgb', lineRGB=array([1, 1, 1]), lineWidth=1.0, name='fixation', opacity=1, ori=0.0, pos=array([0., 0.]), size=array([0.03, 0.03]), units='height', vertices=ndarray(...), win=Window(...), windingRule=None)
12.8192 	EXP 	window1: mouseVisible = False
12.8204 	EXP 	Created text = TextStim(__class__=<class 'psychopy.visual.text.TextStim'>, alignHoriz=method-wrapper(...), alignText='center', alignVert=method-wrapper(...), anchorHoriz='center', anchorVert='center', antialias=True, autoDraw=False, autoLog=True, bold=False, color=array([1., 1., 1.]), colorSpace='rgb', contrast=1.0, depth=-1.0, draggable=False, flipHoriz=False, flipVert=False, font='Arial', fontFiles=[], height=0.05, italic=False, languageStyle='LTR', name='text', opacity=1, ori=0.0, pos=array([0., 0.]), rgb=UNKNOWN, text='', units='height', win=Window(...), wrapWidth=1)
12.8205 	EXP 	window1: mouseVisible = False
12.8289 	EXP 	Created text_2 = TextStim(__class__=<class 'psychopy.visual.text.TextStim'>, alignHoriz=method-wrapper(...), alignText='center', alignVert=method-wrapper(...), anchorHoriz='center', anchorVert='center', antialias=True, autoDraw=False, autoLog=True, bold=False, color=array([1., 1., 1.]), colorSpace='rgb', contrast=1.0, depth=-3.0, draggable=False, flipHoriz=False, flipVert=False, font='Arial', fontFiles=[], height=0.05, italic=False, languageStyle='LTR', name='text_2', opacity=1, ori=0.0, pos=array([0., 0.]), rgb=UNKNOWN, text='<- non-words              words ->', units='height', win=Window(...), wrapWidth=1)
12.8291 	EXP 	window1: mouseVisible = False
12.8364 	EXP 	Created text_3 = TextStim(__class__=<class 'psychopy.visual.text.TextStim'>, alignHoriz=method-wrapper(...), alignText='center', alignVert=method-wrapper(...), anchorHoriz='center', anchorVert='center', antialias=True, autoDraw=False, autoLog=True, bold=False, color=array([1., 1., 1.]), colorSpace='rgb', contrast=1.0, depth=0.0, draggable=False, flipHoriz=False, flipVert=False, font='Arial', fontFiles=[], height=0.05, italic=False, languageStyle='LTR', name='text_3', opacity=1, ori=0.0, pos=array([0., 0.]), rgb=UNKNOWN, text='Thank you for participating!', units='height', win=Window(...), wrapWidth=1)
0.0077 	INFO 	Keyboard events cleared
0.0073 	EXP 	text_4: autoDraw = True
1.3239 	EXP 	Imported conds.xlsx as conditions, 80 conditions, 3 params
1.3248 	EXP 	New trial (rep=0, index=0): <Trial 0 (0 in rep 0) data={'words': 'importent', 'number_of_letters': 9, 'corrAns': 'left', 'thisN': 0, 'thisTrialN': 0, 'thisRepN': 0}>
1.3311 	DATA 	Keypress: space
1.3335 	EXP 	text_4: autoDraw = False
1.3335 	EXP 	text: height = 0.05
1.3335 	EXP 	text: height = 0.05
1.3335 	EXP 	text: height = 0.05
1.3335 	EXP 	text: text = 'importent'
1.3335 	EXP 	fixation: autoDraw = True
1.3335 	EXP 	text_2: autoDraw = True
2.3222 	INFO 	Keyboard events cleared
2.3218 	EXP 	text: autoDraw = True
2.3383 	EXP 	fixation: autoDraw = False
2.3383 	EXP 	text_2: autoDraw = False
3.5896 	EXP 	New trial (rep=0, index=1): <Trial 1 (1 in rep 0) data={'words': 'anf', 'number_of_letters': 3, 'corrAns': 'left', 'thisN': 1, 'thisTrialN': 1, 'thisRepN': 0}>
3.5930 	DATA 	Keypress: left
3.6054 	EXP 	fixation: autoDraw = False
3.6054 	EXP 	text: autoDraw = False
3.6054 	EXP 	text_2: autoDraw = False
3.6054 	EXP 	text: height = 0.05
3.6054 	EXP 	text: height = 0.05
3.6054 	EXP 	text: height = 0.05
3.6054 	EXP 	text: text = 'anf'
3.6054 	EXP 	fixation: autoDraw = True
3.6054 	EXP 	text_2: autoDraw = True
4.6051 	INFO 	Keyboard events cleared
4.6047 	EXP 	fixation: autoDraw = False
4.6047 	EXP 	text: autoDraw = True
4.6047 	EXP 	text_2: autoDraw = False
5.2394 	EXP 	New trial (rep=0, index=2): <Trial 2 (2 in rep 0) data={'words': 'woy', 'number_of_letters': 3, 'corrAns': 'left', 'thisN': 2, 'thisTrialN': 2, 'thisRepN': 0}>
5.2423 	DATA 	Keypress: left
5.2550 	EXP 	fixation: autoDraw = False
5.2550 	EXP 	text: autoDraw = False
5.2550 	EXP 	text_2: autoDraw = False
5.2550 	EXP 	text: height = 0.05
5.2550 	EXP 	text: height = 0.05
5.2550 	EXP 	text: height = 0.05
5.2550 	EXP 	text: text = 'woy'
5.2550 	EXP 	fixation: autoDraw = True
5.2550 	EXP 	text_2: autoDraw = True
6.2552 	INFO 	Keyboard events cleared
6.2547 	EXP 	fixation: autoDraw = False
6.2547 	EXP 	text: autoDraw = True
6.2547 	EXP 	text_2: autoDraw = False
6.6894 	EXP 	New trial (rep=0, index=3): <Trial 3 (3 in rep 0) data={'words': 'quesdion', 'number_of_letters': 8, 'corrAns': 'left', 'thisN': 3, 'thisTrialN': 3, 'thisRepN': 0}>
6.6932 	DATA 	Keypress: left
6.7052 	EXP 	fixation: autoDraw = False
6.7052 	EXP 	text: autoDraw = False
6.7052 	EXP 	text_2: autoDraw = False
6.7052 	EXP 	text: height = 0.05
6.7052 	EXP 	text: height = 0.05
6.7052 	EXP 	text: height = 0.05
6.7052 	EXP 	text: text = 'quesdion'
6.7052 	EXP 	fixation: autoDraw = True
6.7052 	EXP 	text_2: autoDraw = True
7.7057 	INFO 	Keyboard events cleared
7.7052 	EXP 	fixation: autoDraw = False
7.7052 	EXP 	text: autoDraw = True
7.7052 	EXP 	text_2: autoDraw = False
8.3393 	EXP 	New trial (rep=0, index=4): <Trial 4 (4 in rep 0) data={'words': 'becone', 'number_of_letters': 6, 'corrAns': 'left', 'thisN': 4, 'thisTrialN': 4, 'thisRepN': 0}>
8.3427 	DATA 	Keypress: left
8.3547 	EXP 	fixation: autoDraw = False
8.3547 	EXP 	text: autoDraw = False
8.3547 	EXP 	text_2: autoDraw = False
8.3547 	EXP 	text: height = 0.05
8.3547 	EXP 	text: height = 0.05
8.3547 	EXP 	text: height = 0.05
8.3547 	EXP 	text: text = 'becone'
8.3547 	EXP 	fixation: autoDraw = True
8.3547 	EXP 	text_2: autoDraw = True
9.3550 	INFO 	Keyboard events cleared
9.3546 	EXP 	fixation: autoDraw = False
9.3546 	EXP 	text: autoDraw = True
9.3546 	EXP 	text_2: autoDraw = False
9.9895 	EXP 	New trial (rep=0, index=5): <Trial 5 (5 in rep 0) data={'words': 'want', 'number_of_letters': 4, 'corrAns': 'right', 'thisN': 5, 'thisTrialN': 5, 'thisRepN': 0}>
9.9926 	DATA 	Keypress: left
10.0047 	EXP 	fixation: autoDraw = False
10.0047 	EXP 	text: autoDraw = False
10.0047 	EXP 	text_2: autoDraw = False
10.0047 	EXP 	text: height = 0.05
10.0047 	EXP 	text: height = 0.05
10.0047 	EXP 	text: height = 0.05
10.0047 	EXP 	text: text = 'want'
10.0047 	EXP 	fixation: autoDraw = True
10.0047 	EXP 	text_2: autoDraw = True
11.0055 	INFO 	Keyboard events cleared
11.0049 	EXP 	fixation: autoDraw = False
11.0049 	EXP 	text: autoDraw = True
11.0049 	EXP 	text_2: autoDraw = False
11.7059 	EXP 	New trial (rep=0, index=6): <Trial 6 (6 in rep 0) data={'words': 'their', 'number_of_letters': 5, 'corrAns': 'right', 'thisN': 6, 'thisTrialN': 6, 'thisRepN': 0}>
11.7097 	DATA 	Keypress: right
11.7214 	EXP 	fixation: autoDraw = False
11.7214 	EXP 	text: autoDraw = False
11.7214 	EXP 	text_2: autoDraw = False
11.7214 	EXP 	text: height = 0.05
11.7214 	EXP 	text: height = 0.05
11.7214 	EXP 	text: height = 0.05
11.7214 	EXP 	text: text = 'their'
11.7214 	EXP 	fixation: autoDraw = True
11.7214 	EXP 	text_2: autoDraw = True
12.7218 	INFO 	Keyboard events cleared
12.7211 	EXP 	fixation: autoDraw = False
12.7211 	EXP 	text: autoDraw = True
12.7211 	EXP 	text_2: autoDraw = False
13.3725 	EXP 	New trial (rep=0, index=7): <Trial 7 (7 in rep 0) data={'words': 'courd', 'number_of_letters': 5, 'corrAns': 'left', 'thisN': 7, 'thisTrialN': 7, 'thisRepN': 0}>
13.3757 	DATA 	Keypress: right
13.3880 	EXP 	fixation: autoDraw = False
13.3880 	EXP 	text: autoDraw = False
13.3880 	EXP 	text_2: autoDraw = False
13.3880 	EXP 	text: height = 0.05
13.3880 	EXP 	text: height = 0.05
13.3880 	EXP 	text: height = 0.05
13.3880 	EXP 	text: text = 'courd'
13.3880 	EXP 	fixation: autoDraw = True
13.3880 	EXP 	text_2: autoDraw = True
14.3885 	INFO 	Keyboard events cleared
14.3879 	EXP 	fixation: autoDraw = False
14.3879 	EXP 	text: autoDraw = True
14.3879 	EXP 	text_2: autoDraw = False
14.9059 	EXP 	New trial (rep=0, index=8): <Trial 8 (8 in rep 0) data={'words': 'for', 'number_of_letters': 3, 'corrAns': 'right', 'thisN': 8, 'thisTrialN': 8, 'thisRepN': 0}>
14.9088 	DATA 	Keypress: left
14.9212 	EXP 	fixation: autoDraw = False
14.9212 	EXP 	text: autoDraw = False
14.9212 	EXP 	text_2: autoDraw = False
14.9212 	EXP 	text: height = 0.05
14.9212 	EXP 	text: height = 0.05
14.9212 	EXP 	text: height = 0.05
14.9212 	EXP 	text: text = 'for'
14.9212 	EXP 	fixation: autoDraw = True
14.9212 	EXP 	text_2: autoDraw = True
15.9214 	INFO 	Keyboard events cleared
15.9209 	EXP 	fixation: autoDraw = False
15.9209 	EXP 	text: autoDraw = True
15.9209 	EXP 	text_2: autoDraw = False
16.5220 	EXP 	New trial (rep=0, index=9): <Trial 9 (9 in rep 0) data={'words': 'compunity', 'number_of_letters': 9, 'corrAns': 'left', 'thisN': 9, 'thisTrialN': 9, 'thisRepN': 0}>
16.5262 	DATA 	Keypress: right
16.5375 	EXP 	fixation: autoDraw = False
16.5375 	EXP 	text: autoDraw = False
16.5375 	EXP 	text_2: autoDraw = False
16.5375 	EXP 	text: height = 0.05
16.5375 	EXP 	text: height = 0.05
16.5375 	EXP 	text: height = 0.05
16.5375 	EXP 	text: text = 'compunity'
16.5375 	EXP 	fixation: autoDraw = True
16.5375 	EXP 	text_2: autoDraw = True
17.5218 	INFO 	Keyboard events cleared
17.5211 	EXP 	text: autoDraw = True
17.5378 	EXP 	fixation: autoDraw = False
17.5378 	EXP 	text_2: autoDraw = False
18.1738 	DATA 	Keypress: left
18.1890 	EXP 	New trial (rep=0, index=10): <Trial 10 (10 in rep 0) data={'words': 'ous', 'number_of_letters': 3, 'corrAns': 'left', 'thisN': 10, 'thisTrialN': 10, 'thisRepN': 0}>
18.2044 	EXP 	fixation: autoDraw = False
18.2044 	EXP 	text: autoDraw = False
18.2044 	EXP 	text_2: autoDraw = False
18.2044 	EXP 	text: height = 0.05
18.2044 	EXP 	text: height = 0.05
18.2044 	EXP 	text: height = 0.05
18.2044 	EXP 	text: text = 'ous'
18.2044 	EXP 	fixation: autoDraw = True
18.2044 	EXP 	text_2: autoDraw = True
19.2050 	INFO 	Keyboard events cleared
19.2044 	EXP 	fixation: autoDraw = False
19.2044 	EXP 	text: autoDraw = True
19.2044 	EXP 	text_2: autoDraw = False
19.9223 	EXP 	New trial (rep=0, index=11): <Trial 11 (11 in rep 0) data={'words': 'anything', 'number_of_letters': 8, 'corrAns': 'right', 'thisN': 11, 'thisTrialN': 11, 'thisRepN': 0}>
19.9269 	DATA 	Keypress: left
19.9379 	EXP 	fixation: autoDraw = False
19.9379 	EXP 	text: autoDraw = False
19.9379 	EXP 	text_2: autoDraw = False
19.9379 	EXP 	text: height = 0.05
19.9379 	EXP 	text: height = 0.05
19.9379 	EXP 	text: height = 0.05
19.9379 	EXP 	text: text = 'anything'
19.9379 	EXP 	fixation: autoDraw = True
19.9379 	EXP 	text_2: autoDraw = True
20.9383 	INFO 	Keyboard events cleared
20.9378 	EXP 	fixation: autoDraw = False
20.9378 	EXP 	text: autoDraw = True
20.9378 	EXP 	text_2: autoDraw = False
21.8384 	EXP 	New trial (rep=0, index=12): <Trial 12 (12 in rep 0) data={'words': 'rememper', 'number_of_letters': 8, 'corrAns': 'left', 'thisN': 12, 'thisTrialN': 12, 'thisRepN': 0}>
21.8424 	DATA 	Keypress: left
21.8540 	EXP 	fixation: autoDraw = False
21.8540 	EXP 	text: autoDraw = False
21.8540 	EXP 	text_2: autoDraw = False
21.8540 	EXP 	text: height = 0.05
21.8540 	EXP 	text: height = 0.05
21.8540 	EXP 	text: height = 0.05
21.8540 	EXP 	text: text = 'rememper'
21.8540 	EXP 	fixation: autoDraw = True
21.8540 	EXP 	text_2: autoDraw = True
22.8383 	INFO 	Keyboard events cleared
22.8377 	EXP 	text: autoDraw = True
22.8542 	EXP 	fixation: autoDraw = False
22.8542 	EXP 	text_2: autoDraw = False
23.5555 	EXP 	New trial (rep=0, index=13): <Trial 13 (13 in rep 0) data={'words': 'new', 'number_of_letters': 3, 'corrAns': 'right', 'thisN': 13, 'thisTrialN': 13, 'thisRepN': 0}>
23.5585 	DATA 	Keypress: right
23.5708 	EXP 	fixation: autoDraw = False
23.5708 	EXP 	text: autoDraw = False
23.5708 	EXP 	text_2: autoDraw = False
23.5708 	EXP 	text: height = 0.05
23.5708 	EXP 	text: height = 0.05
23.5708 	EXP 	text: height = 0.05
23.5708 	EXP 	text: text = 'new'
23.5708 	EXP 	fixation: autoDraw = True
23.5708 	EXP 	text_2: autoDraw = True
24.5714 	INFO 	Keyboard events cleared
24.5706 	EXP 	fixation: autoDraw = False
24.5706 	EXP 	text: autoDraw = True
24.5706 	EXP 	text_2: autoDraw = False
25.3053 	EXP 	New trial (rep=0, index=14): <Trial 14 (14 in rep 0) data={'words': 'bifferent', 'number_of_letters': 9, 'corrAns': 'left', 'thisN': 14, 'thisTrialN': 14, 'thisRepN': 0}>
25.3088 	DATA 	Keypress: right
25.3206 	EXP 	fixation: autoDraw = False
25.3206 	EXP 	text: autoDraw = False
25.3206 	EXP 	text_2: autoDraw = False
25.3206 	EXP 	text: height = 0.05
25.3206 	EXP 	text: height = 0.05
25.3206 	EXP 	text: height = 0.05
25.3206 	EXP 	text: text = 'bifferent'
25.3206 	EXP 	fixation: autoDraw = True
25.3206 	EXP 	text_2: autoDraw = True
26.3212 	INFO 	Keyboard events cleared
26.3207 	EXP 	fixation: autoDraw = False
26.3207 	EXP 	text: autoDraw = True
26.3207 	EXP 	text_2: autoDraw = False
27.0886 	EXP 	New trial (rep=0, index=15): <Trial 15 (15 in rep 0) data={'words': 'anythink', 'number_of_letters': 8, 'corrAns': 'left', 'thisN': 15, 'thisTrialN': 15, 'thisRepN': 0}>
27.0919 	DATA 	Keypress: left
27.1040 	EXP 	fixation: autoDraw = False
27.1040 	EXP 	text: autoDraw = False
27.1040 	EXP 	text_2: autoDraw = False
27.1040 	EXP 	text: height = 0.05
27.1040 	EXP 	text: height = 0.05
27.1040 	EXP 	text: height = 0.05
27.1040 	EXP 	text: text = 'anythink'
27.1040 	EXP 	fixation: autoDraw = True
27.1040 	EXP 	text_2: autoDraw = True
28.0879 	INFO 	Keyboard events cleared
28.0874 	EXP 	text: autoDraw = True
28.1041 	EXP 	fixation: autoDraw = False
28.1041 	EXP 	text_2: autoDraw = False
28.9380 	EXP 	New trial (rep=0, index=16): <Trial 16 (16 in rep 0) data={'words': 'secade', 'number_of_letters': 6, 'corrAns': 'left', 'thisN': 16, 'thisTrialN': 16, 'thisRepN': 0}>
28.9406 	DATA 	Keypress: left
28.9536 	EXP 	fixation: autoDraw = False
28.9536 	EXP 	text: autoDraw = False
28.9536 	EXP 	text_2: autoDraw = False
28.9536 	EXP 	text: height = 0.05
28.9536 	EXP 	text: height = 0.05
28.9536 	EXP 	text: height = 0.05
28.9536 	EXP 	text: text = 'secade'
28.9536 	EXP 	fixation: autoDraw = True
28.9536 	EXP 	text_2: autoDraw = True
29.9378 	INFO 	Keyboard events cleared
29.9371 	EXP 	text: autoDraw = True
29.9539 	EXP 	fixation: autoDraw = False
29.9539 	EXP 	text_2: autoDraw = False
30.5716 	EXP 	New trial (rep=0, index=17): <Trial 17 (17 in rep 0) data={'words': 'eferything', 'number_of_letters': 10, 'corrAns': 'left', 'thisN': 17, 'thisTrialN': 17, 'thisRepN': 0}>
30.5752 	DATA 	Keypress: left
30.5871 	EXP 	fixation: autoDraw = False
30.5871 	EXP 	text: autoDraw = False
30.5871 	EXP 	text_2: autoDraw = False
30.5871 	EXP 	text: height = 0.05
30.5871 	EXP 	text: height = 0.05
30.5871 	EXP 	text: height = 0.05
30.5871 	EXP 	text: text = 'eferything'
30.5871 	EXP 	fixation: autoDraw = True
30.5871 	EXP 	text_2: autoDraw = True
31.5709 	INFO 	Keyboard events cleared
31.5704 	EXP 	text: autoDraw = True
31.5869 	EXP 	fixation: autoDraw = False
31.5869 	EXP 	text_2: autoDraw = False
32.2046 	EXP 	New trial (rep=0, index=18): <Trial 18 (18 in rep 0) data={'words': 'shoule', 'number_of_letters': 6, 'corrAns': 'left', 'thisN': 18, 'thisTrialN': 18, 'thisRepN': 0}>
32.2078 	DATA 	Keypress: left
32.2200 	EXP 	fixation: autoDraw = False
32.2200 	EXP 	text: autoDraw = False
32.2200 	EXP 	text_2: autoDraw = False
32.2200 	EXP 	text: height = 0.05
32.2200 	EXP 	text: height = 0.05
32.2200 	EXP 	text: height = 0.05
32.2200 	EXP 	text: text = 'shoule'
32.2200 	EXP 	fixation: autoDraw = True
32.2200 	EXP 	text_2: autoDraw = True
33.2206 	INFO 	Keyboard events cleared
33.2201 	EXP 	fixation: autoDraw = False
33.2201 	EXP 	text: autoDraw = True
33.2201 	EXP 	text_2: autoDraw = False
33.9215 	EXP 	New trial (rep=0, index=19): <Trial 19 (19 in rep 0) data={'words': 'believe', 'number_of_letters': 7, 'corrAns': 'right', 'thisN': 19, 'thisTrialN': 19, 'thisRepN': 0}>
33.9269 	DATA 	Keypress: left
33.9371 	EXP 	fixation: autoDraw = False
33.9371 	EXP 	text: autoDraw = False
33.9371 	EXP 	text_2: autoDraw = False
33.9371 	EXP 	text: height = 0.05
33.9371 	EXP 	text: height = 0.05
33.9371 	EXP 	text: height = 0.05
33.9371 	EXP 	text: text = 'believe'
33.9371 	EXP 	fixation: autoDraw = True
33.9371 	EXP 	text_2: autoDraw = True
34.9204 	INFO 	Keyboard events cleared
34.9200 	EXP 	text: autoDraw = True
34.9370 	EXP 	fixation: autoDraw = False
34.9370 	EXP 	text_2: autoDraw = False
35.6049 	EXP 	New trial (rep=0, index=20): <Trial 20 (20 in rep 0) data={'words': 'think', 'number_of_letters': 5, 'corrAns': 'right', 'thisN': 20, 'thisTrialN': 20, 'thisRepN': 0}>
35.6080 	DATA 	Keypress: right
35.6204 	EXP 	fixation: autoDraw = False
35.6204 	EXP 	text: autoDraw = False
35.6204 	EXP 	text_2: autoDraw = False
35.6204 	EXP 	text: height = 0.05
35.6204 	EXP 	text: height = 0.05
35.6204 	EXP 	text: height = 0.05
35.6204 	EXP 	text: text = 'think'
35.6204 	EXP 	fixation: autoDraw = True
35.6204 	EXP 	text_2: autoDraw = True
36.6210 	INFO 	Keyboard events cleared
36.6204 	EXP 	fixation: autoDraw = False
36.6204 	EXP 	text: autoDraw = True
36.6204 	EXP 	text_2: autoDraw = False
37.5385 	EXP 	New trial (rep=0, index=21): <Trial 21 (21 in rep 0) data={'words': 'become', 'number_of_letters': 6, 'corrAns': 'right', 'thisN': 21, 'thisTrialN': 21, 'thisRepN': 0}>
37.5443 	DATA 	Keypress: right
37.5535 	EXP 	fixation: autoDraw = False
37.5535 	EXP 	text: autoDraw = False
37.5535 	EXP 	text_2: autoDraw = False
37.5535 	EXP 	text: height = 0.05
37.5535 	EXP 	text: height = 0.05
37.5535 	EXP 	text: height = 0.05
37.5535 	EXP 	text: text = 'become'
37.5535 	EXP 	fixation: autoDraw = True
37.5535 	EXP 	text_2: autoDraw = True
38.5542 	INFO 	Keyboard events cleared
38.5535 	EXP 	fixation: autoDraw = False
38.5535 	EXP 	text: autoDraw = True
38.5535 	EXP 	text_2: autoDraw = False
39.6550 	EXP 	New trial (rep=0, index=22): <Trial 22 (22 in rep 0) data={'words': 'ptay', 'number_of_letters': 4, 'corrAns': 'left', 'thisN': 22, 'thisTrialN': 22, 'thisRepN': 0}>
39.6582 	DATA 	Keypress: right
39.6702 	EXP 	fixation: autoDraw = False
39.6702 	EXP 	text: autoDraw = False
39.6702 	EXP 	text_2: autoDraw = False
39.6702 	EXP 	text: height = 0.05
39.6702 	EXP 	text: height = 0.05
39.6702 	EXP 	text: height = 0.05
39.6702 	EXP 	text: text = 'ptay'
39.6702 	EXP 	fixation: autoDraw = True
39.6702 	EXP 	text_2: autoDraw = True
40.6707 	INFO 	Keyboard events cleared
40.6700 	EXP 	fixation: autoDraw = False
40.6700 	EXP 	text: autoDraw = True
40.6700 	EXP 	text_2: autoDraw = False
42.3882 	EXP 	New trial (rep=0, index=23): <Trial 23 (23 in rep 0) data={'words': 'decade', 'number_of_letters': 6, 'corrAns': 'right', 'thisN': 23, 'thisTrialN': 23, 'thisRepN': 0}>
42.3916 	DATA 	Keypress: left
42.4032 	EXP 	fixation: autoDraw = False
42.4032 	EXP 	text: autoDraw = False
42.4032 	EXP 	text_2: autoDraw = False
42.4032 	EXP 	text: height = 0.05
42.4032 	EXP 	text: height = 0.05
42.4032 	EXP 	text: height = 0.05
42.4032 	EXP 	text: text = 'decade'
42.4032 	EXP 	fixation: autoDraw = True
42.4032 	EXP 	text_2: autoDraw = True
43.4036 	INFO 	Keyboard events cleared
43.4032 	EXP 	fixation: autoDraw = False
43.4032 	EXP 	text: autoDraw = True
43.4032 	EXP 	text_2: autoDraw = False
44.7045 	EXP 	New trial (rep=0, index=24): <Trial 24 (24 in rep 0) data={'words': 'bedween', 'number_of_letters': 7, 'corrAns': 'left', 'thisN': 24, 'thisTrialN': 24, 'thisRepN': 0}>
44.7087 	DATA 	Keypress: right
44.7198 	EXP 	fixation: autoDraw = False
44.7198 	EXP 	text: autoDraw = False
44.7198 	EXP 	text_2: autoDraw = False
44.7198 	EXP 	text: height = 0.05
44.7198 	EXP 	text: height = 0.05
44.7198 	EXP 	text: height = 0.05
44.7198 	EXP 	text: text = 'bedween'
44.7198 	EXP 	fixation: autoDraw = True
44.7198 	EXP 	text_2: autoDraw = True
45.7201 	INFO 	Keyboard events cleared
45.7196 	EXP 	fixation: autoDraw = False
45.7196 	EXP 	text: autoDraw = True
45.7196 	EXP 	text_2: autoDraw = False
46.9711 	EXP 	New trial (rep=0, index=25): <Trial 25 (25 in rep 0) data={'words': 'tochnology', 'number_of_letters': 10, 'corrAns': 'left', 'thisN': 25, 'thisTrialN': 25, 'thisRepN': 0}>
46.9744 	DATA 	Keypress: left
46.9869 	EXP 	fixation: autoDraw = False
46.9869 	EXP 	text: autoDraw = False
46.9869 	EXP 	text_2: autoDraw = False
46.9869 	EXP 	text: height = 0.05
46.9869 	EXP 	text: height = 0.05
46.9869 	EXP 	text: height = 0.05
46.9869 	EXP 	text: text = 'tochnology'
46.9869 	EXP 	fixation: autoDraw = True
46.9869 	EXP 	text_2: autoDraw = True
47.9869 	INFO 	Keyboard events cleared
47.9865 	EXP 	fixation: autoDraw = False
47.9865 	EXP 	text: autoDraw = True
47.9865 	EXP 	text_2: autoDraw = False
49.1545 	EXP 	New trial (rep=0, index=26): <Trial 26 (26 in rep 0) data={'words': 'incluting', 'number_of_letters': 9, 'corrAns': 'left', 'thisN': 26, 'thisTrialN': 26, 'thisRepN': 0}>
49.1583 	DATA 	Keypress: left
49.1696 	EXP 	fixation: autoDraw = False
49.1696 	EXP 	text: autoDraw = False
49.1696 	EXP 	text_2: autoDraw = False
49.1696 	EXP 	text: height = 0.05
49.1696 	EXP 	text: height = 0.05
49.1696 	EXP 	text: height = 0.05
49.1696 	EXP 	text: text = 'incluting'
49.1696 	EXP 	fixation: autoDraw = True
49.1696 	EXP 	text_2: autoDraw = True
50.1704 	INFO 	Keyboard events cleared
50.1697 	EXP 	fixation: autoDraw = False
50.1697 	EXP 	text: autoDraw = True
50.1697 	EXP 	text_2: autoDraw = False
51.6540 	EXP 	New trial (rep=0, index=27): <Trial 27 (27 in rep 0) data={'words': 'should', 'number_of_letters': 6, 'corrAns': 'right', 'thisN': 27, 'thisTrialN': 27, 'thisRepN': 0}>
51.6575 	DATA 	Keypress: left
51.6694 	EXP 	fixation: autoDraw = False
51.6694 	EXP 	text: autoDraw = False
51.6694 	EXP 	text_2: autoDraw = False
51.6694 	EXP 	text: height = 0.05
51.6694 	EXP 	text: height = 0.05
51.6694 	EXP 	text: height = 0.05
51.6694 	EXP 	text: text = 'should'
51.6694 	EXP 	fixation: autoDraw = True
51.6694 	EXP 	text_2: autoDraw = True
52.6535 	INFO 	Keyboard events cleared
52.6529 	EXP 	text: autoDraw = True
52.6695 	EXP 	fixation: autoDraw = False
52.6695 	EXP 	text_2: autoDraw = False
53.4544 	EXP 	New trial (rep=0, index=28): <Trial 28 (28 in rep 0) data={'words': 'hour', 'number_of_letters': 4, 'corrAns': 'right', 'thisN': 28, 'thisTrialN': 28, 'thisRepN': 0}>
53.4576 	DATA 	Keypress: right
53.4696 	EXP 	fixation: autoDraw = False
53.4696 	EXP 	text: autoDraw = False
53.4696 	EXP 	text_2: autoDraw = False
53.4696 	EXP 	text: height = 0.05
53.4696 	EXP 	text: height = 0.05
53.4696 	EXP 	text: height = 0.05
53.4696 	EXP 	text: text = 'hour'
53.4696 	EXP 	fixation: autoDraw = True
53.4696 	EXP 	text_2: autoDraw = True
54.4698 	INFO 	Keyboard events cleared
54.4694 	EXP 	fixation: autoDraw = False
54.4694 	EXP 	text: autoDraw = True
54.4694 	EXP 	text_2: autoDraw = False
55.0543 	EXP 	New trial (rep=0, index=29): <Trial 29 (29 in rep 0) data={'words': 'important', 'number_of_letters': 9, 'corrAns': 'right', 'thisN': 29, 'thisTrialN': 29, 'thisRepN': 0}>
55.0583 	DATA 	Keypress: right
55.0693 	EXP 	fixation: autoDraw = False
55.0693 	EXP 	text: autoDraw = False
55.0693 	EXP 	text_2: autoDraw = False
55.0693 	EXP 	text: height = 0.05
55.0693 	EXP 	text: height = 0.05
55.0693 	EXP 	text: height = 0.05
55.0693 	EXP 	text: text = 'important'
55.0693 	EXP 	fixation: autoDraw = True
55.0693 	EXP 	text_2: autoDraw = True
56.0698 	INFO 	Keyboard events cleared
56.0692 	EXP 	fixation: autoDraw = False
56.0692 	EXP 	text: autoDraw = True
56.0692 	EXP 	text_2: autoDraw = False
56.7370 	EXP 	New trial (rep=0, index=30): <Trial 30 (30 in rep 0) data={'words': 'countey', 'number_of_letters': 7, 'corrAns': 'left', 'thisN': 30, 'thisTrialN': 30, 'thisRepN': 0}>
56.7407 	DATA 	Keypress: right
56.7526 	EXP 	fixation: autoDraw = False
56.7526 	EXP 	text: autoDraw = False
56.7526 	EXP 	text_2: autoDraw = False
56.7526 	EXP 	text: height = 0.05
56.7526 	EXP 	text: height = 0.05
56.7526 	EXP 	text: height = 0.05
56.7526 	EXP 	text: text = 'countey'
56.7526 	EXP 	fixation: autoDraw = True
56.7526 	EXP 	text_2: autoDraw = True
57.7534 	INFO 	Keyboard events cleared
57.7529 	EXP 	fixation: autoDraw = False
57.7529 	EXP 	text: autoDraw = True
57.7529 	EXP 	text_2: autoDraw = False
58.3712 	DATA 	Keypress: left
58.3871 	EXP 	New trial (rep=0, index=31): <Trial 31 (31 in rep 0) data={'words': 'bussness', 'number_of_letters': 8, 'corrAns': 'left', 'thisN': 31, 'thisTrialN': 31, 'thisRepN': 0}>
58.4025 	EXP 	fixation: autoDraw = False
58.4025 	EXP 	text: autoDraw = False
58.4025 	EXP 	text_2: autoDraw = False
58.4025 	EXP 	text: height = 0.05
58.4025 	EXP 	text: height = 0.05
58.4025 	EXP 	text: height = 0.05
58.4025 	EXP 	text: text = 'bussness'
58.4025 	EXP 	fixation: autoDraw = True
58.4025 	EXP 	text_2: autoDraw = True
59.4034 	INFO 	Keyboard events cleared
59.4029 	EXP 	fixation: autoDraw = False
59.4029 	EXP 	text: autoDraw = True
59.4029 	EXP 	text_2: autoDraw = False
60.0380 	EXP 	New trial (rep=0, index=32): <Trial 32 (32 in rep 0) data={'words': 'aboot', 'number_of_letters': 5, 'corrAns': 'left', 'thisN': 32, 'thisTrialN': 32, 'thisRepN': 0}>
60.0440 	DATA 	Keypress: right
60.0529 	EXP 	fixation: autoDraw = False
60.0529 	EXP 	text: autoDraw = False
60.0529 	EXP 	text_2: autoDraw = False
60.0529 	EXP 	text: height = 0.05
60.0529 	EXP 	text: height = 0.05
60.0529 	EXP 	text: height = 0.05
60.0529 	EXP 	text: text = 'aboot'
60.0529 	EXP 	fixation: autoDraw = True
60.0529 	EXP 	text_2: autoDraw = True
61.0533 	INFO 	Keyboard events cleared
61.0527 	EXP 	fixation: autoDraw = False
61.0527 	EXP 	text: autoDraw = True
61.0527 	EXP 	text_2: autoDraw = False
61.6867 	EXP 	New trial (rep=0, index=33): <Trial 33 (33 in rep 0) data={'words': 'fot', 'number_of_letters': 3, 'corrAns': 'left', 'thisN': 33, 'thisTrialN': 33, 'thisRepN': 0}>
61.6898 	DATA 	Keypress: right
61.7026 	EXP 	fixation: autoDraw = False
61.7026 	EXP 	text: autoDraw = False
61.7026 	EXP 	text_2: autoDraw = False
61.7026 	EXP 	text: height = 0.05
61.7026 	EXP 	text: height = 0.05
61.7026 	EXP 	text: height = 0.05
61.7026 	EXP 	text: text = 'fot'
61.7026 	EXP 	fixation: autoDraw = True
61.7026 	EXP 	text_2: autoDraw = True
62.6864 	INFO 	Keyboard events cleared
62.6859 	EXP 	text: autoDraw = True
62.7029 	EXP 	fixation: autoDraw = False
62.7029 	EXP 	text_2: autoDraw = False
63.6041 	EXP 	New trial (rep=0, index=34): <Trial 34 (34 in rep 0) data={'words': 'play', 'number_of_letters': 4, 'corrAns': 'right', 'thisN': 34, 'thisTrialN': 34, 'thisRepN': 0}>
63.6079 	DATA 	Keypress: left
63.6189 	EXP 	fixation: autoDraw = False
63.6189 	EXP 	text: autoDraw = False
63.6189 	EXP 	text_2: autoDraw = False
63.6189 	EXP 	text: height = 0.05
63.6189 	EXP 	text: height = 0.05
63.6189 	EXP 	text: height = 0.05
63.6189 	EXP 	text: text = 'play'
63.6189 	EXP 	fixation: autoDraw = True
63.6189 	EXP 	text_2: autoDraw = True
64.6194 	INFO 	Keyboard events cleared
64.6189 	EXP 	fixation: autoDraw = False
64.6189 	EXP 	text: autoDraw = True
64.6189 	EXP 	text_2: autoDraw = False
65.2039 	EXP 	New trial (rep=0, index=35): <Trial 35 (35 in rep 0) data={'words': 'everything', 'number_of_letters': 10, 'corrAns': 'right', 'thisN': 35, 'thisTrialN': 35, 'thisRepN': 0}>
65.2077 	DATA 	Keypress: right
65.2190 	EXP 	fixation: autoDraw = False
65.2190 	EXP 	text: autoDraw = False
65.2190 	EXP 	text_2: autoDraw = False
65.2190 	EXP 	text: height = 0.05
65.2190 	EXP 	text: height = 0.05
65.2190 	EXP 	text: height = 0.05
65.2190 	EXP 	text: text = 'everything'
65.2190 	EXP 	fixation: autoDraw = True
65.2190 	EXP 	text_2: autoDraw = True
66.2197 	INFO 	Keyboard events cleared
66.2191 	EXP 	fixation: autoDraw = False
66.2191 	EXP 	text: autoDraw = True
66.2191 	EXP 	text_2: autoDraw = False
66.8369 	EXP 	New trial (rep=0, index=36): <Trial 36 (36 in rep 0) data={'words': 'between', 'number_of_letters': 7, 'corrAns': 'right', 'thisN': 36, 'thisTrialN': 36, 'thisRepN': 0}>
66.8406 	DATA 	Keypress: right
66.8526 	EXP 	fixation: autoDraw = False
66.8526 	EXP 	text: autoDraw = False
66.8526 	EXP 	text_2: autoDraw = False
66.8526 	EXP 	text: height = 0.05
66.8526 	EXP 	text: height = 0.05
66.8526 	EXP 	text: height = 0.05
66.8526 	EXP 	text: text = 'between'
66.8526 	EXP 	fixation: autoDraw = True
66.8526 	EXP 	text_2: autoDraw = True
67.8530 	INFO 	Keyboard events cleared
67.8525 	EXP 	fixation: autoDraw = False
67.8525 	EXP 	text: autoDraw = True
67.8525 	EXP 	text_2: autoDraw = False
68.8867 	EXP 	New trial (rep=0, index=37): <Trial 37 (37 in rep 0) data={'words': 'factor', 'number_of_letters': 6, 'corrAns': 'right', 'thisN': 37, 'thisTrialN': 37, 'thisRepN': 0}>
68.8898 	DATA 	Keypress: right
68.9022 	EXP 	fixation: autoDraw = False
68.9022 	EXP 	text: autoDraw = False
68.9022 	EXP 	text_2: autoDraw = False
68.9022 	EXP 	text: height = 0.05
68.9022 	EXP 	text: height = 0.05
68.9022 	EXP 	text: height = 0.05
68.9022 	EXP 	text: text = 'factor'
68.9022 	EXP 	fixation: autoDraw = True
68.9022 	EXP 	text_2: autoDraw = True
69.9027 	INFO 	Keyboard events cleared
69.9020 	EXP 	fixation: autoDraw = False
69.9020 	EXP 	text: autoDraw = True
69.9020 	EXP 	text_2: autoDraw = False
70.5544 	EXP 	New trial (rep=0, index=38): <Trial 38 (38 in rep 0) data={'words': 'much', 'number_of_letters': 4, 'corrAns': 'right', 'thisN': 38, 'thisTrialN': 38, 'thisRepN': 0}>
70.5581 	DATA 	Keypress: right
70.5688 	EXP 	fixation: autoDraw = False
70.5688 	EXP 	text: autoDraw = False
70.5688 	EXP 	text_2: autoDraw = False
70.5688 	EXP 	text: height = 0.05
70.5688 	EXP 	text: height = 0.05
70.5688 	EXP 	text: height = 0.05
70.5688 	EXP 	text: text = 'much'
70.5688 	EXP 	fixation: autoDraw = True
70.5688 	EXP 	text_2: autoDraw = True
71.5695 	INFO 	Keyboard events cleared
71.5689 	EXP 	fixation: autoDraw = False
71.5689 	EXP 	text: autoDraw = True
71.5689 	EXP 	text_2: autoDraw = False
72.0698 	EXP 	New trial (rep=0, index=39): <Trial 39 (39 in rep 0) data={'words': 'beliefe', 'number_of_letters': 7, 'corrAns': 'left', 'thisN': 39, 'thisTrialN': 39, 'thisRepN': 0}>
72.0732 	DATA 	Keypress: right
72.0854 	EXP 	fixation: autoDraw = False
72.0854 	EXP 	text: autoDraw = False
72.0854 	EXP 	text_2: autoDraw = False
72.0854 	EXP 	text: height = 0.05
72.0854 	EXP 	text: height = 0.05
72.0854 	EXP 	text: height = 0.05
72.0854 	EXP 	text: text = 'beliefe'
72.0854 	EXP 	fixation: autoDraw = True
72.0854 	EXP 	text_2: autoDraw = True
73.0692 	INFO 	Keyboard events cleared
73.0686 	EXP 	text: autoDraw = True
73.0855 	EXP 	fixation: autoDraw = False
73.0855 	EXP 	text_2: autoDraw = False
73.8034 	EXP 	New trial (rep=0, index=40): <Trial 40 (40 in rep 0) data={'words': 'bopulation', 'number_of_letters': 10, 'corrAns': 'left', 'thisN': 40, 'thisTrialN': 40, 'thisRepN': 0}>
73.8071 	DATA 	Keypress: right
73.8185 	EXP 	fixation: autoDraw = False
73.8185 	EXP 	text: autoDraw = False
73.8185 	EXP 	text_2: autoDraw = False
73.8185 	EXP 	text: height = 0.05
73.8185 	EXP 	text: height = 0.05
73.8185 	EXP 	text: height = 0.05
73.8185 	EXP 	text: text = 'bopulation'
73.8185 	EXP 	fixation: autoDraw = True
73.8185 	EXP 	text_2: autoDraw = True
74.8190 	INFO 	Keyboard events cleared
74.8184 	EXP 	fixation: autoDraw = False
74.8184 	EXP 	text: autoDraw = True
74.8184 	EXP 	text_2: autoDraw = False
75.4701 	EXP 	New trial (rep=0, index=41): <Trial 41 (41 in rep 0) data={'words': 'population', 'number_of_letters': 10, 'corrAns': 'right', 'thisN': 41, 'thisTrialN': 41, 'thisRepN': 0}>
75.4735 	DATA 	Keypress: right
75.4854 	EXP 	fixation: autoDraw = False
75.4854 	EXP 	text: autoDraw = False
75.4854 	EXP 	text_2: autoDraw = False
75.4854 	EXP 	text: height = 0.05
75.4854 	EXP 	text: height = 0.05
75.4854 	EXP 	text: height = 0.05
75.4854 	EXP 	text: text = 'population'
75.4854 	EXP 	fixation: autoDraw = True
75.4854 	EXP 	text_2: autoDraw = True
76.4856 	INFO 	Keyboard events cleared
76.4851 	EXP 	fixation: autoDraw = False
76.4851 	EXP 	text: autoDraw = True
76.4851 	EXP 	text_2: autoDraw = False
77.3697 	EXP 	New trial (rep=0, index=42): <Trial 42 (42 in rep 0) data={'words': 'system', 'number_of_letters': 6, 'corrAns': 'right', 'thisN': 42, 'thisTrialN': 42, 'thisRepN': 0}>
77.3734 	DATA 	Keypress: right
77.3853 	EXP 	fixation: autoDraw = False
77.3853 	EXP 	text: autoDraw = False
77.3853 	EXP 	text_2: autoDraw = False
77.3853 	EXP 	text: height = 0.05
77.3853 	EXP 	text: height = 0.05
77.3853 	EXP 	text: height = 0.05
77.3853 	EXP 	text: text = 'system'
77.3853 	EXP 	fixation: autoDraw = True
77.3853 	EXP 	text_2: autoDraw = True
78.3854 	INFO 	Keyboard events cleared
78.3850 	EXP 	fixation: autoDraw = False
78.3850 	EXP 	text: autoDraw = True
78.3850 	EXP 	text_2: autoDraw = False
79.2860 	EXP 	New trial (rep=0, index=43): <Trial 43 (43 in rep 0) data={'words': 'research', 'number_of_letters': 8, 'corrAns': 'right', 'thisN': 43, 'thisTrialN': 43, 'thisRepN': 0}>
79.2898 	DATA 	Keypress: right
79.3019 	EXP 	fixation: autoDraw = False
79.3019 	EXP 	text: autoDraw = False
79.3019 	EXP 	text_2: autoDraw = False
79.3019 	EXP 	text: height = 0.05
79.3019 	EXP 	text: height = 0.05
79.3019 	EXP 	text: height = 0.05
79.3019 	EXP 	text: text = 'research'
79.3019 	EXP 	fixation: autoDraw = True
79.3019 	EXP 	text_2: autoDraw = True
80.3020 	INFO 	Keyboard events cleared
80.3014 	EXP 	fixation: autoDraw = False
80.3014 	EXP 	text: autoDraw = True
80.3014 	EXP 	text_2: autoDraw = False
81.1531 	EXP 	New trial (rep=0, index=44): <Trial 44 (44 in rep 0) data={'words': 'lipe', 'number_of_letters': 4, 'corrAns': 'left', 'thisN': 44, 'thisTrialN': 44, 'thisRepN': 0}>
81.1564 	DATA 	Keypress: right
81.1683 	EXP 	fixation: autoDraw = False
81.1683 	EXP 	text: autoDraw = False
81.1683 	EXP 	text_2: autoDraw = False
81.1683 	EXP 	text: height = 0.05
81.1683 	EXP 	text: height = 0.05
81.1683 	EXP 	text: height = 0.05
81.1683 	EXP 	text: text = 'lipe'
81.1683 	EXP 	fixation: autoDraw = True
81.1683 	EXP 	text_2: autoDraw = True
82.1688 	INFO 	Keyboard events cleared
82.1683 	EXP 	fixation: autoDraw = False
82.1683 	EXP 	text: autoDraw = True
82.1683 	EXP 	text_2: autoDraw = False
82.8191 	EXP 	New trial (rep=0, index=45): <Trial 45 (45 in rep 0) data={'words': 'experience', 'number_of_letters': 10, 'corrAns': 'right', 'thisN': 45, 'thisTrialN': 45, 'thisRepN': 0}>
82.8246 	DATA 	Keypress: left
82.8350 	EXP 	fixation: autoDraw = False
82.8350 	EXP 	text: autoDraw = False
82.8350 	EXP 	text_2: autoDraw = False
82.8350 	EXP 	text: height = 0.05
82.8350 	EXP 	text: height = 0.05
82.8350 	EXP 	text: height = 0.05
82.8350 	EXP 	text: text = 'experience'
82.8350 	EXP 	fixation: autoDraw = True
82.8350 	EXP 	text_2: autoDraw = True
83.8186 	INFO 	Keyboard events cleared
83.8180 	EXP 	text: autoDraw = True
83.8348 	EXP 	fixation: autoDraw = False
83.8348 	EXP 	text_2: autoDraw = False
84.6029 	EXP 	New trial (rep=0, index=46): <Trial 46 (46 in rep 0) data={'words': 'sistem', 'number_of_letters': 6, 'corrAns': 'left', 'thisN': 46, 'thisTrialN': 46, 'thisRepN': 0}>
84.6075 	DATA 	Keypress: right
84.6181 	EXP 	fixation: autoDraw = False
84.6181 	EXP 	text: autoDraw = False
84.6181 	EXP 	text_2: autoDraw = False
84.6181 	EXP 	text: height = 0.05
84.6181 	EXP 	text: height = 0.05
84.6181 	EXP 	text: height = 0.05
84.6181 	EXP 	text: text = 'sistem'
84.6181 	EXP 	fixation: autoDraw = True
84.6181 	EXP 	text_2: autoDraw = True
85.6189 	INFO 	Keyboard events cleared
85.6182 	EXP 	fixation: autoDraw = False
85.6182 	EXP 	text: autoDraw = True
85.6182 	EXP 	text_2: autoDraw = False
86.2365 	EXP 	New trial (rep=0, index=47): <Trial 47 (47 in rep 0) data={'words': 'mech', 'number_of_letters': 4, 'corrAns': 'left', 'thisN': 47, 'thisTrialN': 47, 'thisRepN': 0}>
86.2404 	DATA 	Keypress: right
86.2516 	EXP 	fixation: autoDraw = False
86.2516 	EXP 	text: autoDraw = False
86.2516 	EXP 	text_2: autoDraw = False
86.2516 	EXP 	text: height = 0.05
86.2516 	EXP 	text: height = 0.05
86.2516 	EXP 	text: height = 0.05
86.2516 	EXP 	text: text = 'mech'
86.2516 	EXP 	fixation: autoDraw = True
86.2516 	EXP 	text_2: autoDraw = True
87.2518 	INFO 	Keyboard events cleared
87.2514 	EXP 	fixation: autoDraw = False
87.2514 	EXP 	text: autoDraw = True
87.2514 	EXP 	text_2: autoDraw = False
87.8355 	EXP 	New trial (rep=0, index=48): <Trial 48 (48 in rep 0) data={'words': 'especialty', 'number_of_letters': 10, 'corrAns': 'left', 'thisN': 48, 'thisTrialN': 48, 'thisRepN': 0}>
87.8393 	DATA 	Keypress: left
87.8512 	EXP 	fixation: autoDraw = False
87.8512 	EXP 	text: autoDraw = False
87.8512 	EXP 	text_2: autoDraw = False
87.8512 	EXP 	text: height = 0.05
87.8512 	EXP 	text: height = 0.05
87.8512 	EXP 	text: height = 0.05
87.8512 	EXP 	text: text = 'especialty'
87.8512 	EXP 	fixation: autoDraw = True
87.8512 	EXP 	text_2: autoDraw = True
88.8351 	INFO 	Keyboard events cleared
88.8346 	EXP 	text: autoDraw = True
88.8512 	EXP 	fixation: autoDraw = False
88.8512 	EXP 	text_2: autoDraw = False
89.6372 	EXP 	New trial (rep=0, index=49): <Trial 49 (49 in rep 0) data={'words': 'program', 'number_of_letters': 7, 'corrAns': 'right', 'thisN': 49, 'thisTrialN': 49, 'thisRepN': 0}>
89.6415 	DATA 	Keypress: left
89.6515 	EXP 	fixation: autoDraw = False
89.6515 	EXP 	text: autoDraw = False
89.6515 	EXP 	text_2: autoDraw = False
89.6515 	EXP 	text: height = 0.05
89.6515 	EXP 	text: height = 0.05
89.6515 	EXP 	text: height = 0.05
89.6515 	EXP 	text: text = 'program'
89.6515 	EXP 	fixation: autoDraw = True
89.6515 	EXP 	text_2: autoDraw = True
90.6519 	INFO 	Keyboard events cleared
90.6513 	EXP 	fixation: autoDraw = False
90.6513 	EXP 	text: autoDraw = True
90.6513 	EXP 	text_2: autoDraw = False
91.6690 	EXP 	New trial (rep=0, index=50): <Trial 50 (50 in rep 0) data={'words': 'pesearch', 'number_of_letters': 8, 'corrAns': 'left', 'thisN': 50, 'thisTrialN': 50, 'thisRepN': 0}>
91.6722 	DATA 	Keypress: right
91.6846 	EXP 	fixation: autoDraw = False
91.6846 	EXP 	text: autoDraw = False
91.6846 	EXP 	text_2: autoDraw = False
91.6846 	EXP 	text: height = 0.05
91.6846 	EXP 	text: height = 0.05
91.6846 	EXP 	text: height = 0.05
91.6846 	EXP 	text: text = 'pesearch'
91.6846 	EXP 	fixation: autoDraw = True
91.6846 	EXP 	text_2: autoDraw = True
92.6846 	INFO 	Keyboard events cleared
92.6842 	EXP 	fixation: autoDraw = False
92.6842 	EXP 	text: autoDraw = True
92.6842 	EXP 	text_2: autoDraw = False
94.2026 	EXP 	New trial (rep=0, index=51): <Trial 51 (51 in rep 0) data={'words': 'pregram', 'number_of_letters': 7, 'corrAns': 'left', 'thisN': 51, 'thisTrialN': 51, 'thisRepN': 0}>
94.2066 	DATA 	Keypress: left
94.2178 	EXP 	fixation: autoDraw = False
94.2178 	EXP 	text: autoDraw = False
94.2178 	EXP 	text_2: autoDraw = False
94.2178 	EXP 	text: height = 0.05
94.2178 	EXP 	text: height = 0.05
94.2178 	EXP 	text: height = 0.05
94.2178 	EXP 	text: text = 'pregram'
94.2178 	EXP 	fixation: autoDraw = True
94.2178 	EXP 	text_2: autoDraw = True
95.2183 	INFO 	Keyboard events cleared
95.2177 	EXP 	fixation: autoDraw = False
95.2177 	EXP 	text: autoDraw = True
95.2177 	EXP 	text_2: autoDraw = False
96.1357 	EXP 	New trial (rep=0, index=52): <Trial 52 (52 in rep 0) data={'words': 'whicb', 'number_of_letters': 5, 'corrAns': 'left', 'thisN': 52, 'thisTrialN': 52, 'thisRepN': 0}>
96.1392 	DATA 	Keypress: left
96.1510 	EXP 	fixation: autoDraw = False
96.1510 	EXP 	text: autoDraw = False
96.1510 	EXP 	text_2: autoDraw = False
96.1510 	EXP 	text: height = 0.05
96.1510 	EXP 	text: height = 0.05
96.1510 	EXP 	text: height = 0.05
96.1510 	EXP 	text: text = 'whicb'
96.1510 	EXP 	fixation: autoDraw = True
96.1510 	EXP 	text_2: autoDraw = True
97.1512 	INFO 	Keyboard events cleared
97.1507 	EXP 	fixation: autoDraw = False
97.1507 	EXP 	text: autoDraw = True
97.1507 	EXP 	text_2: autoDraw = False
98.3188 	EXP 	New trial (rep=0, index=53): <Trial 53 (53 in rep 0) data={'words': 'fector', 'number_of_letters': 6, 'corrAns': 'left', 'thisN': 53, 'thisTrialN': 53, 'thisRepN': 0}>
98.3226 	DATA 	Keypress: left
98.3344 	EXP 	fixation: autoDraw = False
98.3344 	EXP 	text: autoDraw = False
98.3344 	EXP 	text_2: autoDraw = False
98.3344 	EXP 	text: height = 0.05
98.3344 	EXP 	text: height = 0.05
98.3344 	EXP 	text: height = 0.05
98.3344 	EXP 	text: text = 'fector'
98.3344 	EXP 	fixation: autoDraw = True
98.3344 	EXP 	text_2: autoDraw = True
99.3178 	INFO 	Keyboard events cleared
99.3174 	EXP 	text: autoDraw = True
99.3340 	EXP 	fixation: autoDraw = False
99.3340 	EXP 	text_2: autoDraw = False
100.0356 	EXP 	New trial (rep=0, index=54): <Trial 54 (54 in rep 0) data={'words': 'question', 'number_of_letters': 8, 'corrAns': 'right', 'thisN': 54, 'thisTrialN': 54, 'thisRepN': 0}>
100.0393 	DATA 	Keypress: left
100.0506 	EXP 	fixation: autoDraw = False
100.0506 	EXP 	text: autoDraw = False
100.0506 	EXP 	text_2: autoDraw = False
100.0506 	EXP 	text: height = 0.05
100.0506 	EXP 	text: height = 0.05
100.0506 	EXP 	text: height = 0.05
100.0506 	EXP 	text: text = 'question'
100.0506 	EXP 	fixation: autoDraw = True
100.0506 	EXP 	text_2: autoDraw = True
101.0511 	INFO 	Keyboard events cleared
101.0506 	EXP 	fixation: autoDraw = False
101.0506 	EXP 	text: autoDraw = True
101.0506 	EXP 	text_2: autoDraw = False
102.3351 	EXP 	New trial (rep=0, index=55): <Trial 55 (55 in rep 0) data={'words': 'including', 'number_of_letters': 9, 'corrAns': 'right', 'thisN': 55, 'thisTrialN': 55, 'thisRepN': 0}>
102.3398 	DATA 	Keypress: right
102.3505 	EXP 	fixation: autoDraw = False
102.3505 	EXP 	text: autoDraw = False
102.3505 	EXP 	text_2: autoDraw = False
102.3505 	EXP 	text: height = 0.05
102.3505 	EXP 	text: height = 0.05
102.3505 	EXP 	text: height = 0.05
102.3505 	EXP 	text: text = 'including'
102.3505 	EXP 	fixation: autoDraw = True
102.3505 	EXP 	text_2: autoDraw = True
103.3509 	INFO 	Keyboard events cleared
103.3504 	EXP 	fixation: autoDraw = False
103.3504 	EXP 	text: autoDraw = True
103.3504 	EXP 	text_2: autoDraw = False
106.3687 	EXP 	New trial (rep=0, index=56): <Trial 56 (56 in rep 0) data={'words': 'exberience', 'number_of_letters': 10, 'corrAns': 'left', 'thisN': 56, 'thisTrialN': 56, 'thisRepN': 0}>
106.3728 	DATA 	Keypress: right
106.3843 	EXP 	fixation: autoDraw = False
106.3843 	EXP 	text: autoDraw = False
106.3843 	EXP 	text_2: autoDraw = False
106.3843 	EXP 	text: height = 0.05
106.3843 	EXP 	text: height = 0.05
106.3843 	EXP 	text: height = 0.05
106.3843 	EXP 	text: text = 'exberience'
106.3843 	EXP 	fixation: autoDraw = True
106.3843 	EXP 	text_2: autoDraw = True
107.3846 	INFO 	Keyboard events cleared
107.3840 	EXP 	fixation: autoDraw = False
107.3840 	EXP 	text: autoDraw = True
107.3840 	EXP 	text_2: autoDraw = False
108.5849 	EXP 	New trial (rep=0, index=57): <Trial 57 (57 in rep 0) data={'words': 'remember', 'number_of_letters': 8, 'corrAns': 'right', 'thisN': 57, 'thisTrialN': 57, 'thisRepN': 0}>
108.5893 	DATA 	Keypress: left
108.6006 	EXP 	fixation: autoDraw = False
108.6006 	EXP 	text: autoDraw = False
108.6006 	EXP 	text_2: autoDraw = False
108.6006 	EXP 	text: height = 0.05
108.6006 	EXP 	text: height = 0.05
108.6006 	EXP 	text: height = 0.05
108.6006 	EXP 	text: text = 'remember'
108.6006 	EXP 	fixation: autoDraw = True
108.6006 	EXP 	text_2: autoDraw = True
109.6008 	INFO 	Keyboard events cleared
109.6002 	EXP 	fixation: autoDraw = False
109.6002 	EXP 	text: autoDraw = True
109.6002 	EXP 	text_2: autoDraw = False
110.3847 	EXP 	New trial (rep=0, index=58): <Trial 58 (58 in rep 0) data={'words': 'which', 'number_of_letters': 5, 'corrAns': 'right', 'thisN': 58, 'thisTrialN': 58, 'thisRepN': 0}>
110.3890 	DATA 	Keypress: right
110.4002 	EXP 	fixation: autoDraw = False
110.4002 	EXP 	text: autoDraw = False
110.4002 	EXP 	text_2: autoDraw = False
110.4002 	EXP 	text: height = 0.05
110.4002 	EXP 	text: height = 0.05
110.4002 	EXP 	text: height = 0.05
110.4002 	EXP 	text: text = 'which'
110.4002 	EXP 	fixation: autoDraw = True
110.4002 	EXP 	text_2: autoDraw = True
111.4005 	INFO 	Keyboard events cleared
111.4001 	EXP 	fixation: autoDraw = False
111.4001 	EXP 	text: autoDraw = True
111.4001 	EXP 	text_2: autoDraw = False
113.7844 	EXP 	New trial (rep=0, index=59): <Trial 59 (59 in rep 0) data={'words': 'neu', 'number_of_letters': 3, 'corrAns': 'left', 'thisN': 59, 'thisTrialN': 59, 'thisRepN': 0}>
113.7882 	DATA 	Keypress: right
113.8000 	EXP 	fixation: autoDraw = False
113.8000 	EXP 	text: autoDraw = False
113.8000 	EXP 	text_2: autoDraw = False
113.8000 	EXP 	text: height = 0.05
113.8000 	EXP 	text: height = 0.05
113.8000 	EXP 	text: height = 0.05
113.8000 	EXP 	text: text = 'neu'
113.8000 	EXP 	fixation: autoDraw = True
113.8000 	EXP 	text_2: autoDraw = True
114.7837 	INFO 	Keyboard events cleared
114.7833 	EXP 	text: autoDraw = True
114.8001 	EXP 	fixation: autoDraw = False
114.8001 	EXP 	text_2: autoDraw = False
116.0342 	EXP 	New trial (rep=0, index=60): <Trial 60 (60 in rep 0) data={'words': 'out', 'number_of_letters': 3, 'corrAns': 'right', 'thisN': 60, 'thisTrialN': 60, 'thisRepN': 0}>
116.0376 	DATA 	Keypress: left
116.0499 	EXP 	fixation: autoDraw = False
116.0499 	EXP 	text: autoDraw = False
116.0499 	EXP 	text_2: autoDraw = False
116.0499 	EXP 	text: height = 0.05
116.0499 	EXP 	text: height = 0.05
116.0499 	EXP 	text: height = 0.05
116.0499 	EXP 	text: text = 'out'
116.0499 	EXP 	fixation: autoDraw = True
116.0499 	EXP 	text_2: autoDraw = True
117.0502 	INFO 	Keyboard events cleared
117.0498 	EXP 	fixation: autoDraw = False
117.0498 	EXP 	text: autoDraw = True
117.0498 	EXP 	text_2: autoDraw = False
119.2012 	EXP 	New trial (rep=0, index=61): <Trial 61 (61 in rep 0) data={'words': 'especially', 'number_of_letters': 10, 'corrAns': 'right', 'thisN': 61, 'thisTrialN': 61, 'thisRepN': 0}>
119.2048 	DATA 	Keypress: right
119.2168 	EXP 	fixation: autoDraw = False
119.2168 	EXP 	text: autoDraw = False
119.2168 	EXP 	text_2: autoDraw = False
119.2168 	EXP 	text: height = 0.05
119.2168 	EXP 	text: height = 0.05
119.2168 	EXP 	text: height = 0.05
119.2168 	EXP 	text: text = 'especially'
119.2168 	EXP 	fixation: autoDraw = True
119.2168 	EXP 	text_2: autoDraw = True
120.2168 	INFO 	Keyboard events cleared
120.2163 	EXP 	fixation: autoDraw = False
120.2163 	EXP 	text: autoDraw = True
120.2163 	EXP 	text_2: autoDraw = False
122.4676 	EXP 	New trial (rep=0, index=62): <Trial 62 (62 in rep 0) data={'words': 'technology', 'number_of_letters': 10, 'corrAns': 'right', 'thisN': 62, 'thisTrialN': 62, 'thisRepN': 0}>
122.4712 	DATA 	Keypress: right
122.4833 	EXP 	fixation: autoDraw = False
122.4833 	EXP 	text: autoDraw = False
122.4833 	EXP 	text_2: autoDraw = False
122.4833 	EXP 	text: height = 0.05
122.4833 	EXP 	text: height = 0.05
122.4833 	EXP 	text: height = 0.05
122.4833 	EXP 	text: text = 'technology'
122.4833 	EXP 	fixation: autoDraw = True
122.4833 	EXP 	text_2: autoDraw = True
123.4837 	INFO 	Keyboard events cleared
123.4830 	EXP 	fixation: autoDraw = False
123.4830 	EXP 	text: autoDraw = True
123.4830 	EXP 	text_2: autoDraw = False
124.3672 	EXP 	New trial (rep=0, index=63): <Trial 63 (63 in rep 0) data={'words': 'line', 'number_of_letters': 4, 'corrAns': 'right', 'thisN': 63, 'thisTrialN': 63, 'thisRepN': 0}>
124.3700 	DATA 	Keypress: right
124.3834 	EXP 	fixation: autoDraw = False
124.3834 	EXP 	text: autoDraw = False
124.3834 	EXP 	text_2: autoDraw = False
124.3834 	EXP 	text: height = 0.05
124.3834 	EXP 	text: height = 0.05
124.3834 	EXP 	text: height = 0.05
124.3834 	EXP 	text: text = 'line'
124.3834 	EXP 	fixation: autoDraw = True
124.3834 	EXP 	text_2: autoDraw = True
125.3670 	INFO 	Keyboard events cleared
125.3665 	EXP 	text: autoDraw = True
125.3832 	EXP 	fixation: autoDraw = False
125.3832 	EXP 	text_2: autoDraw = False
126.3676 	EXP 	New trial (rep=0, index=64): <Trial 64 (64 in rep 0) data={'words': 'community', 'number_of_letters': 9, 'corrAns': 'right', 'thisN': 64, 'thisTrialN': 64, 'thisRepN': 0}>
126.3715 	DATA 	Keypress: right
126.3832 	EXP 	fixation: autoDraw = False
126.3832 	EXP 	text: autoDraw = False
126.3832 	EXP 	text_2: autoDraw = False
126.3832 	EXP 	text: height = 0.05
126.3832 	EXP 	text: height = 0.05
126.3832 	EXP 	text: height = 0.05
126.3832 	EXP 	text: text = 'community'
126.3832 	EXP 	fixation: autoDraw = True
126.3832 	EXP 	text_2: autoDraw = True
127.3839 	INFO 	Keyboard events cleared
127.3832 	EXP 	fixation: autoDraw = False
127.3832 	EXP 	text: autoDraw = True
127.3832 	EXP 	text_2: autoDraw = False
128.7341 	EXP 	New trial (rep=0, index=65): <Trial 65 (65 in rep 0) data={'words': 'country', 'number_of_letters': 7, 'corrAns': 'right', 'thisN': 65, 'thisTrialN': 65, 'thisRepN': 0}>
128.7373 	DATA 	Keypress: right
128.7495 	EXP 	fixation: autoDraw = False
128.7495 	EXP 	text: autoDraw = False
128.7495 	EXP 	text_2: autoDraw = False
128.7495 	EXP 	text: height = 0.05
128.7495 	EXP 	text: height = 0.05
128.7495 	EXP 	text: height = 0.05
128.7495 	EXP 	text: text = 'country'
128.7495 	EXP 	fixation: autoDraw = True
128.7495 	EXP 	text_2: autoDraw = True
129.7499 	INFO 	Keyboard events cleared
129.7494 	EXP 	fixation: autoDraw = False
129.7494 	EXP 	text: autoDraw = True
129.7494 	EXP 	text_2: autoDraw = False
130.7343 	EXP 	New trial (rep=0, index=66): <Trial 66 (66 in rep 0) data={'words': 'could', 'number_of_letters': 5, 'corrAns': 'right', 'thisN': 66, 'thisTrialN': 66, 'thisRepN': 0}>
130.7395 	DATA 	Keypress: right
130.7496 	EXP 	fixation: autoDraw = False
130.7496 	EXP 	text: autoDraw = False
130.7496 	EXP 	text_2: autoDraw = False
130.7496 	EXP 	text: height = 0.05
130.7496 	EXP 	text: height = 0.05
130.7496 	EXP 	text: height = 0.05
130.7496 	EXP 	text: text = 'could'
130.7496 	EXP 	fixation: autoDraw = True
130.7496 	EXP 	text_2: autoDraw = True
131.7502 	INFO 	Keyboard events cleared
131.7496 	EXP 	fixation: autoDraw = False
131.7496 	EXP 	text: autoDraw = True
131.7496 	EXP 	text_2: autoDraw = False
132.4504 	EXP 	New trial (rep=0, index=67): <Trial 67 (67 in rep 0) data={'words': 'and', 'number_of_letters': 3, 'corrAns': 'right', 'thisN': 67, 'thisTrialN': 67, 'thisRepN': 0}>
132.4541 	DATA 	Keypress: right
132.4657 	EXP 	fixation: autoDraw = False
132.4657 	EXP 	text: autoDraw = False
132.4657 	EXP 	text_2: autoDraw = False
132.4657 	EXP 	text: height = 0.05
132.4657 	EXP 	text: height = 0.05
132.4657 	EXP 	text: height = 0.05
132.4657 	EXP 	text: text = 'and'
132.4657 	EXP 	fixation: autoDraw = True
132.4657 	EXP 	text_2: autoDraw = True
133.4660 	INFO 	Keyboard events cleared
133.4657 	EXP 	fixation: autoDraw = False
133.4657 	EXP 	text: autoDraw = True
133.4657 	EXP 	text_2: autoDraw = False
134.1173 	EXP 	New trial (rep=0, index=68): <Trial 68 (68 in rep 0) data={'words': 'compane', 'number_of_letters': 7, 'corrAns': 'left', 'thisN': 68, 'thisTrialN': 68, 'thisRepN': 0}>
134.1213 	DATA 	Keypress: right
134.1328 	EXP 	fixation: autoDraw = False
134.1328 	EXP 	text: autoDraw = False
134.1328 	EXP 	text_2: autoDraw = False
134.1328 	EXP 	text: height = 0.05
134.1328 	EXP 	text: height = 0.05
134.1328 	EXP 	text: height = 0.05
134.1328 	EXP 	text: text = 'compane'
134.1328 	EXP 	fixation: autoDraw = True
134.1328 	EXP 	text_2: autoDraw = True
135.1329 	INFO 	Keyboard events cleared
135.1324 	EXP 	fixation: autoDraw = False
135.1324 	EXP 	text: autoDraw = True
135.1324 	EXP 	text_2: autoDraw = False
139.2340 	EXP 	New trial (rep=0, index=69): <Trial 69 (69 in rep 0) data={'words': 'pofitical', 'number_of_letters': 9, 'corrAns': 'left', 'thisN': 69, 'thisTrialN': 69, 'thisRepN': 0}>
139.2391 	DATA 	Keypress: left
139.2491 	EXP 	fixation: autoDraw = False
139.2491 	EXP 	text: autoDraw = False
139.2491 	EXP 	text_2: autoDraw = False
139.2491 	EXP 	text: height = 0.05
139.2491 	EXP 	text: height = 0.05
139.2491 	EXP 	text: height = 0.05
139.2491 	EXP 	text: text = 'pofitical'
139.2491 	EXP 	fixation: autoDraw = True
139.2491 	EXP 	text_2: autoDraw = True
140.2493 	INFO 	Keyboard events cleared
140.2489 	EXP 	fixation: autoDraw = False
140.2489 	EXP 	text: autoDraw = True
140.2489 	EXP 	text_2: autoDraw = False
141.5668 	EXP 	New trial (rep=0, index=70): <Trial 70 (70 in rep 0) data={'words': 'theyr', 'number_of_letters': 5, 'corrAns': 'left', 'thisN': 70, 'thisTrialN': 70, 'thisRepN': 0}>
141.5712 	DATA 	Keypress: left
141.5827 	EXP 	fixation: autoDraw = False
141.5827 	EXP 	text: autoDraw = False
141.5827 	EXP 	text_2: autoDraw = False
141.5827 	EXP 	text: height = 0.05
141.5827 	EXP 	text: height = 0.05
141.5827 	EXP 	text: height = 0.05
141.5827 	EXP 	text: text = 'theyr'
141.5827 	EXP 	fixation: autoDraw = True
141.5827 	EXP 	text_2: autoDraw = True
142.5662 	INFO 	Keyboard events cleared
142.5656 	EXP 	text: autoDraw = True
142.5828 	EXP 	fixation: autoDraw = False
142.5828 	EXP 	text_2: autoDraw = False
143.2663 	EXP 	New trial (rep=0, index=71): <Trial 71 (71 in rep 0) data={'words': 'business', 'number_of_letters': 8, 'corrAns': 'right', 'thisN': 71, 'thisTrialN': 71, 'thisRepN': 0}>
143.2700 	DATA 	Keypress: left
143.2820 	EXP 	fixation: autoDraw = False
143.2820 	EXP 	text: autoDraw = False
143.2820 	EXP 	text_2: autoDraw = False
143.2820 	EXP 	text: height = 0.05
143.2820 	EXP 	text: height = 0.05
143.2820 	EXP 	text: height = 0.05
143.2820 	EXP 	text: text = 'business'
143.2820 	EXP 	fixation: autoDraw = True
143.2820 	EXP 	text_2: autoDraw = True
144.2656 	INFO 	Keyboard events cleared
144.2652 	EXP 	text: autoDraw = True
144.2820 	EXP 	fixation: autoDraw = False
144.2820 	EXP 	text_2: autoDraw = False
145.1168 	EXP 	New trial (rep=0, index=72): <Trial 72 (72 in rep 0) data={'words': 'thenk', 'number_of_letters': 5, 'corrAns': 'left', 'thisN': 72, 'thisTrialN': 72, 'thisRepN': 0}>
145.1199 	DATA 	Keypress: right
145.1324 	EXP 	fixation: autoDraw = False
145.1324 	EXP 	text: autoDraw = False
145.1324 	EXP 	text_2: autoDraw = False
145.1324 	EXP 	text: height = 0.05
145.1324 	EXP 	text: height = 0.05
145.1324 	EXP 	text: height = 0.05
145.1324 	EXP 	text: text = 'thenk'
145.1324 	EXP 	fixation: autoDraw = True
145.1324 	EXP 	text_2: autoDraw = True
146.1322 	INFO 	Keyboard events cleared
146.1319 	EXP 	fixation: autoDraw = False
146.1319 	EXP 	text: autoDraw = True
146.1319 	EXP 	text_2: autoDraw = False
147.0665 	EXP 	New trial (rep=0, index=73): <Trial 73 (73 in rep 0) data={'words': 'wunt', 'number_of_letters': 4, 'corrAns': 'left', 'thisN': 73, 'thisTrialN': 73, 'thisRepN': 0}>
147.0710 	DATA 	Keypress: left
147.0821 	EXP 	fixation: autoDraw = False
147.0821 	EXP 	text: autoDraw = False
147.0821 	EXP 	text_2: autoDraw = False
147.0821 	EXP 	text: height = 0.05
147.0821 	EXP 	text: height = 0.05
147.0821 	EXP 	text: height = 0.05
147.0821 	EXP 	text: text = 'wunt'
147.0821 	EXP 	fixation: autoDraw = True
147.0821 	EXP 	text_2: autoDraw = True
148.0822 	INFO 	Keyboard events cleared
148.0818 	EXP 	fixation: autoDraw = False
148.0818 	EXP 	text: autoDraw = True
148.0818 	EXP 	text_2: autoDraw = False
149.0832 	EXP 	New trial (rep=0, index=74): <Trial 74 (74 in rep 0) data={'words': 'company', 'number_of_letters': 7, 'corrAns': 'right', 'thisN': 74, 'thisTrialN': 74, 'thisRepN': 0}>
149.0867 	DATA 	Keypress: left
149.0988 	EXP 	fixation: autoDraw = False
149.0988 	EXP 	text: autoDraw = False
149.0988 	EXP 	text_2: autoDraw = False
149.0988 	EXP 	text: height = 0.05
149.0988 	EXP 	text: height = 0.05
149.0988 	EXP 	text: height = 0.05
149.0988 	EXP 	text: text = 'company'
149.0988 	EXP 	fixation: autoDraw = True
149.0988 	EXP 	text_2: autoDraw = True
150.0988 	INFO 	Keyboard events cleared
150.0984 	EXP 	fixation: autoDraw = False
150.0984 	EXP 	text: autoDraw = True
150.0984 	EXP 	text_2: autoDraw = False
151.2159 	EXP 	New trial (rep=0, index=75): <Trial 75 (75 in rep 0) data={'words': 'way', 'number_of_letters': 3, 'corrAns': 'right', 'thisN': 75, 'thisTrialN': 75, 'thisRepN': 0}>
151.2203 	DATA 	Keypress: right
151.2318 	EXP 	fixation: autoDraw = False
151.2318 	EXP 	text: autoDraw = False
151.2318 	EXP 	text_2: autoDraw = False
151.2318 	EXP 	text: height = 0.05
151.2318 	EXP 	text: height = 0.05
151.2318 	EXP 	text: height = 0.05
151.2318 	EXP 	text: text = 'way'
151.2318 	EXP 	fixation: autoDraw = True
151.2318 	EXP 	text_2: autoDraw = True
152.2155 	INFO 	Keyboard events cleared
152.2151 	EXP 	text: autoDraw = True
152.2322 	EXP 	fixation: autoDraw = False
152.2322 	EXP 	text_2: autoDraw = False
152.9332 	EXP 	New trial (rep=0, index=76): <Trial 76 (76 in rep 0) data={'words': 'political', 'number_of_letters': 9, 'corrAns': 'right', 'thisN': 76, 'thisTrialN': 76, 'thisRepN': 0}>
152.9373 	DATA 	Keypress: right
152.9486 	EXP 	fixation: autoDraw = False
152.9486 	EXP 	text: autoDraw = False
152.9486 	EXP 	text_2: autoDraw = False
152.9486 	EXP 	text: height = 0.05
152.9486 	EXP 	text: height = 0.05
152.9486 	EXP 	text: height = 0.05
152.9486 	EXP 	text: text = 'political'
152.9486 	EXP 	fixation: autoDraw = True
152.9486 	EXP 	text_2: autoDraw = True
153.9491 	INFO 	Keyboard events cleared
153.9485 	EXP 	fixation: autoDraw = False
153.9485 	EXP 	text: autoDraw = True
153.9485 	EXP 	text_2: autoDraw = False
156.0166 	EXP 	New trial (rep=0, index=77): <Trial 77 (77 in rep 0) data={'words': 'heur', 'number_of_letters': 4, 'corrAns': 'left', 'thisN': 77, 'thisTrialN': 77, 'thisRepN': 0}>
156.0198 	DATA 	Keypress: right
156.0319 	EXP 	fixation: autoDraw = False
156.0319 	EXP 	text: autoDraw = False
156.0319 	EXP 	text_2: autoDraw = False
156.0319 	EXP 	text: height = 0.05
156.0319 	EXP 	text: height = 0.05
156.0319 	EXP 	text: height = 0.05
156.0319 	EXP 	text: text = 'heur'
156.0319 	EXP 	fixation: autoDraw = True
156.0319 	EXP 	text_2: autoDraw = True
157.0325 	INFO 	Keyboard events cleared
157.0319 	EXP 	fixation: autoDraw = False
157.0319 	EXP 	text: autoDraw = True
157.0319 	EXP 	text_2: autoDraw = False
158.1163 	EXP 	New trial (rep=0, index=78): <Trial 78 (78 in rep 0) data={'words': 'different', 'number_of_letters': 9, 'corrAns': 'right', 'thisN': 78, 'thisTrialN': 78, 'thisRepN': 0}>
158.1205 	DATA 	Keypress: left
158.1318 	EXP 	fixation: autoDraw = False
158.1318 	EXP 	text: autoDraw = False
158.1318 	EXP 	text_2: autoDraw = False
158.1318 	EXP 	text: height = 0.05
158.1318 	EXP 	text: height = 0.05
158.1318 	EXP 	text: height = 0.05
158.1318 	EXP 	text: text = 'different'
158.1318 	EXP 	fixation: autoDraw = True
158.1318 	EXP 	text_2: autoDraw = True
159.1322 	INFO 	Keyboard events cleared
159.1317 	EXP 	fixation: autoDraw = False
159.1317 	EXP 	text: autoDraw = True
159.1317 	EXP 	text_2: autoDraw = False
160.5828 	EXP 	New trial (rep=0, index=79): <Trial 79 (79 in rep 0) data={'words': 'about', 'number_of_letters': 5, 'corrAns': 'right', 'thisN': 79, 'thisTrialN': 79, 'thisRepN': 0}>
160.5861 	DATA 	Keypress: right
160.5981 	EXP 	fixation: autoDraw = False
160.5981 	EXP 	text: autoDraw = False
160.5981 	EXP 	text_2: autoDraw = False
160.5981 	EXP 	text: height = 0.05
160.5981 	EXP 	text: height = 0.05
160.5981 	EXP 	text: height = 0.05
160.5981 	EXP 	text: text = 'about'
160.5981 	EXP 	fixation: autoDraw = True
160.5981 	EXP 	text_2: autoDraw = True
161.5990 	INFO 	Keyboard events cleared
161.5983 	EXP 	fixation: autoDraw = False
161.5983 	EXP 	text: autoDraw = True
161.5983 	EXP 	text_2: autoDraw = False
162.4027 	DATA 	Keypress: right
162.4147 	EXP 	fixation: autoDraw = False
162.4147 	EXP 	text: autoDraw = False
162.4147 	EXP 	text_2: autoDraw = False
162.4147 	EXP 	text_3: autoDraw = True
163.4149 	EXP 	text_3: autoDraw = False
163.4149 	EXP 	text_3: autoDraw = False
163.4150 	EXP 	soloprojectlexical: status = STOPPED
163.4399 	INFO 	saved data to 'C:\\Users\\kashy\\OneDrive\\Desktop\\SoloProject\\data/093415_soloprojectlexical_2024-12-04_16h44.22.108.csv'
163.4432 	INFO 	saved data to C:\Users\kashy\OneDrive\Desktop\SoloProject\data/093415_soloprojectlexical_2024-12-04_16h44.22.108.psydat
163.6101 	EXP 	window1: mouseVisible = True
