6.7673 	INFO 	Loaded monitor calibration from ['2024_08_16 01:13']
6.8035 	WARNING 	User requested fullscreen with size [1024  768], but screen is actually [1920, 1080]. Using actual size
7.1407 	EXP 	Created window1 = Window(allowGUI=True, allowStencil=False, autoLog=True, backendConf=UNKNOWN, backgroundFit=<method-wrapper '__getattribute__' of attributeSetter object at 0x000002219E85B1C0>, backgroundImage=<method-wrapper '__getattribute__' of attributeSetter object at 0x000002219E85B220>, bitsMode=UNKNOWN, blendMode='avg', bpc=(8, 8, 8), color=array([0, 0, 0]), colorSpace='rgb', depthBits=8, fullscr=<method-wrapper '__getattribute__' of attributeSetter object at 0x000002219E858EE0>, gamma=None, gammaErrorPolicy='raise', infoMsg=UNKNOWN, lms=UNKNOWN, monitor=<psychopy.monitors.calibTools.Monitor object at 0x000002219DAB1BD0>, multiSample=False, name='window1', numSamples=2, pos=[0.0, 0.0], screen=0, size=array([1920, 1080]), stencilBits=0, stereo=False, title='PsychoPy', units='height', useFBO=True, useRetina=False, viewOri=0.0, viewPos=None, viewScale=None, waitBlanking=True, winType='pyglet')
7.1408 	EXP 	window1: backgroundImage = ''
7.1408 	EXP 	window1: backgroundFit = 'none'
7.1411 	EXP 	window1: mouseVisible = <method-wrapper '__getattribute__' of attributeSetter object at 0x000002219E85AFE0>
7.1413 	EXP 	window1: mouseVisible = <method-wrapper '__getattribute__' of attributeSetter object at 0x000002219E85AFE0>
7.1451 	EXP 	window1: mouseVisible = <method-wrapper '__getattribute__' of attributeSetter object at 0x000002219E85AFE0>
7.1459 	EXP 	window1: mouseVisible = <method-wrapper '__getattribute__' of attributeSetter object at 0x000002219E85AFE0>
7.2124 	EXP 	window1: mouseVisible = <method-wrapper '__getattribute__' of attributeSetter object at 0x000002219E85AFE0>
7.2125 	EXP 	window1: mouseVisible = <method-wrapper '__getattribute__' of attributeSetter object at 0x000002219E85AFE0>
7.2131 	EXP 	window1: mouseVisible = <method-wrapper '__getattribute__' of attributeSetter object at 0x000002219E85AFE0>
7.2136 	EXP 	window1: mouseVisible = <method-wrapper '__getattribute__' of attributeSetter object at 0x000002219E85AFE0>
7.2435 	EXP 	window1: Attempting to measure frame rate of screen (0) ...
7.2435 	EXP 	window1: recordFrameIntervals = False
7.3739 	EXP 	window1: recordFrameIntervals = True
7.5576 	EXP 	Screen (0) actual frame rate measured at 60.03Hz
7.5577 	EXP 	window1: recordFrameIntervals = False
7.5578 	EXP 	window1: mouseVisible = False
10.0747 	INFO 	keyboard.Keyboard is using iohub backend.
10.0747 	INFO 	keyboard.Keyboard is using iohub backend.
10.0747 	INFO 	keyboard.Keyboard is using iohub backend.
10.0747 	EXP 	soloprojectlexical: status = STARTED
10.0750 	EXP 	window1: mouseVisible = False
10.2137 	EXP 	Created text_4 = TextStim(__class__=<class 'psychopy.visual.text.TextStim'>, alignHoriz=method-wrapper(...), alignText='center', alignVert=method-wrapper(...), anchorHoriz='center', anchorVert='center', antialias=True, autoDraw=False, autoLog=True, bold=False, color=array([1., 1., 1.]), colorSpace='rgb', contrast=1.0, depth=0.0, draggable=False, flipHoriz=False, flipVert=False, font='Arial', fontFiles=[], height=0.05, italic=False, languageStyle='LTR', name='text_4', opacity=1, ori=0.0, pos=array([0., 0.]), rgb=UNKNOWN, text=str(...), units='height', win=Window(...), wrapWidth=1)
10.2138 	EXP 	window1: mouseVisible = False
10.2214 	EXP 	Created fixation = ShapeStim(__class__=<class 'psychopy.visual.shape.ShapeStim'>, anchor=('center', 'center'), autoDraw=False, autoLog=True, closeShape=True, color=method-wrapper(...), colorSpace='rgb', contrast=None, depth=0.0, draggable=False, fillColor=array([1, 1, 1]), fillColorSpace='rgb', fillRGB=array([1, 1, 1]), interpolate=True, lineColor=array([1., 1., 1.]), lineColorSpace='rgb', lineRGB=array([1, 1, 1]), lineWidth=1.0, name='fixation', opacity=1, ori=0.0, pos=array([0., 0.]), size=array([0.03, 0.03]), units='height', vertices=ndarray(...), win=Window(...), windingRule=None)
10.2216 	EXP 	window1: mouseVisible = False
10.2233 	EXP 	Created text = TextStim(__class__=<class 'psychopy.visual.text.TextStim'>, alignHoriz=method-wrapper(...), alignText='center', alignVert=method-wrapper(...), anchorHoriz='center', anchorVert='center', antialias=True, autoDraw=False, autoLog=True, bold=False, color=array([1., 1., 1.]), colorSpace='rgb', contrast=1.0, depth=-1.0, draggable=False, flipHoriz=False, flipVert=False, font='Arial', fontFiles=[], height=0.05, italic=False, languageStyle='LTR', name='text', opacity=1, ori=0.0, pos=array([0., 0.]), rgb=UNKNOWN, text='', units='height', win=Window(...), wrapWidth=1)
10.2235 	EXP 	window1: mouseVisible = False
10.2323 	EXP 	Created text_2 = TextStim(__class__=<class 'psychopy.visual.text.TextStim'>, alignHoriz=method-wrapper(...), alignText='center', alignVert=method-wrapper(...), anchorHoriz='center', anchorVert='center', antialias=True, autoDraw=False, autoLog=True, bold=False, color=array([1., 1., 1.]), colorSpace='rgb', contrast=1.0, depth=-3.0, draggable=False, flipHoriz=False, flipVert=False, font='Arial', fontFiles=[], height=0.05, italic=False, languageStyle='LTR', name='text_2', opacity=1, ori=0.0, pos=array([0., 0.]), rgb=UNKNOWN, text='<- non-words              words ->', units='height', win=Window(...), wrapWidth=1)
10.2325 	EXP 	window1: mouseVisible = False
10.2414 	EXP 	Created text_3 = TextStim(__class__=<class 'psychopy.visual.text.TextStim'>, alignHoriz=method-wrapper(...), alignText='center', alignVert=method-wrapper(...), anchorHoriz='center', anchorVert='center', antialias=True, autoDraw=False, autoLog=True, bold=False, color=array([1., 1., 1.]), colorSpace='rgb', contrast=1.0, depth=0.0, draggable=False, flipHoriz=False, flipVert=False, font='Arial', fontFiles=[], height=0.05, italic=False, languageStyle='LTR', name='text_3', opacity=1, ori=0.0, pos=array([0., 0.]), rgb=UNKNOWN, text='Thank you for participating!', units='height', win=Window(...), wrapWidth=1)
0.0022 	DATA 	Keypress: space
0.0134 	INFO 	Keyboard events cleared
0.0130 	EXP 	text_4: autoDraw = True
0.8117 	EXP 	Imported conds.xlsx as conditions, 80 conditions, 3 params
0.8125 	EXP 	New trial (rep=0, index=0): <Trial 0 (0 in rep 0) data={'words': 'bopulation', 'number_of_letters': 10, 'corrAns': 'left', 'thisN': 0, 'thisTrialN': 0, 'thisRepN': 0}>
0.8184 	DATA 	Keypress: space
0.8201 	EXP 	text_4: autoDraw = False
0.8201 	EXP 	text: height = 0.05
0.8201 	EXP 	text: height = 0.05
0.8201 	EXP 	text: height = 0.05
0.8201 	EXP 	text: text = 'bopulation'
0.8201 	EXP 	fixation: autoDraw = True
0.8201 	EXP 	text_2: autoDraw = True
1.8166 	INFO 	Keyboard events cleared
1.8162 	EXP 	text: autoDraw = True
1.8323 	EXP 	fixation: autoDraw = False
1.8323 	EXP 	text_2: autoDraw = False
2.7507 	EXP 	New trial (rep=0, index=1): <Trial 1 (1 in rep 0) data={'words': 'population', 'number_of_letters': 10, 'corrAns': 'right', 'thisN': 1, 'thisTrialN': 1, 'thisRepN': 0}>
2.7545 	DATA 	Keypress: left
2.7657 	EXP 	fixation: autoDraw = False
2.7657 	EXP 	text: autoDraw = False
2.7657 	EXP 	text_2: autoDraw = False
2.7657 	EXP 	text: height = 0.05
2.7657 	EXP 	text: height = 0.05
2.7657 	EXP 	text: height = 0.05
2.7657 	EXP 	text: text = 'population'
2.7657 	EXP 	fixation: autoDraw = True
2.7657 	EXP 	text_2: autoDraw = True
3.7666 	INFO 	Keyboard events cleared
3.7661 	EXP 	fixation: autoDraw = False
3.7661 	EXP 	text: autoDraw = True
3.7661 	EXP 	text_2: autoDraw = False
5.9337 	EXP 	New trial (rep=0, index=2): <Trial 2 (2 in rep 0) data={'words': 'compane', 'number_of_letters': 7, 'corrAns': 'left', 'thisN': 2, 'thisTrialN': 2, 'thisRepN': 0}>
5.9385 	DATA 	Keypress: right
5.9492 	EXP 	fixation: autoDraw = False
5.9492 	EXP 	text: autoDraw = False
5.9492 	EXP 	text_2: autoDraw = False
5.9492 	EXP 	text: height = 0.05
5.9492 	EXP 	text: height = 0.05
5.9492 	EXP 	text: height = 0.05
5.9492 	EXP 	text: text = 'compane'
5.9492 	EXP 	fixation: autoDraw = True
5.9492 	EXP 	text_2: autoDraw = True
6.9497 	INFO 	Keyboard events cleared
6.9492 	EXP 	fixation: autoDraw = False
6.9492 	EXP 	text: autoDraw = True
6.9492 	EXP 	text_2: autoDraw = False
7.7010 	DATA 	Keypress: left
7.7168 	EXP 	New trial (rep=0, index=3): <Trial 3 (3 in rep 0) data={'words': 'factor', 'number_of_letters': 6, 'corrAns': 'right', 'thisN': 3, 'thisTrialN': 3, 'thisRepN': 0}>
7.7319 	EXP 	fixation: autoDraw = False
7.7319 	EXP 	text: autoDraw = False
7.7319 	EXP 	text_2: autoDraw = False
7.7319 	EXP 	text: height = 0.05
7.7319 	EXP 	text: height = 0.05
7.7319 	EXP 	text: height = 0.05
7.7319 	EXP 	text: text = 'factor'
7.7319 	EXP 	fixation: autoDraw = True
7.7319 	EXP 	text_2: autoDraw = True
8.7327 	INFO 	Keyboard events cleared
8.7322 	EXP 	fixation: autoDraw = False
8.7322 	EXP 	text: autoDraw = True
8.7322 	EXP 	text_2: autoDraw = False
9.5502 	EXP 	New trial (rep=0, index=4): <Trial 4 (4 in rep 0) data={'words': 'sistem', 'number_of_letters': 6, 'corrAns': 'left', 'thisN': 4, 'thisTrialN': 4, 'thisRepN': 0}>
9.5536 	DATA 	Keypress: right
9.5656 	EXP 	fixation: autoDraw = False
9.5656 	EXP 	text: autoDraw = False
9.5656 	EXP 	text_2: autoDraw = False
9.5656 	EXP 	text: height = 0.05
9.5656 	EXP 	text: height = 0.05
9.5656 	EXP 	text: height = 0.05
9.5656 	EXP 	text: text = 'sistem'
9.5656 	EXP 	fixation: autoDraw = True
9.5656 	EXP 	text_2: autoDraw = True
10.5662 	INFO 	Keyboard events cleared
10.5656 	EXP 	fixation: autoDraw = False
10.5656 	EXP 	text: autoDraw = True
10.5656 	EXP 	text_2: autoDraw = False
12.1331 	EXP 	New trial (rep=0, index=5): <Trial 5 (5 in rep 0) data={'words': 'heur', 'number_of_letters': 4, 'corrAns': 'left', 'thisN': 5, 'thisTrialN': 5, 'thisRepN': 0}>
12.1362 	DATA 	Keypress: left
12.1489 	EXP 	fixation: autoDraw = False
12.1489 	EXP 	text: autoDraw = False
12.1489 	EXP 	text_2: autoDraw = False
12.1489 	EXP 	text: height = 0.05
12.1489 	EXP 	text: height = 0.05
12.1489 	EXP 	text: height = 0.05
12.1489 	EXP 	text: text = 'heur'
12.1489 	EXP 	fixation: autoDraw = True
12.1489 	EXP 	text_2: autoDraw = True
13.1323 	INFO 	Keyboard events cleared
13.1319 	EXP 	text: autoDraw = True
13.1486 	EXP 	fixation: autoDraw = False
13.1486 	EXP 	text_2: autoDraw = False
14.5163 	EXP 	New trial (rep=0, index=6): <Trial 6 (6 in rep 0) data={'words': 'wunt', 'number_of_letters': 4, 'corrAns': 'left', 'thisN': 6, 'thisTrialN': 6, 'thisRepN': 0}>
14.5197 	DATA 	Keypress: left
14.5317 	EXP 	fixation: autoDraw = False
14.5317 	EXP 	text: autoDraw = False
14.5317 	EXP 	text_2: autoDraw = False
14.5317 	EXP 	text: height = 0.05
14.5317 	EXP 	text: height = 0.05
14.5317 	EXP 	text: height = 0.05
14.5317 	EXP 	text: text = 'wunt'
14.5317 	EXP 	fixation: autoDraw = True
14.5317 	EXP 	text_2: autoDraw = True
15.5159 	INFO 	Keyboard events cleared
15.5153 	EXP 	text: autoDraw = True
15.5320 	EXP 	fixation: autoDraw = False
15.5320 	EXP 	text_2: autoDraw = False
16.2828 	EXP 	New trial (rep=0, index=7): <Trial 7 (7 in rep 0) data={'words': 'exberience', 'number_of_letters': 10, 'corrAns': 'left', 'thisN': 7, 'thisTrialN': 7, 'thisRepN': 0}>
16.2883 	DATA 	Keypress: left
16.2987 	EXP 	fixation: autoDraw = False
16.2987 	EXP 	text: autoDraw = False
16.2987 	EXP 	text_2: autoDraw = False
16.2987 	EXP 	text: height = 0.05
16.2987 	EXP 	text: height = 0.05
16.2987 	EXP 	text: height = 0.05
16.2987 	EXP 	text: text = 'exberience'
16.2987 	EXP 	fixation: autoDraw = True
16.2987 	EXP 	text_2: autoDraw = True
17.2825 	INFO 	Keyboard events cleared
17.2819 	EXP 	text: autoDraw = True
17.2986 	EXP 	fixation: autoDraw = False
17.2986 	EXP 	text_2: autoDraw = False
17.9668 	EXP 	New trial (rep=0, index=8): <Trial 8 (8 in rep 0) data={'words': 'mech', 'number_of_letters': 4, 'corrAns': 'left', 'thisN': 8, 'thisTrialN': 8, 'thisRepN': 0}>
17.9709 	DATA 	Keypress: left
17.9820 	EXP 	fixation: autoDraw = False
17.9820 	EXP 	text: autoDraw = False
17.9820 	EXP 	text_2: autoDraw = False
17.9820 	EXP 	text: height = 0.05
17.9820 	EXP 	text: height = 0.05
17.9820 	EXP 	text: height = 0.05
17.9820 	EXP 	text: text = 'mech'
17.9820 	EXP 	fixation: autoDraw = True
17.9820 	EXP 	text_2: autoDraw = True
18.9823 	INFO 	Keyboard events cleared
18.9817 	EXP 	fixation: autoDraw = False
18.9817 	EXP 	text: autoDraw = True
18.9817 	EXP 	text_2: autoDraw = False
19.5827 	EXP 	New trial (rep=0, index=9): <Trial 9 (9 in rep 0) data={'words': 'aboot', 'number_of_letters': 5, 'corrAns': 'left', 'thisN': 9, 'thisTrialN': 9, 'thisRepN': 0}>
19.5861 	DATA 	Keypress: left
19.5983 	EXP 	fixation: autoDraw = False
19.5983 	EXP 	text: autoDraw = False
19.5983 	EXP 	text_2: autoDraw = False
19.5983 	EXP 	text: height = 0.05
19.5983 	EXP 	text: height = 0.05
19.5983 	EXP 	text: height = 0.05
19.5983 	EXP 	text: text = 'aboot'
19.5983 	EXP 	fixation: autoDraw = True
19.5983 	EXP 	text_2: autoDraw = True
20.5987 	INFO 	Keyboard events cleared
20.5983 	EXP 	fixation: autoDraw = False
20.5983 	EXP 	text: autoDraw = True
20.5983 	EXP 	text_2: autoDraw = False
21.1329 	EXP 	New trial (rep=0, index=10): <Trial 10 (10 in rep 0) data={'words': 'new', 'number_of_letters': 3, 'corrAns': 'right', 'thisN': 10, 'thisTrialN': 10, 'thisRepN': 0}>
21.1360 	DATA 	Keypress: left
21.1484 	EXP 	fixation: autoDraw = False
21.1484 	EXP 	text: autoDraw = False
21.1484 	EXP 	text_2: autoDraw = False
21.1484 	EXP 	text: height = 0.05
21.1484 	EXP 	text: height = 0.05
21.1484 	EXP 	text: height = 0.05
21.1484 	EXP 	text: text = 'new'
21.1484 	EXP 	fixation: autoDraw = True
21.1484 	EXP 	text_2: autoDraw = True
22.1323 	INFO 	Keyboard events cleared
22.1317 	EXP 	text: autoDraw = True
22.1485 	EXP 	fixation: autoDraw = False
22.1485 	EXP 	text_2: autoDraw = False
22.8330 	EXP 	New trial (rep=0, index=11): <Trial 11 (11 in rep 0) data={'words': 'ous', 'number_of_letters': 3, 'corrAns': 'left', 'thisN': 11, 'thisTrialN': 11, 'thisRepN': 0}>
22.8361 	DATA 	Keypress: right
22.8484 	EXP 	fixation: autoDraw = False
22.8484 	EXP 	text: autoDraw = False
22.8484 	EXP 	text_2: autoDraw = False
22.8484 	EXP 	text: height = 0.05
22.8484 	EXP 	text: height = 0.05
22.8484 	EXP 	text: height = 0.05
22.8484 	EXP 	text: text = 'ous'
22.8484 	EXP 	fixation: autoDraw = True
22.8484 	EXP 	text_2: autoDraw = True
23.8486 	INFO 	Keyboard events cleared
23.8483 	EXP 	fixation: autoDraw = False
23.8483 	EXP 	text: autoDraw = True
23.8483 	EXP 	text_2: autoDraw = False
24.5164 	EXP 	New trial (rep=0, index=12): <Trial 12 (12 in rep 0) data={'words': 'neu', 'number_of_letters': 3, 'corrAns': 'left', 'thisN': 12, 'thisTrialN': 12, 'thisRepN': 0}>
24.5194 	DATA 	Keypress: left
24.5316 	EXP 	fixation: autoDraw = False
24.5316 	EXP 	text: autoDraw = False
24.5316 	EXP 	text_2: autoDraw = False
24.5316 	EXP 	text: height = 0.05
24.5316 	EXP 	text: height = 0.05
24.5316 	EXP 	text: height = 0.05
24.5316 	EXP 	text: text = 'neu'
24.5316 	EXP 	fixation: autoDraw = True
24.5316 	EXP 	text_2: autoDraw = True
25.5318 	INFO 	Keyboard events cleared
25.5314 	EXP 	fixation: autoDraw = False
25.5314 	EXP 	text: autoDraw = True
25.5314 	EXP 	text_2: autoDraw = False
26.0164 	EXP 	New trial (rep=0, index=13): <Trial 13 (13 in rep 0) data={'words': 'political', 'number_of_letters': 9, 'corrAns': 'right', 'thisN': 13, 'thisTrialN': 13, 'thisRepN': 0}>
26.0207 	DATA 	Keypress: left
26.0312 	EXP 	fixation: autoDraw = False
26.0312 	EXP 	text: autoDraw = False
26.0312 	EXP 	text_2: autoDraw = False
26.0312 	EXP 	text: height = 0.05
26.0312 	EXP 	text: height = 0.05
26.0312 	EXP 	text: height = 0.05
26.0312 	EXP 	text: text = 'political'
26.0312 	EXP 	fixation: autoDraw = True
26.0312 	EXP 	text_2: autoDraw = True
27.0317 	INFO 	Keyboard events cleared
27.0313 	EXP 	fixation: autoDraw = False
27.0313 	EXP 	text: autoDraw = True
27.0313 	EXP 	text_2: autoDraw = False
27.9492 	EXP 	New trial (rep=0, index=14): <Trial 14 (14 in rep 0) data={'words': 'become', 'number_of_letters': 6, 'corrAns': 'right', 'thisN': 14, 'thisTrialN': 14, 'thisRepN': 0}>
27.9527 	DATA 	Keypress: right
27.9646 	EXP 	fixation: autoDraw = False
27.9646 	EXP 	text: autoDraw = False
27.9646 	EXP 	text_2: autoDraw = False
27.9646 	EXP 	text: height = 0.05
27.9646 	EXP 	text: height = 0.05
27.9646 	EXP 	text: height = 0.05
27.9646 	EXP 	text: text = 'become'
27.9646 	EXP 	fixation: autoDraw = True
27.9646 	EXP 	text_2: autoDraw = True
28.9656 	INFO 	Keyboard events cleared
28.9650 	EXP 	fixation: autoDraw = False
28.9650 	EXP 	text: autoDraw = True
28.9650 	EXP 	text_2: autoDraw = False
29.9996 	EXP 	New trial (rep=0, index=15): <Trial 15 (15 in rep 0) data={'words': 'should', 'number_of_letters': 6, 'corrAns': 'right', 'thisN': 15, 'thisTrialN': 15, 'thisRepN': 0}>
30.0030 	DATA 	Keypress: right
30.0148 	EXP 	fixation: autoDraw = False
30.0148 	EXP 	text: autoDraw = False
30.0148 	EXP 	text_2: autoDraw = False
30.0148 	EXP 	text: height = 0.05
30.0148 	EXP 	text: height = 0.05
30.0148 	EXP 	text: height = 0.05
30.0148 	EXP 	text: text = 'should'
30.0148 	EXP 	fixation: autoDraw = True
30.0148 	EXP 	text_2: autoDraw = True
31.0152 	INFO 	Keyboard events cleared
31.0146 	EXP 	fixation: autoDraw = False
31.0146 	EXP 	text: autoDraw = True
31.0146 	EXP 	text_2: autoDraw = False
32.0327 	EXP 	New trial (rep=0, index=16): <Trial 16 (16 in rep 0) data={'words': 'incluting', 'number_of_letters': 9, 'corrAns': 'left', 'thisN': 16, 'thisTrialN': 16, 'thisRepN': 0}>
32.0361 	DATA 	Keypress: right
32.0479 	EXP 	fixation: autoDraw = False
32.0479 	EXP 	text: autoDraw = False
32.0479 	EXP 	text_2: autoDraw = False
32.0479 	EXP 	text: height = 0.05
32.0479 	EXP 	text: height = 0.05
32.0479 	EXP 	text: height = 0.05
32.0479 	EXP 	text: text = 'incluting'
32.0479 	EXP 	fixation: autoDraw = True
32.0479 	EXP 	text_2: autoDraw = True
33.0484 	INFO 	Keyboard events cleared
33.0479 	EXP 	fixation: autoDraw = False
33.0479 	EXP 	text: autoDraw = True
33.0479 	EXP 	text_2: autoDraw = False
34.7990 	EXP 	New trial (rep=0, index=17): <Trial 17 (17 in rep 0) data={'words': 'remember', 'number_of_letters': 8, 'corrAns': 'right', 'thisN': 17, 'thisTrialN': 17, 'thisRepN': 0}>
34.8026 	DATA 	Keypress: left
34.8147 	EXP 	fixation: autoDraw = False
34.8147 	EXP 	text: autoDraw = False
34.8147 	EXP 	text_2: autoDraw = False
34.8147 	EXP 	text: height = 0.05
34.8147 	EXP 	text: height = 0.05
34.8147 	EXP 	text: height = 0.05
34.8147 	EXP 	text: text = 'remember'
34.8147 	EXP 	fixation: autoDraw = True
34.8147 	EXP 	text_2: autoDraw = True
35.8150 	INFO 	Keyboard events cleared
35.8146 	EXP 	fixation: autoDraw = False
35.8146 	EXP 	text: autoDraw = True
35.8146 	EXP 	text_2: autoDraw = False
37.3822 	EXP 	New trial (rep=0, index=18): <Trial 18 (18 in rep 0) data={'words': 'experience', 'number_of_letters': 10, 'corrAns': 'right', 'thisN': 18, 'thisTrialN': 18, 'thisRepN': 0}>
37.3859 	DATA 	Keypress: right
37.3977 	EXP 	fixation: autoDraw = False
37.3977 	EXP 	text: autoDraw = False
37.3977 	EXP 	text_2: autoDraw = False
37.3977 	EXP 	text: height = 0.05
37.3977 	EXP 	text: height = 0.05
37.3977 	EXP 	text: height = 0.05
37.3977 	EXP 	text: text = 'experience'
37.3977 	EXP 	fixation: autoDraw = True
37.3977 	EXP 	text_2: autoDraw = True
38.3985 	INFO 	Keyboard events cleared
38.3979 	EXP 	fixation: autoDraw = False
38.3979 	EXP 	text: autoDraw = True
38.3979 	EXP 	text_2: autoDraw = False
40.0488 	EXP 	New trial (rep=0, index=19): <Trial 19 (19 in rep 0) data={'words': 'research', 'number_of_letters': 8, 'corrAns': 'right', 'thisN': 19, 'thisTrialN': 19, 'thisRepN': 0}>
40.0521 	DATA 	Keypress: right
40.0643 	EXP 	fixation: autoDraw = False
40.0643 	EXP 	text: autoDraw = False
40.0643 	EXP 	text_2: autoDraw = False
40.0643 	EXP 	text: height = 0.05
40.0643 	EXP 	text: height = 0.05
40.0643 	EXP 	text: height = 0.05
40.0643 	EXP 	text: text = 'research'
40.0643 	EXP 	fixation: autoDraw = True
40.0643 	EXP 	text_2: autoDraw = True
41.0649 	INFO 	Keyboard events cleared
41.0644 	EXP 	fixation: autoDraw = False
41.0644 	EXP 	text: autoDraw = True
41.0644 	EXP 	text_2: autoDraw = False
41.9321 	EXP 	New trial (rep=0, index=20): <Trial 20 (20 in rep 0) data={'words': 'for', 'number_of_letters': 3, 'corrAns': 'right', 'thisN': 20, 'thisTrialN': 20, 'thisRepN': 0}>
41.9358 	DATA 	Keypress: right
41.9474 	EXP 	fixation: autoDraw = False
41.9474 	EXP 	text: autoDraw = False
41.9474 	EXP 	text_2: autoDraw = False
41.9474 	EXP 	text: height = 0.05
41.9474 	EXP 	text: height = 0.05
41.9474 	EXP 	text: height = 0.05
41.9474 	EXP 	text: text = 'for'
41.9474 	EXP 	fixation: autoDraw = True
41.9474 	EXP 	text_2: autoDraw = True
42.9480 	INFO 	Keyboard events cleared
42.9475 	EXP 	fixation: autoDraw = False
42.9475 	EXP 	text: autoDraw = True
42.9475 	EXP 	text_2: autoDraw = False
44.3486 	EXP 	New trial (rep=0, index=21): <Trial 21 (21 in rep 0) data={'words': 'question', 'number_of_letters': 8, 'corrAns': 'right', 'thisN': 21, 'thisTrialN': 21, 'thisRepN': 0}>
44.3522 	DATA 	Keypress: right
44.3643 	EXP 	fixation: autoDraw = False
44.3643 	EXP 	text: autoDraw = False
44.3643 	EXP 	text_2: autoDraw = False
44.3643 	EXP 	text: height = 0.05
44.3643 	EXP 	text: height = 0.05
44.3643 	EXP 	text: height = 0.05
44.3643 	EXP 	text: text = 'question'
44.3643 	EXP 	fixation: autoDraw = True
44.3643 	EXP 	text_2: autoDraw = True
45.3644 	INFO 	Keyboard events cleared
45.3639 	EXP 	fixation: autoDraw = False
45.3639 	EXP 	text: autoDraw = True
45.3639 	EXP 	text_2: autoDraw = False
47.8653 	EXP 	New trial (rep=0, index=22): <Trial 22 (22 in rep 0) data={'words': 'theyr', 'number_of_letters': 5, 'corrAns': 'left', 'thisN': 22, 'thisTrialN': 22, 'thisRepN': 0}>
47.8685 	DATA 	Keypress: right
47.8806 	EXP 	fixation: autoDraw = False
47.8806 	EXP 	text: autoDraw = False
47.8806 	EXP 	text_2: autoDraw = False
47.8806 	EXP 	text: height = 0.05
47.8806 	EXP 	text: height = 0.05
47.8806 	EXP 	text: height = 0.05
47.8806 	EXP 	text: text = 'theyr'
47.8806 	EXP 	fixation: autoDraw = True
47.8806 	EXP 	text_2: autoDraw = True
48.8807 	INFO 	Keyboard events cleared
48.8803 	EXP 	fixation: autoDraw = False
48.8803 	EXP 	text: autoDraw = True
48.8803 	EXP 	text_2: autoDraw = False
50.5988 	EXP 	New trial (rep=0, index=23): <Trial 23 (23 in rep 0) data={'words': 'importent', 'number_of_letters': 9, 'corrAns': 'left', 'thisN': 23, 'thisTrialN': 23, 'thisRepN': 0}>
50.6023 	DATA 	Keypress: left
50.6140 	EXP 	fixation: autoDraw = False
50.6140 	EXP 	text: autoDraw = False
50.6140 	EXP 	text_2: autoDraw = False
50.6140 	EXP 	text: height = 0.05
50.6140 	EXP 	text: height = 0.05
50.6140 	EXP 	text: height = 0.05
50.6140 	EXP 	text: text = 'importent'
50.6140 	EXP 	fixation: autoDraw = True
50.6140 	EXP 	text_2: autoDraw = True
51.6144 	INFO 	Keyboard events cleared
51.6138 	EXP 	fixation: autoDraw = False
51.6138 	EXP 	text: autoDraw = True
51.6138 	EXP 	text_2: autoDraw = False
52.9985 	EXP 	New trial (rep=0, index=24): <Trial 24 (24 in rep 0) data={'words': 'out', 'number_of_letters': 3, 'corrAns': 'right', 'thisN': 24, 'thisTrialN': 24, 'thisRepN': 0}>
53.0017 	DATA 	Keypress: left
53.0138 	EXP 	fixation: autoDraw = False
53.0138 	EXP 	text: autoDraw = False
53.0138 	EXP 	text_2: autoDraw = False
53.0138 	EXP 	text: height = 0.05
53.0138 	EXP 	text: height = 0.05
53.0138 	EXP 	text: height = 0.05
53.0138 	EXP 	text: text = 'out'
53.0138 	EXP 	fixation: autoDraw = True
53.0138 	EXP 	text_2: autoDraw = True
54.0139 	INFO 	Keyboard events cleared
54.0135 	EXP 	fixation: autoDraw = False
54.0135 	EXP 	text: autoDraw = True
54.0135 	EXP 	text_2: autoDraw = False
57.7810 	EXP 	New trial (rep=0, index=25): <Trial 25 (25 in rep 0) data={'words': 'whicb', 'number_of_letters': 5, 'corrAns': 'left', 'thisN': 25, 'thisTrialN': 25, 'thisRepN': 0}>
57.7847 	DATA 	Keypress: right
57.7966 	EXP 	fixation: autoDraw = False
57.7966 	EXP 	text: autoDraw = False
57.7966 	EXP 	text_2: autoDraw = False
57.7966 	EXP 	text: height = 0.05
57.7966 	EXP 	text: height = 0.05
57.7966 	EXP 	text: height = 0.05
57.7966 	EXP 	text: text = 'whicb'
57.7966 	EXP 	fixation: autoDraw = True
57.7966 	EXP 	text_2: autoDraw = True
58.7808 	INFO 	Keyboard events cleared
58.7802 	EXP 	text: autoDraw = True
58.7971 	EXP 	fixation: autoDraw = False
58.7971 	EXP 	text_2: autoDraw = False
59.9162 	DATA 	Keypress: right
59.9311 	EXP 	New trial (rep=0, index=26): <Trial 26 (26 in rep 0) data={'words': 'lipe', 'number_of_letters': 4, 'corrAns': 'left', 'thisN': 26, 'thisTrialN': 26, 'thisRepN': 0}>
59.9469 	EXP 	fixation: autoDraw = False
59.9469 	EXP 	text: autoDraw = False
59.9469 	EXP 	text_2: autoDraw = False
59.9469 	EXP 	text: height = 0.05
59.9469 	EXP 	text: height = 0.05
59.9469 	EXP 	text: height = 0.05
59.9469 	EXP 	text: text = 'lipe'
59.9469 	EXP 	fixation: autoDraw = True
59.9469 	EXP 	text_2: autoDraw = True
60.9306 	INFO 	Keyboard events cleared
60.9300 	EXP 	text: autoDraw = True
60.9468 	EXP 	fixation: autoDraw = False
60.9468 	EXP 	text_2: autoDraw = False
62.3480 	EXP 	New trial (rep=0, index=27): <Trial 27 (27 in rep 0) data={'words': 'anything', 'number_of_letters': 8, 'corrAns': 'right', 'thisN': 27, 'thisTrialN': 27, 'thisRepN': 0}>
62.3515 	DATA 	Keypress: left
62.3635 	EXP 	fixation: autoDraw = False
62.3635 	EXP 	text: autoDraw = False
62.3635 	EXP 	text_2: autoDraw = False
62.3635 	EXP 	text: height = 0.05
62.3635 	EXP 	text: height = 0.05
62.3635 	EXP 	text: height = 0.05
62.3635 	EXP 	text: text = 'anything'
62.3635 	EXP 	fixation: autoDraw = True
62.3635 	EXP 	text_2: autoDraw = True
63.3641 	INFO 	Keyboard events cleared
63.3634 	EXP 	fixation: autoDraw = False
63.3634 	EXP 	text: autoDraw = True
63.3634 	EXP 	text_2: autoDraw = False
64.0310 	EXP 	New trial (rep=0, index=28): <Trial 28 (28 in rep 0) data={'words': 'their', 'number_of_letters': 5, 'corrAns': 'right', 'thisN': 28, 'thisTrialN': 28, 'thisRepN': 0}>
64.0340 	DATA 	Keypress: right
64.0465 	EXP 	fixation: autoDraw = False
64.0465 	EXP 	text: autoDraw = False
64.0465 	EXP 	text_2: autoDraw = False
64.0465 	EXP 	text: height = 0.05
64.0465 	EXP 	text: height = 0.05
64.0465 	EXP 	text: height = 0.05
64.0465 	EXP 	text: text = 'their'
64.0465 	EXP 	fixation: autoDraw = True
64.0465 	EXP 	text_2: autoDraw = True
65.0471 	INFO 	Keyboard events cleared
65.0465 	EXP 	fixation: autoDraw = False
65.0465 	EXP 	text: autoDraw = True
65.0465 	EXP 	text_2: autoDraw = False
66.1812 	EXP 	New trial (rep=0, index=29): <Trial 29 (29 in rep 0) data={'words': 'different', 'number_of_letters': 9, 'corrAns': 'right', 'thisN': 29, 'thisTrialN': 29, 'thisRepN': 0}>
66.1846 	DATA 	Keypress: right
66.1966 	EXP 	fixation: autoDraw = False
66.1966 	EXP 	text: autoDraw = False
66.1966 	EXP 	text_2: autoDraw = False
66.1966 	EXP 	text: height = 0.05
66.1966 	EXP 	text: height = 0.05
66.1966 	EXP 	text: height = 0.05
66.1966 	EXP 	text: text = 'different'
66.1966 	EXP 	fixation: autoDraw = True
66.1966 	EXP 	text_2: autoDraw = True
67.1974 	INFO 	Keyboard events cleared
67.1967 	EXP 	fixation: autoDraw = False
67.1967 	EXP 	text: autoDraw = True
67.1967 	EXP 	text_2: autoDraw = False
70.2480 	EXP 	New trial (rep=0, index=30): <Trial 30 (30 in rep 0) data={'words': 'pesearch', 'number_of_letters': 8, 'corrAns': 'left', 'thisN': 30, 'thisTrialN': 30, 'thisRepN': 0}>
70.2525 	DATA 	Keypress: right
70.2630 	EXP 	fixation: autoDraw = False
70.2630 	EXP 	text: autoDraw = False
70.2630 	EXP 	text_2: autoDraw = False
70.2630 	EXP 	text: height = 0.05
70.2630 	EXP 	text: height = 0.05
70.2630 	EXP 	text: height = 0.05
70.2630 	EXP 	text: text = 'pesearch'
70.2630 	EXP 	fixation: autoDraw = True
70.2630 	EXP 	text_2: autoDraw = True
71.2634 	INFO 	Keyboard events cleared
71.2629 	EXP 	fixation: autoDraw = False
71.2629 	EXP 	text: autoDraw = True
71.2629 	EXP 	text_2: autoDraw = False
72.4482 	EXP 	New trial (rep=0, index=31): <Trial 31 (31 in rep 0) data={'words': 'fector', 'number_of_letters': 6, 'corrAns': 'left', 'thisN': 31, 'thisTrialN': 31, 'thisRepN': 0}>
72.4525 	DATA 	Keypress: left
72.4631 	EXP 	fixation: autoDraw = False
72.4631 	EXP 	text: autoDraw = False
72.4631 	EXP 	text_2: autoDraw = False
72.4631 	EXP 	text: height = 0.05
72.4631 	EXP 	text: height = 0.05
72.4631 	EXP 	text: height = 0.05
72.4631 	EXP 	text: text = 'fector'
72.4631 	EXP 	fixation: autoDraw = True
72.4631 	EXP 	text_2: autoDraw = True
73.4637 	INFO 	Keyboard events cleared
73.4631 	EXP 	fixation: autoDraw = False
73.4631 	EXP 	text: autoDraw = True
73.4631 	EXP 	text_2: autoDraw = False
74.9141 	EXP 	New trial (rep=0, index=32): <Trial 32 (32 in rep 0) data={'words': 'bedween', 'number_of_letters': 7, 'corrAns': 'left', 'thisN': 32, 'thisTrialN': 32, 'thisRepN': 0}>
74.9178 	DATA 	Keypress: left
74.9293 	EXP 	fixation: autoDraw = False
74.9293 	EXP 	text: autoDraw = False
74.9293 	EXP 	text_2: autoDraw = False
74.9293 	EXP 	text: height = 0.05
74.9293 	EXP 	text: height = 0.05
74.9293 	EXP 	text: height = 0.05
74.9293 	EXP 	text: text = 'bedween'
74.9293 	EXP 	fixation: autoDraw = True
74.9293 	EXP 	text_2: autoDraw = True
75.9297 	INFO 	Keyboard events cleared
75.9292 	EXP 	fixation: autoDraw = False
75.9292 	EXP 	text: autoDraw = True
75.9292 	EXP 	text_2: autoDraw = False
76.9644 	EXP 	New trial (rep=0, index=33): <Trial 33 (33 in rep 0) data={'words': 'system', 'number_of_letters': 6, 'corrAns': 'right', 'thisN': 33, 'thisTrialN': 33, 'thisRepN': 0}>
76.9702 	DATA 	Keypress: left
76.9792 	EXP 	fixation: autoDraw = False
76.9792 	EXP 	text: autoDraw = False
76.9792 	EXP 	text_2: autoDraw = False
76.9792 	EXP 	text: height = 0.05
76.9792 	EXP 	text: height = 0.05
76.9792 	EXP 	text: height = 0.05
76.9792 	EXP 	text: text = 'system'
76.9792 	EXP 	fixation: autoDraw = True
76.9792 	EXP 	text_2: autoDraw = True
77.9797 	INFO 	Keyboard events cleared
77.9791 	EXP 	fixation: autoDraw = False
77.9791 	EXP 	text: autoDraw = True
77.9791 	EXP 	text_2: autoDraw = False
78.9981 	EXP 	New trial (rep=0, index=34): <Trial 34 (34 in rep 0) data={'words': 'program', 'number_of_letters': 7, 'corrAns': 'right', 'thisN': 34, 'thisTrialN': 34, 'thisRepN': 0}>
79.0033 	DATA 	Keypress: right
79.0127 	EXP 	fixation: autoDraw = False
79.0127 	EXP 	text: autoDraw = False
79.0127 	EXP 	text_2: autoDraw = False
79.0127 	EXP 	text: height = 0.05
79.0127 	EXP 	text: height = 0.05
79.0127 	EXP 	text: height = 0.05
79.0127 	EXP 	text: text = 'program'
79.0127 	EXP 	fixation: autoDraw = True
79.0127 	EXP 	text_2: autoDraw = True
80.0132 	INFO 	Keyboard events cleared
80.0127 	EXP 	fixation: autoDraw = False
80.0127 	EXP 	text: autoDraw = True
80.0127 	EXP 	text_2: autoDraw = False
82.2477 	EXP 	New trial (rep=0, index=35): <Trial 35 (35 in rep 0) data={'words': 'countey', 'number_of_letters': 7, 'corrAns': 'left', 'thisN': 35, 'thisTrialN': 35, 'thisRepN': 0}>
82.2522 	DATA 	Keypress: right
82.2628 	EXP 	fixation: autoDraw = False
82.2628 	EXP 	text: autoDraw = False
82.2628 	EXP 	text_2: autoDraw = False
82.2628 	EXP 	text: height = 0.05
82.2628 	EXP 	text: height = 0.05
82.2628 	EXP 	text: height = 0.05
82.2628 	EXP 	text: text = 'countey'
82.2628 	EXP 	fixation: autoDraw = True
82.2628 	EXP 	text_2: autoDraw = True
83.2631 	INFO 	Keyboard events cleared
83.2626 	EXP 	fixation: autoDraw = False
83.2626 	EXP 	text: autoDraw = True
83.2626 	EXP 	text_2: autoDraw = False
87.3803 	EXP 	New trial (rep=0, index=36): <Trial 36 (36 in rep 0) data={'words': 'which', 'number_of_letters': 5, 'corrAns': 'right', 'thisN': 36, 'thisTrialN': 36, 'thisRepN': 0}>
87.3834 	DATA 	Keypress: left
87.3955 	EXP 	fixation: autoDraw = False
87.3955 	EXP 	text: autoDraw = False
87.3955 	EXP 	text_2: autoDraw = False
87.3955 	EXP 	text: height = 0.05
87.3955 	EXP 	text: height = 0.05
87.3955 	EXP 	text: height = 0.05
87.3955 	EXP 	text: text = 'which'
87.3955 	EXP 	fixation: autoDraw = True
87.3955 	EXP 	text_2: autoDraw = True
88.3961 	INFO 	Keyboard events cleared
88.3956 	EXP 	fixation: autoDraw = False
88.3956 	EXP 	text: autoDraw = True
88.3956 	EXP 	text_2: autoDraw = False
90.9803 	EXP 	New trial (rep=0, index=37): <Trial 37 (37 in rep 0) data={'words': 'could', 'number_of_letters': 5, 'corrAns': 'right', 'thisN': 37, 'thisTrialN': 37, 'thisRepN': 0}>
90.9848 	DATA 	Keypress: right
90.9954 	EXP 	fixation: autoDraw = False
90.9954 	EXP 	text: autoDraw = False
90.9954 	EXP 	text_2: autoDraw = False
90.9954 	EXP 	text: height = 0.05
90.9954 	EXP 	text: height = 0.05
90.9954 	EXP 	text: height = 0.05
90.9954 	EXP 	text: text = 'could'
90.9954 	EXP 	fixation: autoDraw = True
90.9954 	EXP 	text_2: autoDraw = True
91.9959 	INFO 	Keyboard events cleared
91.9953 	EXP 	fixation: autoDraw = False
91.9953 	EXP 	text: autoDraw = True
91.9953 	EXP 	text_2: autoDraw = False
92.6798 	EXP 	New trial (rep=0, index=38): <Trial 38 (38 in rep 0) data={'words': 'tochnology', 'number_of_letters': 10, 'corrAns': 'left', 'thisN': 38, 'thisTrialN': 38, 'thisRepN': 0}>
92.6834 	DATA 	Keypress: right
92.6953 	EXP 	fixation: autoDraw = False
92.6953 	EXP 	text: autoDraw = False
92.6953 	EXP 	text_2: autoDraw = False
92.6953 	EXP 	text: height = 0.05
92.6953 	EXP 	text: height = 0.05
92.6953 	EXP 	text: height = 0.05
92.6953 	EXP 	text: text = 'tochnology'
92.6953 	EXP 	fixation: autoDraw = True
92.6953 	EXP 	text_2: autoDraw = True
93.6958 	INFO 	Keyboard events cleared
93.6953 	EXP 	fixation: autoDraw = False
93.6953 	EXP 	text: autoDraw = True
93.6953 	EXP 	text_2: autoDraw = False
95.3470 	EXP 	New trial (rep=0, index=39): <Trial 39 (39 in rep 0) data={'words': 'including', 'number_of_letters': 9, 'corrAns': 'right', 'thisN': 39, 'thisTrialN': 39, 'thisRepN': 0}>
95.3505 	DATA 	Keypress: left
95.3619 	EXP 	fixation: autoDraw = False
95.3619 	EXP 	text: autoDraw = False
95.3619 	EXP 	text_2: autoDraw = False
95.3619 	EXP 	text: height = 0.05
95.3619 	EXP 	text: height = 0.05
95.3619 	EXP 	text: height = 0.05
95.3619 	EXP 	text: text = 'including'
95.3619 	EXP 	fixation: autoDraw = True
95.3619 	EXP 	text_2: autoDraw = True
96.3624 	INFO 	Keyboard events cleared
96.3619 	EXP 	fixation: autoDraw = False
96.3619 	EXP 	text: autoDraw = True
96.3619 	EXP 	text_2: autoDraw = False
98.8147 	DATA 	Keypress: right
98.8297 	EXP 	New trial (rep=0, index=40): <Trial 40 (40 in rep 0) data={'words': 'thenk', 'number_of_letters': 5, 'corrAns': 'left', 'thisN': 40, 'thisTrialN': 40, 'thisRepN': 0}>
98.8453 	EXP 	fixation: autoDraw = False
98.8453 	EXP 	text: autoDraw = False
98.8453 	EXP 	text_2: autoDraw = False
98.8453 	EXP 	text: height = 0.05
98.8453 	EXP 	text: height = 0.05
98.8453 	EXP 	text: height = 0.05
98.8453 	EXP 	text: text = 'thenk'
98.8453 	EXP 	fixation: autoDraw = True
98.8453 	EXP 	text_2: autoDraw = True
99.8454 	INFO 	Keyboard events cleared
99.8449 	EXP 	fixation: autoDraw = False
99.8449 	EXP 	text: autoDraw = True
99.8449 	EXP 	text_2: autoDraw = False
100.5295 	EXP 	New trial (rep=0, index=41): <Trial 41 (41 in rep 0) data={'words': 'secade', 'number_of_letters': 6, 'corrAns': 'left', 'thisN': 41, 'thisTrialN': 41, 'thisRepN': 0}>
100.5330 	DATA 	Keypress: left
100.5449 	EXP 	fixation: autoDraw = False
100.5449 	EXP 	text: autoDraw = False
100.5449 	EXP 	text_2: autoDraw = False
100.5449 	EXP 	text: height = 0.05
100.5449 	EXP 	text: height = 0.05
100.5449 	EXP 	text: height = 0.05
100.5449 	EXP 	text: text = 'secade'
100.5449 	EXP 	fixation: autoDraw = True
100.5449 	EXP 	text_2: autoDraw = True
101.5456 	INFO 	Keyboard events cleared
101.5451 	EXP 	fixation: autoDraw = False
101.5451 	EXP 	text: autoDraw = True
101.5451 	EXP 	text_2: autoDraw = False
102.3631 	EXP 	New trial (rep=0, index=42): <Trial 42 (42 in rep 0) data={'words': 'pregram', 'number_of_letters': 7, 'corrAns': 'left', 'thisN': 42, 'thisTrialN': 42, 'thisRepN': 0}>
102.3664 	DATA 	Keypress: left
102.3783 	EXP 	fixation: autoDraw = False
102.3783 	EXP 	text: autoDraw = False
102.3783 	EXP 	text_2: autoDraw = False
102.3783 	EXP 	text: height = 0.05
102.3783 	EXP 	text: height = 0.05
102.3783 	EXP 	text: height = 0.05
102.3783 	EXP 	text: text = 'pregram'
102.3783 	EXP 	fixation: autoDraw = True
102.3783 	EXP 	text_2: autoDraw = True
103.3788 	INFO 	Keyboard events cleared
103.3782 	EXP 	fixation: autoDraw = False
103.3782 	EXP 	text: autoDraw = True
103.3782 	EXP 	text_2: autoDraw = False
104.2126 	EXP 	New trial (rep=0, index=43): <Trial 43 (43 in rep 0) data={'words': 'quesdion', 'number_of_letters': 8, 'corrAns': 'left', 'thisN': 43, 'thisTrialN': 43, 'thisRepN': 0}>
104.2163 	DATA 	Keypress: left
104.2281 	EXP 	fixation: autoDraw = False
104.2281 	EXP 	text: autoDraw = False
104.2281 	EXP 	text_2: autoDraw = False
104.2281 	EXP 	text: height = 0.05
104.2281 	EXP 	text: height = 0.05
104.2281 	EXP 	text: height = 0.05
104.2281 	EXP 	text: text = 'quesdion'
104.2281 	EXP 	fixation: autoDraw = True
104.2281 	EXP 	text_2: autoDraw = True
105.2123 	INFO 	Keyboard events cleared
105.2117 	EXP 	text: autoDraw = True
105.2282 	EXP 	fixation: autoDraw = False
105.2282 	EXP 	text_2: autoDraw = False
105.7981 	EXP 	New trial (rep=0, index=44): <Trial 44 (44 in rep 0) data={'words': 'technology', 'number_of_letters': 10, 'corrAns': 'right', 'thisN': 44, 'thisTrialN': 44, 'thisRepN': 0}>
105.8068 	DATA 	Keypress: left
105.8117 	EXP 	fixation: autoDraw = False
105.8117 	EXP 	text: autoDraw = False
105.8117 	EXP 	text_2: autoDraw = False
105.8117 	EXP 	text: height = 0.05
105.8117 	EXP 	text: height = 0.05
105.8117 	EXP 	text: height = 0.05
105.8117 	EXP 	text: text = 'technology'
105.8117 	EXP 	fixation: autoDraw = True
105.8117 	EXP 	text_2: autoDraw = True
106.8123 	INFO 	Keyboard events cleared
106.8115 	EXP 	fixation: autoDraw = False
106.8115 	EXP 	text: autoDraw = True
106.8115 	EXP 	text_2: autoDraw = False
107.7297 	EXP 	New trial (rep=0, index=45): <Trial 45 (45 in rep 0) data={'words': 'about', 'number_of_letters': 5, 'corrAns': 'right', 'thisN': 45, 'thisTrialN': 45, 'thisRepN': 0}>
107.7342 	DATA 	Keypress: right
107.7447 	EXP 	fixation: autoDraw = False
107.7447 	EXP 	text: autoDraw = False
107.7447 	EXP 	text_2: autoDraw = False
107.7447 	EXP 	text: height = 0.05
107.7447 	EXP 	text: height = 0.05
107.7447 	EXP 	text: height = 0.05
107.7447 	EXP 	text: text = 'about'
107.7447 	EXP 	fixation: autoDraw = True
107.7447 	EXP 	text_2: autoDraw = True
108.7451 	INFO 	Keyboard events cleared
108.7446 	EXP 	fixation: autoDraw = False
108.7446 	EXP 	text: autoDraw = True
108.7446 	EXP 	text_2: autoDraw = False
110.1960 	EXP 	New trial (rep=0, index=46): <Trial 46 (46 in rep 0) data={'words': 'company', 'number_of_letters': 7, 'corrAns': 'right', 'thisN': 46, 'thisTrialN': 46, 'thisRepN': 0}>
110.1996 	DATA 	Keypress: right
110.2114 	EXP 	fixation: autoDraw = False
110.2114 	EXP 	text: autoDraw = False
110.2114 	EXP 	text_2: autoDraw = False
110.2114 	EXP 	text: height = 0.05
110.2114 	EXP 	text: height = 0.05
110.2114 	EXP 	text: height = 0.05
110.2114 	EXP 	text: text = 'company'
110.2114 	EXP 	fixation: autoDraw = True
110.2114 	EXP 	text_2: autoDraw = True
111.2115 	INFO 	Keyboard events cleared
111.2110 	EXP 	fixation: autoDraw = False
111.2110 	EXP 	text: autoDraw = True
111.2110 	EXP 	text_2: autoDraw = False
112.1959 	EXP 	New trial (rep=0, index=47): <Trial 47 (47 in rep 0) data={'words': 'becone', 'number_of_letters': 6, 'corrAns': 'left', 'thisN': 47, 'thisTrialN': 47, 'thisRepN': 0}>
112.1994 	DATA 	Keypress: right
112.2113 	EXP 	fixation: autoDraw = False
112.2113 	EXP 	text: autoDraw = False
112.2113 	EXP 	text_2: autoDraw = False
112.2113 	EXP 	text: height = 0.05
112.2113 	EXP 	text: height = 0.05
112.2113 	EXP 	text: height = 0.05
112.2113 	EXP 	text: text = 'becone'
112.2113 	EXP 	fixation: autoDraw = True
112.2113 	EXP 	text_2: autoDraw = True
113.2120 	INFO 	Keyboard events cleared
113.2114 	EXP 	fixation: autoDraw = False
113.2114 	EXP 	text: autoDraw = True
113.2114 	EXP 	text_2: autoDraw = False
114.6467 	EXP 	New trial (rep=0, index=48): <Trial 48 (48 in rep 0) data={'words': 'anythink', 'number_of_letters': 8, 'corrAns': 'left', 'thisN': 48, 'thisTrialN': 48, 'thisRepN': 0}>
114.6500 	DATA 	Keypress: left
114.6612 	EXP 	fixation: autoDraw = False
114.6612 	EXP 	text: autoDraw = False
114.6612 	EXP 	text_2: autoDraw = False
114.6612 	EXP 	text: height = 0.05
114.6612 	EXP 	text: height = 0.05
114.6612 	EXP 	text: height = 0.05
114.6612 	EXP 	text: text = 'anythink'
114.6612 	EXP 	fixation: autoDraw = True
114.6612 	EXP 	text_2: autoDraw = True
115.6616 	INFO 	Keyboard events cleared
115.6612 	EXP 	fixation: autoDraw = False
115.6612 	EXP 	text: autoDraw = True
115.6612 	EXP 	text_2: autoDraw = False
120.0123 	EXP 	New trial (rep=0, index=49): <Trial 49 (49 in rep 0) data={'words': 'between', 'number_of_letters': 7, 'corrAns': 'right', 'thisN': 49, 'thisTrialN': 49, 'thisRepN': 0}>
120.0170 	DATA 	Keypress: left
120.0274 	EXP 	fixation: autoDraw = False
120.0274 	EXP 	text: autoDraw = False
120.0274 	EXP 	text_2: autoDraw = False
120.0274 	EXP 	text: height = 0.05
120.0274 	EXP 	text: height = 0.05
120.0274 	EXP 	text: height = 0.05
120.0274 	EXP 	text: text = 'between'
120.0274 	EXP 	fixation: autoDraw = True
120.0274 	EXP 	text_2: autoDraw = True
121.0281 	INFO 	Keyboard events cleared
121.0274 	EXP 	fixation: autoDraw = False
121.0274 	EXP 	text: autoDraw = True
121.0274 	EXP 	text_2: autoDraw = False
124.6617 	EXP 	New trial (rep=0, index=50): <Trial 50 (50 in rep 0) data={'words': 'line', 'number_of_letters': 4, 'corrAns': 'right', 'thisN': 50, 'thisTrialN': 50, 'thisRepN': 0}>
124.6649 	DATA 	Keypress: right
124.6770 	EXP 	fixation: autoDraw = False
124.6770 	EXP 	text: autoDraw = False
124.6770 	EXP 	text_2: autoDraw = False
124.6770 	EXP 	text: height = 0.05
124.6770 	EXP 	text: height = 0.05
124.6770 	EXP 	text: height = 0.05
124.6770 	EXP 	text: text = 'line'
124.6770 	EXP 	fixation: autoDraw = True
124.6770 	EXP 	text_2: autoDraw = True
125.6774 	INFO 	Keyboard events cleared
125.6771 	EXP 	fixation: autoDraw = False
125.6771 	EXP 	text: autoDraw = True
125.6771 	EXP 	text_2: autoDraw = False
126.3628 	EXP 	New trial (rep=0, index=51): <Trial 51 (51 in rep 0) data={'words': 'important', 'number_of_letters': 9, 'corrAns': 'right', 'thisN': 51, 'thisTrialN': 51, 'thisRepN': 0}>
126.3672 	DATA 	Keypress: right
126.3774 	EXP 	fixation: autoDraw = False
126.3774 	EXP 	text: autoDraw = False
126.3774 	EXP 	text_2: autoDraw = False
126.3774 	EXP 	text: height = 0.05
126.3774 	EXP 	text: height = 0.05
126.3774 	EXP 	text: height = 0.05
126.3774 	EXP 	text: text = 'important'
126.3774 	EXP 	fixation: autoDraw = True
126.3774 	EXP 	text_2: autoDraw = True
127.3777 	INFO 	Keyboard events cleared
127.3773 	EXP 	fixation: autoDraw = False
127.3773 	EXP 	text: autoDraw = True
127.3773 	EXP 	text_2: autoDraw = False
127.9950 	EXP 	New trial (rep=0, index=52): <Trial 52 (52 in rep 0) data={'words': 'courd', 'number_of_letters': 5, 'corrAns': 'left', 'thisN': 52, 'thisTrialN': 52, 'thisRepN': 0}>
127.9983 	DATA 	Keypress: right
128.0106 	EXP 	fixation: autoDraw = False
128.0106 	EXP 	text: autoDraw = False
128.0106 	EXP 	text_2: autoDraw = False
128.0106 	EXP 	text: height = 0.05
128.0106 	EXP 	text: height = 0.05
128.0106 	EXP 	text: height = 0.05
128.0106 	EXP 	text: text = 'courd'
128.0106 	EXP 	fixation: autoDraw = True
128.0106 	EXP 	text_2: autoDraw = True
129.0110 	INFO 	Keyboard events cleared
129.0105 	EXP 	fixation: autoDraw = False
129.0105 	EXP 	text: autoDraw = True
129.0105 	EXP 	text_2: autoDraw = False
129.7280 	EXP 	New trial (rep=0, index=53): <Trial 53 (53 in rep 0) data={'words': 'eferything', 'number_of_letters': 10, 'corrAns': 'left', 'thisN': 53, 'thisTrialN': 53, 'thisRepN': 0}>
129.7319 	DATA 	Keypress: left
129.7436 	EXP 	fixation: autoDraw = False
129.7436 	EXP 	text: autoDraw = False
129.7436 	EXP 	text_2: autoDraw = False
129.7436 	EXP 	text: height = 0.05
129.7436 	EXP 	text: height = 0.05
129.7436 	EXP 	text: height = 0.05
129.7436 	EXP 	text: text = 'eferything'
129.7436 	EXP 	fixation: autoDraw = True
129.7436 	EXP 	text_2: autoDraw = True
130.7278 	INFO 	Keyboard events cleared
130.7273 	EXP 	text: autoDraw = True
130.7442 	EXP 	fixation: autoDraw = False
130.7442 	EXP 	text_2: autoDraw = False
131.8620 	EXP 	New trial (rep=0, index=54): <Trial 54 (54 in rep 0) data={'words': 'hour', 'number_of_letters': 4, 'corrAns': 'right', 'thisN': 54, 'thisTrialN': 54, 'thisRepN': 0}>
131.8656 	DATA 	Keypress: left
131.8770 	EXP 	fixation: autoDraw = False
131.8770 	EXP 	text: autoDraw = False
131.8770 	EXP 	text_2: autoDraw = False
131.8770 	EXP 	text: height = 0.05
131.8770 	EXP 	text: height = 0.05
131.8770 	EXP 	text: height = 0.05
131.8770 	EXP 	text: text = 'hour'
131.8770 	EXP 	fixation: autoDraw = True
131.8770 	EXP 	text_2: autoDraw = True
132.8773 	INFO 	Keyboard events cleared
132.8768 	EXP 	fixation: autoDraw = False
132.8768 	EXP 	text: autoDraw = True
132.8768 	EXP 	text_2: autoDraw = False
134.5118 	EXP 	New trial (rep=0, index=55): <Trial 55 (55 in rep 0) data={'words': 'country', 'number_of_letters': 7, 'corrAns': 'right', 'thisN': 55, 'thisTrialN': 55, 'thisRepN': 0}>
134.5151 	DATA 	Keypress: right
134.5269 	EXP 	fixation: autoDraw = False
134.5269 	EXP 	text: autoDraw = False
134.5269 	EXP 	text_2: autoDraw = False
134.5269 	EXP 	text: height = 0.05
134.5269 	EXP 	text: height = 0.05
134.5269 	EXP 	text: height = 0.05
134.5269 	EXP 	text: text = 'country'
134.5269 	EXP 	fixation: autoDraw = True
134.5269 	EXP 	text_2: autoDraw = True
135.5275 	INFO 	Keyboard events cleared
135.5269 	EXP 	fixation: autoDraw = False
135.5269 	EXP 	text: autoDraw = True
135.5269 	EXP 	text_2: autoDraw = False
136.1792 	EXP 	New trial (rep=0, index=56): <Trial 56 (56 in rep 0) data={'words': 'beliefe', 'number_of_letters': 7, 'corrAns': 'left', 'thisN': 56, 'thisTrialN': 56, 'thisRepN': 0}>
136.1884 	DATA 	Keypress: right
136.1937 	EXP 	fixation: autoDraw = False
136.1937 	EXP 	text: autoDraw = False
136.1937 	EXP 	text_2: autoDraw = False
136.1937 	EXP 	text: height = 0.05
136.1937 	EXP 	text: height = 0.05
136.1937 	EXP 	text: height = 0.05
136.1937 	EXP 	text: text = 'beliefe'
136.1937 	EXP 	fixation: autoDraw = True
136.1937 	EXP 	text_2: autoDraw = True
137.1940 	INFO 	Keyboard events cleared
137.1935 	EXP 	fixation: autoDraw = False
137.1935 	EXP 	text: autoDraw = True
137.1935 	EXP 	text_2: autoDraw = False
137.9292 	EXP 	New trial (rep=0, index=57): <Trial 57 (57 in rep 0) data={'words': 'decade', 'number_of_letters': 6, 'corrAns': 'right', 'thisN': 57, 'thisTrialN': 57, 'thisRepN': 0}>
137.9355 	DATA 	Keypress: left
137.9436 	EXP 	fixation: autoDraw = False
137.9436 	EXP 	text: autoDraw = False
137.9436 	EXP 	text_2: autoDraw = False
137.9436 	EXP 	text: height = 0.05
137.9436 	EXP 	text: height = 0.05
137.9436 	EXP 	text: height = 0.05
137.9436 	EXP 	text: text = 'decade'
137.9436 	EXP 	fixation: autoDraw = True
137.9436 	EXP 	text_2: autoDraw = True
138.9444 	INFO 	Keyboard events cleared
138.9437 	EXP 	fixation: autoDraw = False
138.9437 	EXP 	text: autoDraw = True
138.9437 	EXP 	text_2: autoDraw = False
139.4301 	DATA 	Keypress: left
139.4451 	EXP 	New trial (rep=0, index=58): <Trial 58 (58 in rep 0) data={'words': 'pofitical', 'number_of_letters': 9, 'corrAns': 'left', 'thisN': 58, 'thisTrialN': 58, 'thisRepN': 0}>
139.4603 	EXP 	fixation: autoDraw = False
139.4603 	EXP 	text: autoDraw = False
139.4603 	EXP 	text_2: autoDraw = False
139.4603 	EXP 	text: height = 0.05
139.4603 	EXP 	text: height = 0.05
139.4603 	EXP 	text: height = 0.05
139.4603 	EXP 	text: text = 'pofitical'
139.4603 	EXP 	fixation: autoDraw = True
139.4603 	EXP 	text_2: autoDraw = True
140.4609 	INFO 	Keyboard events cleared
140.4603 	EXP 	fixation: autoDraw = False
140.4603 	EXP 	text: autoDraw = True
140.4603 	EXP 	text_2: autoDraw = False
141.0280 	EXP 	New trial (rep=0, index=59): <Trial 59 (59 in rep 0) data={'words': 'fot', 'number_of_letters': 3, 'corrAns': 'left', 'thisN': 59, 'thisTrialN': 59, 'thisRepN': 0}>
141.0310 	DATA 	Keypress: right
141.0436 	EXP 	fixation: autoDraw = False
141.0436 	EXP 	text: autoDraw = False
141.0436 	EXP 	text_2: autoDraw = False
141.0436 	EXP 	text: height = 0.05
141.0436 	EXP 	text: height = 0.05
141.0436 	EXP 	text: height = 0.05
141.0436 	EXP 	text: text = 'fot'
141.0436 	EXP 	fixation: autoDraw = True
141.0436 	EXP 	text_2: autoDraw = True
142.0445 	INFO 	Keyboard events cleared
142.0436 	EXP 	fixation: autoDraw = False
142.0436 	EXP 	text: autoDraw = True
142.0436 	EXP 	text_2: autoDraw = False
142.9462 	EXP 	New trial (rep=0, index=60): <Trial 60 (60 in rep 0) data={'words': 'way', 'number_of_letters': 3, 'corrAns': 'right', 'thisN': 60, 'thisTrialN': 60, 'thisRepN': 0}>
142.9547 	DATA 	Keypress: left
142.9601 	EXP 	fixation: autoDraw = False
142.9601 	EXP 	text: autoDraw = False
142.9601 	EXP 	text_2: autoDraw = False
142.9601 	EXP 	text: height = 0.05
142.9601 	EXP 	text: height = 0.05
142.9601 	EXP 	text: height = 0.05
142.9601 	EXP 	text: text = 'way'
142.9601 	EXP 	fixation: autoDraw = True
142.9601 	EXP 	text_2: autoDraw = True
143.9604 	INFO 	Keyboard events cleared
143.9600 	EXP 	fixation: autoDraw = False
143.9600 	EXP 	text: autoDraw = True
143.9600 	EXP 	text_2: autoDraw = False
144.6281 	EXP 	New trial (rep=0, index=61): <Trial 61 (61 in rep 0) data={'words': 'bifferent', 'number_of_letters': 9, 'corrAns': 'left', 'thisN': 61, 'thisTrialN': 61, 'thisRepN': 0}>
144.6337 	DATA 	Keypress: right
144.6433 	EXP 	fixation: autoDraw = False
144.6433 	EXP 	text: autoDraw = False
144.6433 	EXP 	text_2: autoDraw = False
144.6433 	EXP 	text: height = 0.05
144.6433 	EXP 	text: height = 0.05
144.6433 	EXP 	text: height = 0.05
144.6433 	EXP 	text: text = 'bifferent'
144.6433 	EXP 	fixation: autoDraw = True
144.6433 	EXP 	text_2: autoDraw = True
145.6438 	INFO 	Keyboard events cleared
145.6431 	EXP 	fixation: autoDraw = False
145.6431 	EXP 	text: autoDraw = True
145.6431 	EXP 	text_2: autoDraw = False
146.2778 	EXP 	New trial (rep=0, index=62): <Trial 62 (62 in rep 0) data={'words': 'play', 'number_of_letters': 4, 'corrAns': 'right', 'thisN': 62, 'thisTrialN': 62, 'thisRepN': 0}>
146.2822 	DATA 	Keypress: left
146.2930 	EXP 	fixation: autoDraw = False
146.2930 	EXP 	text: autoDraw = False
146.2930 	EXP 	text_2: autoDraw = False
146.2930 	EXP 	text: height = 0.05
146.2930 	EXP 	text: height = 0.05
146.2930 	EXP 	text: height = 0.05
146.2930 	EXP 	text: text = 'play'
146.2930 	EXP 	fixation: autoDraw = True
146.2930 	EXP 	text_2: autoDraw = True
147.2937 	INFO 	Keyboard events cleared
147.2931 	EXP 	fixation: autoDraw = False
147.2931 	EXP 	text: autoDraw = True
147.2931 	EXP 	text_2: autoDraw = False
147.8944 	EXP 	New trial (rep=0, index=63): <Trial 63 (63 in rep 0) data={'words': 'ptay', 'number_of_letters': 4, 'corrAns': 'left', 'thisN': 63, 'thisTrialN': 63, 'thisRepN': 0}>
147.8989 	DATA 	Keypress: right
147.9097 	EXP 	fixation: autoDraw = False
147.9097 	EXP 	text: autoDraw = False
147.9097 	EXP 	text_2: autoDraw = False
147.9097 	EXP 	text: height = 0.05
147.9097 	EXP 	text: height = 0.05
147.9097 	EXP 	text: height = 0.05
147.9097 	EXP 	text: text = 'ptay'
147.9097 	EXP 	fixation: autoDraw = True
147.9097 	EXP 	text_2: autoDraw = True
148.9104 	INFO 	Keyboard events cleared
148.9099 	EXP 	fixation: autoDraw = False
148.9099 	EXP 	text: autoDraw = True
148.9099 	EXP 	text_2: autoDraw = False
149.6779 	EXP 	New trial (rep=0, index=64): <Trial 64 (64 in rep 0) data={'words': 'and', 'number_of_letters': 3, 'corrAns': 'right', 'thisN': 64, 'thisTrialN': 64, 'thisRepN': 0}>
149.6823 	DATA 	Keypress: left
149.6932 	EXP 	fixation: autoDraw = False
149.6932 	EXP 	text: autoDraw = False
149.6932 	EXP 	text_2: autoDraw = False
149.6932 	EXP 	text: height = 0.05
149.6932 	EXP 	text: height = 0.05
149.6932 	EXP 	text: height = 0.05
149.6932 	EXP 	text: text = 'and'
149.6932 	EXP 	fixation: autoDraw = True
149.6932 	EXP 	text_2: autoDraw = True
150.6937 	INFO 	Keyboard events cleared
150.6931 	EXP 	fixation: autoDraw = False
150.6931 	EXP 	text: autoDraw = True
150.6931 	EXP 	text_2: autoDraw = False
151.5774 	EXP 	New trial (rep=0, index=65): <Trial 65 (65 in rep 0) data={'words': 'anf', 'number_of_letters': 3, 'corrAns': 'left', 'thisN': 65, 'thisTrialN': 65, 'thisRepN': 0}>
151.5818 	DATA 	Keypress: right
151.5931 	EXP 	fixation: autoDraw = False
151.5931 	EXP 	text: autoDraw = False
151.5931 	EXP 	text_2: autoDraw = False
151.5931 	EXP 	text: height = 0.05
151.5931 	EXP 	text: height = 0.05
151.5931 	EXP 	text: height = 0.05
151.5931 	EXP 	text: text = 'anf'
151.5931 	EXP 	fixation: autoDraw = True
151.5931 	EXP 	text_2: autoDraw = True
152.5765 	INFO 	Keyboard events cleared
152.5760 	EXP 	text: autoDraw = True
152.5929 	EXP 	fixation: autoDraw = False
152.5929 	EXP 	text_2: autoDraw = False
153.3286 	EXP 	New trial (rep=0, index=66): <Trial 66 (66 in rep 0) data={'words': 'bussness', 'number_of_letters': 8, 'corrAns': 'left', 'thisN': 66, 'thisTrialN': 66, 'thisRepN': 0}>
153.3351 	DATA 	Keypress: left
153.3431 	EXP 	fixation: autoDraw = False
153.3431 	EXP 	text: autoDraw = False
153.3431 	EXP 	text_2: autoDraw = False
153.3431 	EXP 	text: height = 0.05
153.3431 	EXP 	text: height = 0.05
153.3431 	EXP 	text: height = 0.05
153.3431 	EXP 	text: text = 'bussness'
153.3431 	EXP 	fixation: autoDraw = True
153.3431 	EXP 	text_2: autoDraw = True
154.3438 	INFO 	Keyboard events cleared
154.3430 	EXP 	fixation: autoDraw = False
154.3430 	EXP 	text: autoDraw = True
154.3430 	EXP 	text_2: autoDraw = False
155.0277 	EXP 	New trial (rep=0, index=67): <Trial 67 (67 in rep 0) data={'words': 'think', 'number_of_letters': 5, 'corrAns': 'right', 'thisN': 67, 'thisTrialN': 67, 'thisRepN': 0}>
155.0318 	DATA 	Keypress: right
155.0430 	EXP 	fixation: autoDraw = False
155.0430 	EXP 	text: autoDraw = False
155.0430 	EXP 	text_2: autoDraw = False
155.0430 	EXP 	text: height = 0.05
155.0430 	EXP 	text: height = 0.05
155.0430 	EXP 	text: height = 0.05
155.0430 	EXP 	text: text = 'think'
155.0430 	EXP 	fixation: autoDraw = True
155.0430 	EXP 	text_2: autoDraw = True
156.0437 	INFO 	Keyboard events cleared
156.0431 	EXP 	fixation: autoDraw = False
156.0431 	EXP 	text: autoDraw = True
156.0431 	EXP 	text_2: autoDraw = False
156.6605 	EXP 	New trial (rep=0, index=68): <Trial 68 (68 in rep 0) data={'words': 'much', 'number_of_letters': 4, 'corrAns': 'right', 'thisN': 68, 'thisTrialN': 68, 'thisRepN': 0}>
156.6640 	DATA 	Keypress: left
156.6758 	EXP 	fixation: autoDraw = False
156.6758 	EXP 	text: autoDraw = False
156.6758 	EXP 	text_2: autoDraw = False
156.6758 	EXP 	text: height = 0.05
156.6758 	EXP 	text: height = 0.05
156.6758 	EXP 	text: height = 0.05
156.6758 	EXP 	text: text = 'much'
156.6758 	EXP 	fixation: autoDraw = True
156.6758 	EXP 	text_2: autoDraw = True
157.6597 	INFO 	Keyboard events cleared
157.6592 	EXP 	text: autoDraw = True
157.6757 	EXP 	fixation: autoDraw = False
157.6757 	EXP 	text_2: autoDraw = False
158.3774 	EXP 	New trial (rep=0, index=69): <Trial 69 (69 in rep 0) data={'words': 'everything', 'number_of_letters': 10, 'corrAns': 'right', 'thisN': 69, 'thisTrialN': 69, 'thisRepN': 0}>
158.3850 	DATA 	Keypress: right
158.3926 	EXP 	fixation: autoDraw = False
158.3926 	EXP 	text: autoDraw = False
158.3926 	EXP 	text_2: autoDraw = False
158.3926 	EXP 	text: height = 0.05
158.3926 	EXP 	text: height = 0.05
158.3926 	EXP 	text: height = 0.05
158.3926 	EXP 	text: text = 'everything'
158.3926 	EXP 	fixation: autoDraw = True
158.3926 	EXP 	text_2: autoDraw = True
159.3933 	INFO 	Keyboard events cleared
159.3926 	EXP 	fixation: autoDraw = False
159.3926 	EXP 	text: autoDraw = True
159.3926 	EXP 	text_2: autoDraw = False
160.4106 	EXP 	New trial (rep=0, index=70): <Trial 70 (70 in rep 0) data={'words': 'believe', 'number_of_letters': 7, 'corrAns': 'right', 'thisN': 70, 'thisTrialN': 70, 'thisRepN': 0}>
160.4147 	DATA 	Keypress: right
160.4257 	EXP 	fixation: autoDraw = False
160.4257 	EXP 	text: autoDraw = False
160.4257 	EXP 	text_2: autoDraw = False
160.4257 	EXP 	text: height = 0.05
160.4257 	EXP 	text: height = 0.05
160.4257 	EXP 	text: height = 0.05
160.4257 	EXP 	text: text = 'believe'
160.4257 	EXP 	fixation: autoDraw = True
160.4257 	EXP 	text_2: autoDraw = True
161.4260 	INFO 	Keyboard events cleared
161.4256 	EXP 	fixation: autoDraw = False
161.4256 	EXP 	text: autoDraw = True
161.4256 	EXP 	text_2: autoDraw = False
162.3786 	EXP 	New trial (rep=0, index=71): <Trial 71 (71 in rep 0) data={'words': 'rememper', 'number_of_letters': 8, 'corrAns': 'left', 'thisN': 71, 'thisTrialN': 71, 'thisRepN': 0}>
162.3886 	DATA 	Keypress: right
162.3927 	EXP 	fixation: autoDraw = False
162.3927 	EXP 	text: autoDraw = False
162.3927 	EXP 	text_2: autoDraw = False
162.3927 	EXP 	text: height = 0.05
162.3927 	EXP 	text: height = 0.05
162.3927 	EXP 	text: height = 0.05
162.3927 	EXP 	text: text = 'rememper'
162.3927 	EXP 	fixation: autoDraw = True
162.3927 	EXP 	text_2: autoDraw = True
163.3933 	INFO 	Keyboard events cleared
163.3927 	EXP 	fixation: autoDraw = False
163.3927 	EXP 	text: autoDraw = True
163.3927 	EXP 	text_2: autoDraw = False
164.1442 	EXP 	New trial (rep=0, index=72): <Trial 72 (72 in rep 0) data={'words': 'especialty', 'number_of_letters': 10, 'corrAns': 'left', 'thisN': 72, 'thisTrialN': 72, 'thisRepN': 0}>
164.1488 	DATA 	Keypress: left
164.1591 	EXP 	fixation: autoDraw = False
164.1591 	EXP 	text: autoDraw = False
164.1591 	EXP 	text_2: autoDraw = False
164.1591 	EXP 	text: height = 0.05
164.1591 	EXP 	text: height = 0.05
164.1591 	EXP 	text: height = 0.05
164.1591 	EXP 	text: text = 'especialty'
164.1591 	EXP 	fixation: autoDraw = True
164.1591 	EXP 	text_2: autoDraw = True
165.1599 	INFO 	Keyboard events cleared
165.1593 	EXP 	fixation: autoDraw = False
165.1593 	EXP 	text: autoDraw = True
165.1593 	EXP 	text_2: autoDraw = False
166.0434 	EXP 	New trial (rep=0, index=73): <Trial 73 (73 in rep 0) data={'words': 'want', 'number_of_letters': 4, 'corrAns': 'right', 'thisN': 73, 'thisTrialN': 73, 'thisRepN': 0}>
166.0476 	DATA 	Keypress: left
166.0589 	EXP 	fixation: autoDraw = False
166.0589 	EXP 	text: autoDraw = False
166.0589 	EXP 	text_2: autoDraw = False
166.0589 	EXP 	text: height = 0.05
166.0589 	EXP 	text: height = 0.05
166.0589 	EXP 	text: height = 0.05
166.0589 	EXP 	text: text = 'want'
166.0589 	EXP 	fixation: autoDraw = True
166.0589 	EXP 	text_2: autoDraw = True
167.0598 	INFO 	Keyboard events cleared
167.0592 	EXP 	fixation: autoDraw = False
167.0592 	EXP 	text: autoDraw = True
167.0592 	EXP 	text_2: autoDraw = False
167.8770 	EXP 	New trial (rep=0, index=74): <Trial 74 (74 in rep 0) data={'words': 'especially', 'number_of_letters': 10, 'corrAns': 'right', 'thisN': 74, 'thisTrialN': 74, 'thisRepN': 0}>
167.8817 	DATA 	Keypress: right
167.8923 	EXP 	fixation: autoDraw = False
167.8923 	EXP 	text: autoDraw = False
167.8923 	EXP 	text_2: autoDraw = False
167.8923 	EXP 	text: height = 0.05
167.8923 	EXP 	text: height = 0.05
167.8923 	EXP 	text: height = 0.05
167.8923 	EXP 	text: text = 'especially'
167.8923 	EXP 	fixation: autoDraw = True
167.8923 	EXP 	text_2: autoDraw = True
168.8929 	INFO 	Keyboard events cleared
168.8922 	EXP 	fixation: autoDraw = False
168.8922 	EXP 	text: autoDraw = True
168.8922 	EXP 	text_2: autoDraw = False
170.1270 	EXP 	New trial (rep=0, index=75): <Trial 75 (75 in rep 0) data={'words': 'community', 'number_of_letters': 9, 'corrAns': 'right', 'thisN': 75, 'thisTrialN': 75, 'thisRepN': 0}>
170.1327 	DATA 	Keypress: right
170.1420 	EXP 	fixation: autoDraw = False
170.1420 	EXP 	text: autoDraw = False
170.1420 	EXP 	text_2: autoDraw = False
170.1420 	EXP 	text: height = 0.05
170.1420 	EXP 	text: height = 0.05
170.1420 	EXP 	text: height = 0.05
170.1420 	EXP 	text: text = 'community'
170.1420 	EXP 	fixation: autoDraw = True
170.1420 	EXP 	text_2: autoDraw = True
171.1428 	INFO 	Keyboard events cleared
171.1423 	EXP 	fixation: autoDraw = False
171.1423 	EXP 	text: autoDraw = True
171.1423 	EXP 	text_2: autoDraw = False
171.8934 	EXP 	New trial (rep=0, index=76): <Trial 76 (76 in rep 0) data={'words': 'compunity', 'number_of_letters': 9, 'corrAns': 'left', 'thisN': 76, 'thisTrialN': 76, 'thisRepN': 0}>
171.8985 	DATA 	Keypress: right
171.9087 	EXP 	fixation: autoDraw = False
171.9087 	EXP 	text: autoDraw = False
171.9087 	EXP 	text_2: autoDraw = False
171.9087 	EXP 	text: height = 0.05
171.9087 	EXP 	text: height = 0.05
171.9087 	EXP 	text: height = 0.05
171.9087 	EXP 	text: text = 'compunity'
171.9087 	EXP 	fixation: autoDraw = True
171.9087 	EXP 	text_2: autoDraw = True
172.9096 	INFO 	Keyboard events cleared
172.9090 	EXP 	fixation: autoDraw = False
172.9090 	EXP 	text: autoDraw = True
172.9090 	EXP 	text_2: autoDraw = False
173.6766 	EXP 	New trial (rep=0, index=77): <Trial 77 (77 in rep 0) data={'words': 'business', 'number_of_letters': 8, 'corrAns': 'right', 'thisN': 77, 'thisTrialN': 77, 'thisRepN': 0}>
173.6801 	DATA 	Keypress: left
173.6919 	EXP 	fixation: autoDraw = False
173.6919 	EXP 	text: autoDraw = False
173.6919 	EXP 	text_2: autoDraw = False
173.6919 	EXP 	text: height = 0.05
173.6919 	EXP 	text: height = 0.05
173.6919 	EXP 	text: height = 0.05
173.6919 	EXP 	text: text = 'business'
173.6919 	EXP 	fixation: autoDraw = True
173.6919 	EXP 	text_2: autoDraw = True
174.6759 	INFO 	Keyboard events cleared
174.6752 	EXP 	text: autoDraw = True
174.6920 	EXP 	fixation: autoDraw = False
174.6920 	EXP 	text_2: autoDraw = False
175.3935 	EXP 	New trial (rep=0, index=78): <Trial 78 (78 in rep 0) data={'words': 'woy', 'number_of_letters': 3, 'corrAns': 'left', 'thisN': 78, 'thisTrialN': 78, 'thisRepN': 0}>
175.3974 	DATA 	Keypress: right
175.4086 	EXP 	fixation: autoDraw = False
175.4086 	EXP 	text: autoDraw = False
175.4086 	EXP 	text_2: autoDraw = False
175.4086 	EXP 	text: height = 0.05
175.4086 	EXP 	text: height = 0.05
175.4086 	EXP 	text: height = 0.05
175.4086 	EXP 	text: text = 'woy'
175.4086 	EXP 	fixation: autoDraw = True
175.4086 	EXP 	text_2: autoDraw = True
176.4095 	INFO 	Keyboard events cleared
176.4088 	EXP 	fixation: autoDraw = False
176.4088 	EXP 	text: autoDraw = True
176.4088 	EXP 	text_2: autoDraw = False
177.0603 	EXP 	New trial (rep=0, index=79): <Trial 79 (79 in rep 0) data={'words': 'shoule', 'number_of_letters': 6, 'corrAns': 'left', 'thisN': 79, 'thisTrialN': 79, 'thisRepN': 0}>
177.0651 	DATA 	Keypress: left
177.0752 	EXP 	fixation: autoDraw = False
177.0752 	EXP 	text: autoDraw = False
177.0752 	EXP 	text_2: autoDraw = False
177.0752 	EXP 	text: height = 0.05
177.0752 	EXP 	text: height = 0.05
177.0752 	EXP 	text: height = 0.05
177.0752 	EXP 	text: text = 'shoule'
177.0752 	EXP 	fixation: autoDraw = True
177.0752 	EXP 	text_2: autoDraw = True
178.0759 	INFO 	Keyboard events cleared
178.0752 	EXP 	fixation: autoDraw = False
178.0752 	EXP 	text: autoDraw = True
178.0752 	EXP 	text_2: autoDraw = False
178.6464 	DATA 	Keypress: left
178.6587 	EXP 	fixation: autoDraw = False
178.6587 	EXP 	text: autoDraw = False
178.6587 	EXP 	text_2: autoDraw = False
178.6587 	EXP 	text_3: autoDraw = True
179.6586 	EXP 	text_3: autoDraw = False
179.6586 	EXP 	text_3: autoDraw = False
179.6587 	EXP 	soloprojectlexical: status = STOPPED
179.6857 	INFO 	saved data to 'C:\\Users\\kashy\\OneDrive\\Desktop\\SoloProject\\data/404936_soloprojectlexical_2024-12-04_16h27.54.153.csv'
179.6887 	INFO 	saved data to C:\Users\kashy\OneDrive\Desktop\SoloProject\data/404936_soloprojectlexical_2024-12-04_16h27.54.153.psydat
179.8622 	EXP 	window1: mouseVisible = True
