26.7978 	INFO 	Loaded monitor calibration from ['2024_08_16 01:13']
26.8158 	WARNING 	User requested fullscreen with size [1024  768], but screen is actually [1920, 1080]. Using actual size
27.2017 	EXP 	Created window1 = Window(allowGUI=True, allowStencil=False, autoLog=True, backendConf=UNKNOWN, backgroundFit=<method-wrapper '__getattribute__' of attributeSetter object at 0x000002DA3970B100>, backgroundImage=<method-wrapper '__getattribute__' of attributeSetter object at 0x000002DA3970B160>, bitsMode=UNKNOWN, blendMode='avg', bpc=(8, 8, 8), color=array([0, 0, 0]), colorSpace='rgb', depthBits=8, fullscr=<method-wrapper '__getattribute__' of attributeSetter object at 0x000002DA3970B310>, gamma=None, gammaErrorPolicy='raise', infoMsg=UNKNOWN, lms=UNKNOWN, monitor=<psychopy.monitors.calibTools.Monitor object at 0x000002DA32541C30>, multiSample=False, name='window1', numSamples=2, pos=[0.0, 0.0], screen=0, size=array([1920, 1080]), stencilBits=0, stereo=False, title='PsychoPy', units='height', useFBO=True, useRetina=False, viewOri=0.0, viewPos=None, viewScale=None, waitBlanking=True, winType='pyglet')
27.2019 	EXP 	window1: backgroundImage = ''
27.2019 	EXP 	window1: backgroundFit = 'none'
27.2024 	EXP 	window1: mouseVisible = <method-wrapper '__getattribute__' of attributeSetter object at 0x000002DA3970AF20>
27.2028 	EXP 	window1: mouseVisible = <method-wrapper '__getattribute__' of attributeSetter object at 0x000002DA3970AF20>
27.2094 	EXP 	window1: mouseVisible = <method-wrapper '__getattribute__' of attributeSetter object at 0x000002DA3970AF20>
27.2102 	EXP 	window1: mouseVisible = <method-wrapper '__getattribute__' of attributeSetter object at 0x000002DA3970AF20>
27.2786 	EXP 	window1: mouseVisible = <method-wrapper '__getattribute__' of attributeSetter object at 0x000002DA3970AF20>
27.2787 	EXP 	window1: mouseVisible = <method-wrapper '__getattribute__' of attributeSetter object at 0x000002DA3970AF20>
27.2795 	EXP 	window1: mouseVisible = <method-wrapper '__getattribute__' of attributeSetter object at 0x000002DA3970AF20>
27.2804 	EXP 	window1: mouseVisible = <method-wrapper '__getattribute__' of attributeSetter object at 0x000002DA3970AF20>
27.3146 	EXP 	window1: Attempting to measure frame rate of screen (0) ...
27.3146 	EXP 	window1: recordFrameIntervals = False
27.4524 	EXP 	window1: recordFrameIntervals = True
27.6361 	EXP 	Screen (0) actual frame rate measured at 60.03Hz
27.6361 	EXP 	window1: recordFrameIntervals = False
27.6362 	EXP 	window1: mouseVisible = False
30.5659 	INFO 	keyboard.Keyboard is using iohub backend.
30.5659 	INFO 	keyboard.Keyboard is using iohub backend.
30.5660 	INFO 	keyboard.Keyboard is using iohub backend.
30.5660 	EXP 	soloprojectlexical: status = STARTED
30.5662 	EXP 	window1: mouseVisible = False
30.6762 	EXP 	Created text_4 = TextStim(__class__=<class 'psychopy.visual.text.TextStim'>, alignHoriz=method-wrapper(...), alignText='center', alignVert=method-wrapper(...), anchorHoriz='center', anchorVert='center', antialias=True, autoDraw=False, autoLog=True, bold=False, color=array([1., 1., 1.]), colorSpace='rgb', contrast=1.0, depth=0.0, draggable=False, flipHoriz=False, flipVert=False, font='Arial', fontFiles=[], height=0.05, italic=False, languageStyle='LTR', name='text_4', opacity=1, ori=0.0, pos=array([0., 0.]), rgb=UNKNOWN, text=str(...), units='height', win=Window(...), wrapWidth=1)
30.6763 	EXP 	window1: mouseVisible = False
30.6816 	EXP 	Created fixation = ShapeStim(__class__=<class 'psychopy.visual.shape.ShapeStim'>, anchor=('center', 'center'), autoDraw=False, autoLog=True, closeShape=True, color=method-wrapper(...), colorSpace='rgb', contrast=None, depth=0.0, draggable=False, fillColor=array([1, 1, 1]), fillColorSpace='rgb', fillRGB=array([1, 1, 1]), interpolate=True, lineColor=array([1., 1., 1.]), lineColorSpace='rgb', lineRGB=array([1, 1, 1]), lineWidth=1.0, name='fixation', opacity=1, ori=0.0, pos=array([0., 0.]), size=array([0.03, 0.03]), units='height', vertices=ndarray(...), win=Window(...), windingRule=None)
30.6816 	EXP 	window1: mouseVisible = False
30.6823 	EXP 	Created text = TextStim(__class__=<class 'psychopy.visual.text.TextStim'>, alignHoriz=method-wrapper(...), alignText='center', alignVert=method-wrapper(...), anchorHoriz='center', anchorVert='center', antialias=True, autoDraw=False, autoLog=True, bold=False, color=array([1., 1., 1.]), colorSpace='rgb', contrast=1.0, depth=-1.0, draggable=False, flipHoriz=False, flipVert=False, font='Arial', fontFiles=[], height=0.05, italic=False, languageStyle='LTR', name='text', opacity=1, ori=0.0, pos=array([0., 0.]), rgb=UNKNOWN, text='', units='height', win=Window(...), wrapWidth=1)
30.6824 	EXP 	window1: mouseVisible = False
30.6891 	EXP 	Created text_2 = TextStim(__class__=<class 'psychopy.visual.text.TextStim'>, alignHoriz=method-wrapper(...), alignText='center', alignVert=method-wrapper(...), anchorHoriz='center', anchorVert='center', antialias=True, autoDraw=False, autoLog=True, bold=False, color=array([1., 1., 1.]), colorSpace='rgb', contrast=1.0, depth=-3.0, draggable=False, flipHoriz=False, flipVert=False, font='Arial', fontFiles=[], height=0.05, italic=False, languageStyle='LTR', name='text_2', opacity=1, ori=0.0, pos=array([0., 0.]), rgb=UNKNOWN, text='<- non-words              words ->', units='height', win=Window(...), wrapWidth=1)
30.6892 	EXP 	window1: mouseVisible = False
30.6956 	EXP 	Created text_3 = TextStim(__class__=<class 'psychopy.visual.text.TextStim'>, alignHoriz=method-wrapper(...), alignText='center', alignVert=method-wrapper(...), anchorHoriz='center', anchorVert='center', antialias=True, autoDraw=False, autoLog=True, bold=False, color=array([1., 1., 1.]), colorSpace='rgb', contrast=1.0, depth=0.0, draggable=False, flipHoriz=False, flipVert=False, font='Arial', fontFiles=[], height=0.05, italic=False, languageStyle='LTR', name='text_3', opacity=1, ori=0.0, pos=array([0., 0.]), rgb=UNKNOWN, text='Thank you for participating!', units='height', win=Window(...), wrapWidth=1)
0.0061 	INFO 	Keyboard events cleared
0.0057 	EXP 	text_4: autoDraw = True
0.9741 	EXP 	Imported conds.xlsx as conditions, 80 conditions, 3 params
0.9751 	EXP 	New trial (rep=0, index=0): <Trial 0 (0 in rep 0) data={'words': 'shoule', 'number_of_letters': 6, 'corrAns': 'left', 'thisN': 0, 'thisTrialN': 0, 'thisRepN': 0}>
0.9805 	DATA 	Keypress: space
0.9822 	EXP 	text_4: autoDraw = False
0.9822 	EXP 	text: height = 0.05
0.9822 	EXP 	text: height = 0.05
0.9822 	EXP 	text: height = 0.05
0.9822 	EXP 	text: text = 'shoule'
0.9822 	EXP 	fixation: autoDraw = True
0.9822 	EXP 	text_2: autoDraw = True
1.9741 	INFO 	Keyboard events cleared
1.9734 	EXP 	text: autoDraw = True
1.9901 	EXP 	fixation: autoDraw = False
1.9901 	EXP 	text_2: autoDraw = False
2.7081 	EXP 	New trial (rep=0, index=1): <Trial 1 (1 in rep 0) data={'words': 'experience', 'number_of_letters': 10, 'corrAns': 'right', 'thisN': 1, 'thisTrialN': 1, 'thisRepN': 0}>
2.7147 	DATA 	Keypress: left
2.7232 	EXP 	fixation: autoDraw = False
2.7232 	EXP 	text: autoDraw = False
2.7232 	EXP 	text_2: autoDraw = False
2.7232 	EXP 	text: height = 0.05
2.7232 	EXP 	text: height = 0.05
2.7232 	EXP 	text: height = 0.05
2.7232 	EXP 	text: text = 'experience'
2.7232 	EXP 	fixation: autoDraw = True
2.7232 	EXP 	text_2: autoDraw = True
3.7239 	INFO 	Keyboard events cleared
3.7234 	EXP 	fixation: autoDraw = False
3.7234 	EXP 	text: autoDraw = True
3.7234 	EXP 	text_2: autoDraw = False
4.4582 	EXP 	New trial (rep=0, index=2): <Trial 2 (2 in rep 0) data={'words': 'especially', 'number_of_letters': 10, 'corrAns': 'right', 'thisN': 2, 'thisTrialN': 2, 'thisRepN': 0}>
4.4619 	DATA 	Keypress: right
4.4733 	EXP 	fixation: autoDraw = False
4.4733 	EXP 	text: autoDraw = False
4.4733 	EXP 	text_2: autoDraw = False
4.4733 	EXP 	text: height = 0.05
4.4733 	EXP 	text: height = 0.05
4.4733 	EXP 	text: height = 0.05
4.4733 	EXP 	text: text = 'especially'
4.4733 	EXP 	fixation: autoDraw = True
4.4733 	EXP 	text_2: autoDraw = True
5.4737 	INFO 	Keyboard events cleared
5.4732 	EXP 	fixation: autoDraw = False
5.4732 	EXP 	text: autoDraw = True
5.4732 	EXP 	text_2: autoDraw = False
6.4579 	EXP 	New trial (rep=0, index=3): <Trial 3 (3 in rep 0) data={'words': 'beliefe', 'number_of_letters': 7, 'corrAns': 'left', 'thisN': 3, 'thisTrialN': 3, 'thisRepN': 0}>
6.4615 	DATA 	Keypress: right
6.4733 	EXP 	fixation: autoDraw = False
6.4733 	EXP 	text: autoDraw = False
6.4733 	EXP 	text_2: autoDraw = False
6.4733 	EXP 	text: height = 0.05
6.4733 	EXP 	text: height = 0.05
6.4733 	EXP 	text: height = 0.05
6.4733 	EXP 	text: text = 'beliefe'
6.4733 	EXP 	fixation: autoDraw = True
6.4733 	EXP 	text_2: autoDraw = True
7.4734 	INFO 	Keyboard events cleared
7.4730 	EXP 	fixation: autoDraw = False
7.4730 	EXP 	text: autoDraw = True
7.4730 	EXP 	text_2: autoDraw = False
8.2412 	EXP 	New trial (rep=0, index=4): <Trial 4 (4 in rep 0) data={'words': 'play', 'number_of_letters': 4, 'corrAns': 'right', 'thisN': 4, 'thisTrialN': 4, 'thisRepN': 0}>
8.2445 	DATA 	Keypress: right
8.2566 	EXP 	fixation: autoDraw = False
8.2566 	EXP 	text: autoDraw = False
8.2566 	EXP 	text_2: autoDraw = False
8.2566 	EXP 	text: height = 0.05
8.2566 	EXP 	text: height = 0.05
8.2566 	EXP 	text: height = 0.05
8.2566 	EXP 	text: text = 'play'
8.2566 	EXP 	fixation: autoDraw = True
8.2566 	EXP 	text_2: autoDraw = True
9.2572 	INFO 	Keyboard events cleared
9.2566 	EXP 	fixation: autoDraw = False
9.2566 	EXP 	text: autoDraw = True
9.2566 	EXP 	text_2: autoDraw = False
9.8420 	EXP 	New trial (rep=0, index=5): <Trial 5 (5 in rep 0) data={'words': 'eferything', 'number_of_letters': 10, 'corrAns': 'left', 'thisN': 5, 'thisTrialN': 5, 'thisRepN': 0}>
9.8459 	DATA 	Keypress: right
9.8565 	EXP 	fixation: autoDraw = False
9.8565 	EXP 	text: autoDraw = False
9.8565 	EXP 	text_2: autoDraw = False
9.8565 	EXP 	text: height = 0.05
9.8565 	EXP 	text: height = 0.05
9.8565 	EXP 	text: height = 0.05
9.8565 	EXP 	text: text = 'eferything'
9.8565 	EXP 	fixation: autoDraw = True
9.8565 	EXP 	text_2: autoDraw = True
10.8571 	INFO 	Keyboard events cleared
10.8565 	EXP 	fixation: autoDraw = False
10.8565 	EXP 	text: autoDraw = True
10.8565 	EXP 	text_2: autoDraw = False
11.6082 	EXP 	New trial (rep=0, index=6): <Trial 6 (6 in rep 0) data={'words': 'political', 'number_of_letters': 9, 'corrAns': 'right', 'thisN': 6, 'thisTrialN': 6, 'thisRepN': 0}>
11.6122 	DATA 	Keypress: left
11.6230 	EXP 	fixation: autoDraw = False
11.6230 	EXP 	text: autoDraw = False
11.6230 	EXP 	text_2: autoDraw = False
11.6230 	EXP 	text: height = 0.05
11.6230 	EXP 	text: height = 0.05
11.6230 	EXP 	text: height = 0.05
11.6230 	EXP 	text: text = 'political'
11.6230 	EXP 	fixation: autoDraw = True
11.6230 	EXP 	text_2: autoDraw = True
12.6237 	INFO 	Keyboard events cleared
12.6231 	EXP 	fixation: autoDraw = False
12.6231 	EXP 	text: autoDraw = True
12.6231 	EXP 	text_2: autoDraw = False
13.3410 	EXP 	New trial (rep=0, index=7): <Trial 7 (7 in rep 0) data={'words': 'becone', 'number_of_letters': 6, 'corrAns': 'left', 'thisN': 7, 'thisTrialN': 7, 'thisRepN': 0}>
13.3449 	DATA 	Keypress: right
13.3563 	EXP 	fixation: autoDraw = False
13.3563 	EXP 	text: autoDraw = False
13.3563 	EXP 	text_2: autoDraw = False
13.3563 	EXP 	text: height = 0.05
13.3563 	EXP 	text: height = 0.05
13.3563 	EXP 	text: height = 0.05
13.3563 	EXP 	text: text = 'becone'
13.3563 	EXP 	fixation: autoDraw = True
13.3563 	EXP 	text_2: autoDraw = True
14.3569 	INFO 	Keyboard events cleared
14.3563 	EXP 	fixation: autoDraw = False
14.3563 	EXP 	text: autoDraw = True
14.3563 	EXP 	text_2: autoDraw = False
14.9576 	EXP 	New trial (rep=0, index=8): <Trial 8 (8 in rep 0) data={'words': 'anything', 'number_of_letters': 8, 'corrAns': 'right', 'thisN': 8, 'thisTrialN': 8, 'thisRepN': 0}>
14.9610 	DATA 	Keypress: left
14.9730 	EXP 	fixation: autoDraw = False
14.9730 	EXP 	text: autoDraw = False
14.9730 	EXP 	text_2: autoDraw = False
14.9730 	EXP 	text: height = 0.05
14.9730 	EXP 	text: height = 0.05
14.9730 	EXP 	text: height = 0.05
14.9730 	EXP 	text: text = 'anything'
14.9730 	EXP 	fixation: autoDraw = True
14.9730 	EXP 	text_2: autoDraw = True
15.9734 	INFO 	Keyboard events cleared
15.9729 	EXP 	fixation: autoDraw = False
15.9729 	EXP 	text: autoDraw = True
15.9729 	EXP 	text_2: autoDraw = False
16.9738 	EXP 	New trial (rep=0, index=9): <Trial 9 (9 in rep 0) data={'words': 'way', 'number_of_letters': 3, 'corrAns': 'right', 'thisN': 9, 'thisTrialN': 9, 'thisRepN': 0}>
16.9769 	DATA 	Keypress: right
16.9896 	EXP 	fixation: autoDraw = False
16.9896 	EXP 	text: autoDraw = False
16.9896 	EXP 	text_2: autoDraw = False
16.9896 	EXP 	text: height = 0.05
16.9896 	EXP 	text: height = 0.05
16.9896 	EXP 	text: height = 0.05
16.9896 	EXP 	text: text = 'way'
16.9896 	EXP 	fixation: autoDraw = True
16.9896 	EXP 	text_2: autoDraw = True
17.9733 	INFO 	Keyboard events cleared
17.9728 	EXP 	text: autoDraw = True
17.9894 	EXP 	fixation: autoDraw = False
17.9894 	EXP 	text_2: autoDraw = False
18.6075 	EXP 	New trial (rep=0, index=10): <Trial 10 (10 in rep 0) data={'words': 'country', 'number_of_letters': 7, 'corrAns': 'right', 'thisN': 10, 'thisTrialN': 10, 'thisRepN': 0}>
18.6107 	DATA 	Keypress: right
18.6228 	EXP 	fixation: autoDraw = False
18.6228 	EXP 	text: autoDraw = False
18.6228 	EXP 	text_2: autoDraw = False
18.6228 	EXP 	text: height = 0.05
18.6228 	EXP 	text: height = 0.05
18.6228 	EXP 	text: height = 0.05
18.6228 	EXP 	text: text = 'country'
18.6228 	EXP 	fixation: autoDraw = True
18.6228 	EXP 	text_2: autoDraw = True
19.6231 	INFO 	Keyboard events cleared
19.6226 	EXP 	fixation: autoDraw = False
19.6226 	EXP 	text: autoDraw = True
19.6226 	EXP 	text_2: autoDraw = False
20.1738 	EXP 	New trial (rep=0, index=11): <Trial 11 (11 in rep 0) data={'words': 'could', 'number_of_letters': 5, 'corrAns': 'right', 'thisN': 11, 'thisTrialN': 11, 'thisRepN': 0}>
20.1772 	DATA 	Keypress: left
20.1893 	EXP 	fixation: autoDraw = False
20.1893 	EXP 	text: autoDraw = False
20.1893 	EXP 	text_2: autoDraw = False
20.1893 	EXP 	text: height = 0.05
20.1893 	EXP 	text: height = 0.05
20.1893 	EXP 	text: height = 0.05
20.1893 	EXP 	text: text = 'could'
20.1893 	EXP 	fixation: autoDraw = True
20.1893 	EXP 	text_2: autoDraw = True
21.1897 	INFO 	Keyboard events cleared
21.1893 	EXP 	fixation: autoDraw = False
21.1893 	EXP 	text: autoDraw = True
21.1893 	EXP 	text_2: autoDraw = False
21.7906 	EXP 	New trial (rep=0, index=12): <Trial 12 (12 in rep 0) data={'words': 'research', 'number_of_letters': 8, 'corrAns': 'right', 'thisN': 12, 'thisTrialN': 12, 'thisRepN': 0}>
21.7937 	DATA 	Keypress: right
21.8063 	EXP 	fixation: autoDraw = False
21.8063 	EXP 	text: autoDraw = False
21.8063 	EXP 	text_2: autoDraw = False
21.8063 	EXP 	text: height = 0.05
21.8063 	EXP 	text: height = 0.05
21.8063 	EXP 	text: height = 0.05
21.8063 	EXP 	text: text = 'research'
21.8063 	EXP 	fixation: autoDraw = True
21.8063 	EXP 	text_2: autoDraw = True
22.8065 	INFO 	Keyboard events cleared
22.8060 	EXP 	fixation: autoDraw = False
22.8060 	EXP 	text: autoDraw = True
22.8060 	EXP 	text_2: autoDraw = False
23.5255 	DATA 	Keypress: right
23.5405 	EXP 	New trial (rep=0, index=13): <Trial 13 (13 in rep 0) data={'words': 'technology', 'number_of_letters': 10, 'corrAns': 'right', 'thisN': 13, 'thisTrialN': 13, 'thisRepN': 0}>
23.5559 	EXP 	fixation: autoDraw = False
23.5559 	EXP 	text: autoDraw = False
23.5559 	EXP 	text_2: autoDraw = False
23.5559 	EXP 	text: height = 0.05
23.5559 	EXP 	text: height = 0.05
23.5559 	EXP 	text: height = 0.05
23.5559 	EXP 	text: text = 'technology'
23.5559 	EXP 	fixation: autoDraw = True
23.5559 	EXP 	text_2: autoDraw = True
24.5564 	INFO 	Keyboard events cleared
24.5557 	EXP 	fixation: autoDraw = False
24.5557 	EXP 	text: autoDraw = True
24.5557 	EXP 	text_2: autoDraw = False
25.2907 	EXP 	New trial (rep=0, index=14): <Trial 14 (14 in rep 0) data={'words': 'question', 'number_of_letters': 8, 'corrAns': 'right', 'thisN': 14, 'thisTrialN': 14, 'thisRepN': 0}>
25.2936 	DATA 	Keypress: right
25.3058 	EXP 	fixation: autoDraw = False
25.3058 	EXP 	text: autoDraw = False
25.3058 	EXP 	text_2: autoDraw = False
25.3058 	EXP 	text: height = 0.05
25.3058 	EXP 	text: height = 0.05
25.3058 	EXP 	text: height = 0.05
25.3058 	EXP 	text: text = 'question'
25.3058 	EXP 	fixation: autoDraw = True
25.3058 	EXP 	text_2: autoDraw = True
26.3063 	INFO 	Keyboard events cleared
26.3057 	EXP 	fixation: autoDraw = False
26.3057 	EXP 	text: autoDraw = True
26.3057 	EXP 	text_2: autoDraw = False
26.8244 	EXP 	New trial (rep=0, index=15): <Trial 15 (15 in rep 0) data={'words': 'everything', 'number_of_letters': 10, 'corrAns': 'right', 'thisN': 15, 'thisTrialN': 15, 'thisRepN': 0}>
26.8300 	DATA 	Keypress: right
26.8391 	EXP 	fixation: autoDraw = False
26.8391 	EXP 	text: autoDraw = False
26.8391 	EXP 	text_2: autoDraw = False
26.8391 	EXP 	text: height = 0.05
26.8391 	EXP 	text: height = 0.05
26.8391 	EXP 	text: height = 0.05
26.8391 	EXP 	text: text = 'everything'
26.8391 	EXP 	fixation: autoDraw = True
26.8391 	EXP 	text_2: autoDraw = True
27.8394 	INFO 	Keyboard events cleared
27.8390 	EXP 	fixation: autoDraw = False
27.8390 	EXP 	text: autoDraw = True
27.8390 	EXP 	text_2: autoDraw = False
28.4235 	EXP 	New trial (rep=0, index=16): <Trial 16 (16 in rep 0) data={'words': 'thenk', 'number_of_letters': 5, 'corrAns': 'left', 'thisN': 16, 'thisTrialN': 16, 'thisRepN': 0}>
28.4266 	DATA 	Keypress: right
28.4390 	EXP 	fixation: autoDraw = False
28.4390 	EXP 	text: autoDraw = False
28.4390 	EXP 	text_2: autoDraw = False
28.4390 	EXP 	text: height = 0.05
28.4390 	EXP 	text: height = 0.05
28.4390 	EXP 	text: height = 0.05
28.4390 	EXP 	text: text = 'thenk'
28.4390 	EXP 	fixation: autoDraw = True
28.4390 	EXP 	text_2: autoDraw = True
29.4396 	INFO 	Keyboard events cleared
29.4391 	EXP 	fixation: autoDraw = False
29.4391 	EXP 	text: autoDraw = True
29.4391 	EXP 	text_2: autoDraw = False
30.0734 	EXP 	New trial (rep=0, index=17): <Trial 17 (17 in rep 0) data={'words': 'pofitical', 'number_of_letters': 9, 'corrAns': 'left', 'thisN': 17, 'thisTrialN': 17, 'thisRepN': 0}>
30.0777 	DATA 	Keypress: left
30.0889 	EXP 	fixation: autoDraw = False
30.0889 	EXP 	text: autoDraw = False
30.0889 	EXP 	text_2: autoDraw = False
30.0889 	EXP 	text: height = 0.05
30.0889 	EXP 	text: height = 0.05
30.0889 	EXP 	text: height = 0.05
30.0889 	EXP 	text: text = 'pofitical'
30.0889 	EXP 	fixation: autoDraw = True
30.0889 	EXP 	text_2: autoDraw = True
31.0895 	INFO 	Keyboard events cleared
31.0890 	EXP 	fixation: autoDraw = False
31.0890 	EXP 	text: autoDraw = True
31.0890 	EXP 	text_2: autoDraw = False
32.0901 	EXP 	New trial (rep=0, index=18): <Trial 18 (18 in rep 0) data={'words': 'about', 'number_of_letters': 5, 'corrAns': 'right', 'thisN': 18, 'thisTrialN': 18, 'thisRepN': 0}>
32.0937 	DATA 	Keypress: left
32.1055 	EXP 	fixation: autoDraw = False
32.1055 	EXP 	text: autoDraw = False
32.1055 	EXP 	text_2: autoDraw = False
32.1055 	EXP 	text: height = 0.05
32.1055 	EXP 	text: height = 0.05
32.1055 	EXP 	text: height = 0.05
32.1055 	EXP 	text: text = 'about'
32.1055 	EXP 	fixation: autoDraw = True
32.1055 	EXP 	text_2: autoDraw = True
33.1059 	INFO 	Keyboard events cleared
33.1054 	EXP 	fixation: autoDraw = False
33.1054 	EXP 	text: autoDraw = True
33.1054 	EXP 	text_2: autoDraw = False
33.8399 	EXP 	New trial (rep=0, index=19): <Trial 19 (19 in rep 0) data={'words': 'out', 'number_of_letters': 3, 'corrAns': 'right', 'thisN': 19, 'thisTrialN': 19, 'thisRepN': 0}>
33.8430 	DATA 	Keypress: left
33.8555 	EXP 	fixation: autoDraw = False
33.8555 	EXP 	text: autoDraw = False
33.8555 	EXP 	text_2: autoDraw = False
33.8555 	EXP 	text: height = 0.05
33.8555 	EXP 	text: height = 0.05
33.8555 	EXP 	text: height = 0.05
33.8555 	EXP 	text: text = 'out'
33.8555 	EXP 	fixation: autoDraw = True
33.8555 	EXP 	text_2: autoDraw = True
34.8560 	INFO 	Keyboard events cleared
34.8555 	EXP 	fixation: autoDraw = False
34.8555 	EXP 	text: autoDraw = True
34.8555 	EXP 	text_2: autoDraw = False
35.5902 	EXP 	New trial (rep=0, index=20): <Trial 20 (20 in rep 0) data={'words': 'much', 'number_of_letters': 4, 'corrAns': 'right', 'thisN': 20, 'thisTrialN': 20, 'thisRepN': 0}>
35.5955 	DATA 	Keypress: right
35.6054 	EXP 	fixation: autoDraw = False
35.6054 	EXP 	text: autoDraw = False
35.6054 	EXP 	text_2: autoDraw = False
35.6054 	EXP 	text: height = 0.05
35.6054 	EXP 	text: height = 0.05
35.6054 	EXP 	text: height = 0.05
35.6054 	EXP 	text: text = 'much'
35.6054 	EXP 	fixation: autoDraw = True
35.6054 	EXP 	text_2: autoDraw = True
36.6060 	INFO 	Keyboard events cleared
36.6054 	EXP 	fixation: autoDraw = False
36.6054 	EXP 	text: autoDraw = True
36.6054 	EXP 	text_2: autoDraw = False
37.4901 	EXP 	New trial (rep=0, index=21): <Trial 21 (21 in rep 0) data={'words': 'bussness', 'number_of_letters': 8, 'corrAns': 'left', 'thisN': 21, 'thisTrialN': 21, 'thisRepN': 0}>
37.4943 	DATA 	Keypress: right
37.5054 	EXP 	fixation: autoDraw = False
37.5054 	EXP 	text: autoDraw = False
37.5054 	EXP 	text_2: autoDraw = False
37.5054 	EXP 	text: height = 0.05
37.5054 	EXP 	text: height = 0.05
37.5054 	EXP 	text: height = 0.05
37.5054 	EXP 	text: text = 'bussness'
37.5054 	EXP 	fixation: autoDraw = True
37.5054 	EXP 	text_2: autoDraw = True
38.5061 	INFO 	Keyboard events cleared
38.5056 	EXP 	fixation: autoDraw = False
38.5056 	EXP 	text: autoDraw = True
38.5056 	EXP 	text_2: autoDraw = False
39.1067 	EXP 	New trial (rep=0, index=22): <Trial 22 (22 in rep 0) data={'words': 'hour', 'number_of_letters': 4, 'corrAns': 'right', 'thisN': 22, 'thisTrialN': 22, 'thisRepN': 0}>
39.1100 	DATA 	Keypress: right
39.1219 	EXP 	fixation: autoDraw = False
39.1219 	EXP 	text: autoDraw = False
39.1219 	EXP 	text_2: autoDraw = False
39.1219 	EXP 	text: height = 0.05
39.1219 	EXP 	text: height = 0.05
39.1219 	EXP 	text: height = 0.05
39.1219 	EXP 	text: text = 'hour'
39.1219 	EXP 	fixation: autoDraw = True
39.1219 	EXP 	text_2: autoDraw = True
40.1224 	INFO 	Keyboard events cleared
40.1217 	EXP 	fixation: autoDraw = False
40.1217 	EXP 	text: autoDraw = True
40.1217 	EXP 	text_2: autoDraw = False
40.9395 	EXP 	New trial (rep=0, index=23): <Trial 23 (23 in rep 0) data={'words': 'ous', 'number_of_letters': 3, 'corrAns': 'left', 'thisN': 23, 'thisTrialN': 23, 'thisRepN': 0}>
40.9425 	DATA 	Keypress: right
40.9551 	EXP 	fixation: autoDraw = False
40.9551 	EXP 	text: autoDraw = False
40.9551 	EXP 	text_2: autoDraw = False
40.9551 	EXP 	text: height = 0.05
40.9551 	EXP 	text: height = 0.05
40.9551 	EXP 	text: height = 0.05
40.9551 	EXP 	text: text = 'ous'
40.9551 	EXP 	fixation: autoDraw = True
40.9551 	EXP 	text_2: autoDraw = True
41.9557 	INFO 	Keyboard events cleared
41.9553 	EXP 	fixation: autoDraw = False
41.9553 	EXP 	text: autoDraw = True
41.9553 	EXP 	text_2: autoDraw = False
42.7727 	EXP 	New trial (rep=0, index=24): <Trial 24 (24 in rep 0) data={'words': 'become', 'number_of_letters': 6, 'corrAns': 'right', 'thisN': 24, 'thisTrialN': 24, 'thisRepN': 0}>
42.7766 	DATA 	Keypress: left
42.7885 	EXP 	fixation: autoDraw = False
42.7885 	EXP 	text: autoDraw = False
42.7885 	EXP 	text_2: autoDraw = False
42.7885 	EXP 	text: height = 0.05
42.7885 	EXP 	text: height = 0.05
42.7885 	EXP 	text: height = 0.05
42.7885 	EXP 	text: text = 'become'
42.7885 	EXP 	fixation: autoDraw = True
42.7885 	EXP 	text_2: autoDraw = True
43.7722 	INFO 	Keyboard events cleared
43.7716 	EXP 	text: autoDraw = True
43.7884 	EXP 	fixation: autoDraw = False
43.7884 	EXP 	text_2: autoDraw = False
44.4892 	EXP 	New trial (rep=0, index=25): <Trial 25 (25 in rep 0) data={'words': 'decade', 'number_of_letters': 6, 'corrAns': 'right', 'thisN': 25, 'thisTrialN': 25, 'thisRepN': 0}>
44.4926 	DATA 	Keypress: right
44.5053 	EXP 	fixation: autoDraw = False
44.5053 	EXP 	text: autoDraw = False
44.5053 	EXP 	text_2: autoDraw = False
44.5053 	EXP 	text: height = 0.05
44.5053 	EXP 	text: height = 0.05
44.5053 	EXP 	text: height = 0.05
44.5053 	EXP 	text: text = 'decade'
44.5053 	EXP 	fixation: autoDraw = True
44.5053 	EXP 	text_2: autoDraw = True
45.4890 	INFO 	Keyboard events cleared
45.4884 	EXP 	text: autoDraw = True
45.5051 	EXP 	fixation: autoDraw = False
45.5051 	EXP 	text_2: autoDraw = False
46.4227 	EXP 	New trial (rep=0, index=26): <Trial 26 (26 in rep 0) data={'words': 'courd', 'number_of_letters': 5, 'corrAns': 'left', 'thisN': 26, 'thisTrialN': 26, 'thisRepN': 0}>
46.4261 	DATA 	Keypress: right
46.4384 	EXP 	fixation: autoDraw = False
46.4384 	EXP 	text: autoDraw = False
46.4384 	EXP 	text_2: autoDraw = False
46.4384 	EXP 	text: height = 0.05
46.4384 	EXP 	text: height = 0.05
46.4384 	EXP 	text: height = 0.05
46.4384 	EXP 	text: text = 'courd'
46.4384 	EXP 	fixation: autoDraw = True
46.4384 	EXP 	text_2: autoDraw = True
47.4220 	INFO 	Keyboard events cleared
47.4214 	EXP 	text: autoDraw = True
47.4384 	EXP 	fixation: autoDraw = False
47.4384 	EXP 	text_2: autoDraw = False
48.2072 	EXP 	New trial (rep=0, index=27): <Trial 27 (27 in rep 0) data={'words': 'aboot', 'number_of_letters': 5, 'corrAns': 'left', 'thisN': 27, 'thisTrialN': 27, 'thisRepN': 0}>
48.2107 	DATA 	Keypress: left
48.2214 	EXP 	fixation: autoDraw = False
48.2214 	EXP 	text: autoDraw = False
48.2214 	EXP 	text_2: autoDraw = False
48.2214 	EXP 	text: height = 0.05
48.2214 	EXP 	text: height = 0.05
48.2214 	EXP 	text: height = 0.05
48.2214 	EXP 	text: text = 'aboot'
48.2214 	EXP 	fixation: autoDraw = True
48.2214 	EXP 	text_2: autoDraw = True
49.2218 	INFO 	Keyboard events cleared
49.2213 	EXP 	fixation: autoDraw = False
49.2213 	EXP 	text: autoDraw = True
49.2213 	EXP 	text_2: autoDraw = False
49.7895 	EXP 	New trial (rep=0, index=28): <Trial 28 (28 in rep 0) data={'words': 'importent', 'number_of_letters': 9, 'corrAns': 'left', 'thisN': 28, 'thisTrialN': 28, 'thisRepN': 0}>
49.7929 	DATA 	Keypress: right
49.8051 	EXP 	fixation: autoDraw = False
49.8051 	EXP 	text: autoDraw = False
49.8051 	EXP 	text_2: autoDraw = False
49.8051 	EXP 	text: height = 0.05
49.8051 	EXP 	text: height = 0.05
49.8051 	EXP 	text: height = 0.05
49.8051 	EXP 	text: text = 'importent'
49.8051 	EXP 	fixation: autoDraw = True
49.8051 	EXP 	text_2: autoDraw = True
50.8051 	INFO 	Keyboard events cleared
50.8047 	EXP 	fixation: autoDraw = False
50.8047 	EXP 	text: autoDraw = True
50.8047 	EXP 	text_2: autoDraw = False
51.9061 	EXP 	New trial (rep=0, index=29): <Trial 29 (29 in rep 0) data={'words': 'between', 'number_of_letters': 7, 'corrAns': 'right', 'thisN': 29, 'thisTrialN': 29, 'thisRepN': 0}>
51.9094 	DATA 	Keypress: left
51.9212 	EXP 	fixation: autoDraw = False
51.9212 	EXP 	text: autoDraw = False
51.9212 	EXP 	text_2: autoDraw = False
51.9212 	EXP 	text: height = 0.05
51.9212 	EXP 	text: height = 0.05
51.9212 	EXP 	text: height = 0.05
51.9212 	EXP 	text: text = 'between'
51.9212 	EXP 	fixation: autoDraw = True
51.9212 	EXP 	text_2: autoDraw = True
52.9218 	INFO 	Keyboard events cleared
52.9212 	EXP 	fixation: autoDraw = False
52.9212 	EXP 	text: autoDraw = True
52.9212 	EXP 	text_2: autoDraw = False
53.6726 	EXP 	New trial (rep=0, index=30): <Trial 30 (30 in rep 0) data={'words': 'believe', 'number_of_letters': 7, 'corrAns': 'right', 'thisN': 30, 'thisTrialN': 30, 'thisRepN': 0}>
53.6761 	DATA 	Keypress: right
53.6880 	EXP 	fixation: autoDraw = False
53.6880 	EXP 	text: autoDraw = False
53.6880 	EXP 	text_2: autoDraw = False
53.6880 	EXP 	text: height = 0.05
53.6880 	EXP 	text: height = 0.05
53.6880 	EXP 	text: height = 0.05
53.6880 	EXP 	text: text = 'believe'
53.6880 	EXP 	fixation: autoDraw = True
53.6880 	EXP 	text_2: autoDraw = True
54.6885 	INFO 	Keyboard events cleared
54.6881 	EXP 	fixation: autoDraw = False
54.6881 	EXP 	text: autoDraw = True
54.6881 	EXP 	text_2: autoDraw = False
55.4559 	EXP 	New trial (rep=0, index=31): <Trial 31 (31 in rep 0) data={'words': 'countey', 'number_of_letters': 7, 'corrAns': 'left', 'thisN': 31, 'thisTrialN': 31, 'thisRepN': 0}>
55.4607 	DATA 	Keypress: right
55.4714 	EXP 	fixation: autoDraw = False
55.4714 	EXP 	text: autoDraw = False
55.4714 	EXP 	text_2: autoDraw = False
55.4714 	EXP 	text: height = 0.05
55.4714 	EXP 	text: height = 0.05
55.4714 	EXP 	text: height = 0.05
55.4714 	EXP 	text: text = 'countey'
55.4714 	EXP 	fixation: autoDraw = True
55.4714 	EXP 	text_2: autoDraw = True
56.4717 	INFO 	Keyboard events cleared
56.4712 	EXP 	fixation: autoDraw = False
56.4712 	EXP 	text: autoDraw = True
56.4712 	EXP 	text_2: autoDraw = False
57.4558 	EXP 	New trial (rep=0, index=32): <Trial 32 (32 in rep 0) data={'words': 'should', 'number_of_letters': 6, 'corrAns': 'right', 'thisN': 32, 'thisTrialN': 32, 'thisRepN': 0}>
57.4591 	DATA 	Keypress: left
57.4711 	EXP 	fixation: autoDraw = False
57.4711 	EXP 	text: autoDraw = False
57.4711 	EXP 	text_2: autoDraw = False
57.4711 	EXP 	text: height = 0.05
57.4711 	EXP 	text: height = 0.05
57.4711 	EXP 	text: height = 0.05
57.4711 	EXP 	text: text = 'should'
57.4711 	EXP 	fixation: autoDraw = True
57.4711 	EXP 	text_2: autoDraw = True
58.4715 	INFO 	Keyboard events cleared
58.4710 	EXP 	fixation: autoDraw = False
58.4710 	EXP 	text: autoDraw = True
58.4710 	EXP 	text_2: autoDraw = False
59.1557 	EXP 	New trial (rep=0, index=33): <Trial 33 (33 in rep 0) data={'words': 'wunt', 'number_of_letters': 4, 'corrAns': 'left', 'thisN': 33, 'thisTrialN': 33, 'thisRepN': 0}>
59.1594 	DATA 	Keypress: right
59.1709 	EXP 	fixation: autoDraw = False
59.1709 	EXP 	text: autoDraw = False
59.1709 	EXP 	text_2: autoDraw = False
59.1709 	EXP 	text: height = 0.05
59.1709 	EXP 	text: height = 0.05
59.1709 	EXP 	text: height = 0.05
59.1709 	EXP 	text: text = 'wunt'
59.1709 	EXP 	fixation: autoDraw = True
59.1709 	EXP 	text_2: autoDraw = True
60.1714 	INFO 	Keyboard events cleared
60.1710 	EXP 	fixation: autoDraw = False
60.1710 	EXP 	text: autoDraw = True
60.1710 	EXP 	text_2: autoDraw = False
61.8056 	EXP 	New trial (rep=0, index=34): <Trial 34 (34 in rep 0) data={'words': 'fot', 'number_of_letters': 3, 'corrAns': 'left', 'thisN': 34, 'thisTrialN': 34, 'thisRepN': 0}>
61.8087 	DATA 	Keypress: left
61.8208 	EXP 	fixation: autoDraw = False
61.8208 	EXP 	text: autoDraw = False
61.8208 	EXP 	text_2: autoDraw = False
61.8208 	EXP 	text: height = 0.05
61.8208 	EXP 	text: height = 0.05
61.8208 	EXP 	text: height = 0.05
61.8208 	EXP 	text: text = 'fot'
61.8208 	EXP 	fixation: autoDraw = True
61.8208 	EXP 	text_2: autoDraw = True
62.8213 	INFO 	Keyboard events cleared
62.8208 	EXP 	fixation: autoDraw = False
62.8208 	EXP 	text: autoDraw = True
62.8208 	EXP 	text_2: autoDraw = False
63.6558 	EXP 	New trial (rep=0, index=35): <Trial 35 (35 in rep 0) data={'words': 'pesearch', 'number_of_letters': 8, 'corrAns': 'left', 'thisN': 35, 'thisTrialN': 35, 'thisRepN': 0}>
63.6596 	DATA 	Keypress: left
63.6706 	EXP 	fixation: autoDraw = False
63.6706 	EXP 	text: autoDraw = False
63.6706 	EXP 	text_2: autoDraw = False
63.6706 	EXP 	text: height = 0.05
63.6706 	EXP 	text: height = 0.05
63.6706 	EXP 	text: height = 0.05
63.6706 	EXP 	text: text = 'pesearch'
63.6706 	EXP 	fixation: autoDraw = True
63.6706 	EXP 	text_2: autoDraw = True
64.6711 	INFO 	Keyboard events cleared
64.6706 	EXP 	fixation: autoDraw = False
64.6706 	EXP 	text: autoDraw = True
64.6706 	EXP 	text_2: autoDraw = False
65.3220 	EXP 	New trial (rep=0, index=36): <Trial 36 (36 in rep 0) data={'words': 'theyr', 'number_of_letters': 5, 'corrAns': 'left', 'thisN': 36, 'thisTrialN': 36, 'thisRepN': 0}>
65.3257 	DATA 	Keypress: left
65.3376 	EXP 	fixation: autoDraw = False
65.3376 	EXP 	text: autoDraw = False
65.3376 	EXP 	text_2: autoDraw = False
65.3376 	EXP 	text: height = 0.05
65.3376 	EXP 	text: height = 0.05
65.3376 	EXP 	text: height = 0.05
65.3376 	EXP 	text: text = 'theyr'
65.3376 	EXP 	fixation: autoDraw = True
65.3376 	EXP 	text_2: autoDraw = True
66.3210 	INFO 	Keyboard events cleared
66.3206 	EXP 	text: autoDraw = True
66.3374 	EXP 	fixation: autoDraw = False
66.3374 	EXP 	text_2: autoDraw = False
66.9718 	EXP 	New trial (rep=0, index=37): <Trial 37 (37 in rep 0) data={'words': 'ptay', 'number_of_letters': 4, 'corrAns': 'left', 'thisN': 37, 'thisTrialN': 37, 'thisRepN': 0}>
66.9748 	DATA 	Keypress: left
66.9874 	EXP 	fixation: autoDraw = False
66.9874 	EXP 	text: autoDraw = False
66.9874 	EXP 	text_2: autoDraw = False
66.9874 	EXP 	text: height = 0.05
66.9874 	EXP 	text: height = 0.05
66.9874 	EXP 	text: height = 0.05
66.9874 	EXP 	text: text = 'ptay'
66.9874 	EXP 	fixation: autoDraw = True
66.9874 	EXP 	text_2: autoDraw = True
67.9878 	INFO 	Keyboard events cleared
67.9874 	EXP 	fixation: autoDraw = False
67.9874 	EXP 	text: autoDraw = True
67.9874 	EXP 	text_2: autoDraw = False
68.8885 	EXP 	New trial (rep=0, index=38): <Trial 38 (38 in rep 0) data={'words': 'mech', 'number_of_letters': 4, 'corrAns': 'left', 'thisN': 38, 'thisTrialN': 38, 'thisRepN': 0}>
68.8919 	DATA 	Keypress: left
68.9038 	EXP 	fixation: autoDraw = False
68.9038 	EXP 	text: autoDraw = False
68.9038 	EXP 	text_2: autoDraw = False
68.9038 	EXP 	text: height = 0.05
68.9038 	EXP 	text: height = 0.05
68.9038 	EXP 	text: height = 0.05
68.9038 	EXP 	text: text = 'mech'
68.9038 	EXP 	fixation: autoDraw = True
68.9038 	EXP 	text_2: autoDraw = True
69.9045 	INFO 	Keyboard events cleared
69.9040 	EXP 	fixation: autoDraw = False
69.9040 	EXP 	text: autoDraw = True
69.9040 	EXP 	text_2: autoDraw = False
70.7386 	EXP 	New trial (rep=0, index=39): <Trial 39 (39 in rep 0) data={'words': 'anythink', 'number_of_letters': 8, 'corrAns': 'left', 'thisN': 39, 'thisTrialN': 39, 'thisRepN': 0}>
70.7426 	DATA 	Keypress: left
70.7538 	EXP 	fixation: autoDraw = False
70.7538 	EXP 	text: autoDraw = False
70.7538 	EXP 	text_2: autoDraw = False
70.7538 	EXP 	text: height = 0.05
70.7538 	EXP 	text: height = 0.05
70.7538 	EXP 	text: height = 0.05
70.7538 	EXP 	text: text = 'anythink'
70.7538 	EXP 	fixation: autoDraw = True
70.7538 	EXP 	text_2: autoDraw = True
71.7546 	INFO 	Keyboard events cleared
71.7539 	EXP 	fixation: autoDraw = False
71.7539 	EXP 	text: autoDraw = True
71.7539 	EXP 	text_2: autoDraw = False
73.7552 	EXP 	New trial (rep=0, index=40): <Trial 40 (40 in rep 0) data={'words': 'company', 'number_of_letters': 7, 'corrAns': 'right', 'thisN': 40, 'thisTrialN': 40, 'thisRepN': 0}>
73.7592 	DATA 	Keypress: left
73.7702 	EXP 	fixation: autoDraw = False
73.7702 	EXP 	text: autoDraw = False
73.7702 	EXP 	text_2: autoDraw = False
73.7702 	EXP 	text: height = 0.05
73.7702 	EXP 	text: height = 0.05
73.7702 	EXP 	text: height = 0.05
73.7702 	EXP 	text: text = 'company'
73.7702 	EXP 	fixation: autoDraw = True
73.7702 	EXP 	text_2: autoDraw = True
74.7710 	INFO 	Keyboard events cleared
74.7704 	EXP 	fixation: autoDraw = False
74.7704 	EXP 	text: autoDraw = True
74.7704 	EXP 	text_2: autoDraw = False
75.6214 	EXP 	New trial (rep=0, index=41): <Trial 41 (41 in rep 0) data={'words': 'exberience', 'number_of_letters': 10, 'corrAns': 'left', 'thisN': 41, 'thisTrialN': 41, 'thisRepN': 0}>
75.6255 	DATA 	Keypress: right
75.6372 	EXP 	fixation: autoDraw = False
75.6372 	EXP 	text: autoDraw = False
75.6372 	EXP 	text_2: autoDraw = False
75.6372 	EXP 	text: height = 0.05
75.6372 	EXP 	text: height = 0.05
75.6372 	EXP 	text: height = 0.05
75.6372 	EXP 	text: text = 'exberience'
75.6372 	EXP 	fixation: autoDraw = True
75.6372 	EXP 	text_2: autoDraw = True
76.6376 	INFO 	Keyboard events cleared
76.6370 	EXP 	fixation: autoDraw = False
76.6370 	EXP 	text: autoDraw = True
76.6370 	EXP 	text_2: autoDraw = False
77.6713 	EXP 	New trial (rep=0, index=42): <Trial 42 (42 in rep 0) data={'words': 'bedween', 'number_of_letters': 7, 'corrAns': 'left', 'thisN': 42, 'thisTrialN': 42, 'thisRepN': 0}>
77.6751 	DATA 	Keypress: left
77.6870 	EXP 	fixation: autoDraw = False
77.6870 	EXP 	text: autoDraw = False
77.6870 	EXP 	text_2: autoDraw = False
77.6870 	EXP 	text: height = 0.05
77.6870 	EXP 	text: height = 0.05
77.6870 	EXP 	text: height = 0.05
77.6870 	EXP 	text: text = 'bedween'
77.6870 	EXP 	fixation: autoDraw = True
77.6870 	EXP 	text_2: autoDraw = True
78.6709 	INFO 	Keyboard events cleared
78.6703 	EXP 	text: autoDraw = True
78.6871 	EXP 	fixation: autoDraw = False
78.6871 	EXP 	text_2: autoDraw = False
79.7047 	EXP 	New trial (rep=0, index=43): <Trial 43 (43 in rep 0) data={'words': 'anf', 'number_of_letters': 3, 'corrAns': 'left', 'thisN': 43, 'thisTrialN': 43, 'thisRepN': 0}>
79.7079 	DATA 	Keypress: left
79.7199 	EXP 	fixation: autoDraw = False
79.7199 	EXP 	text: autoDraw = False
79.7199 	EXP 	text_2: autoDraw = False
79.7199 	EXP 	text: height = 0.05
79.7199 	EXP 	text: height = 0.05
79.7199 	EXP 	text: height = 0.05
79.7199 	EXP 	text: text = 'anf'
79.7199 	EXP 	fixation: autoDraw = True
79.7199 	EXP 	text_2: autoDraw = True
80.7206 	INFO 	Keyboard events cleared
80.7201 	EXP 	fixation: autoDraw = False
80.7201 	EXP 	text: autoDraw = True
80.7201 	EXP 	text_2: autoDraw = False
81.4213 	EXP 	New trial (rep=0, index=44): <Trial 44 (44 in rep 0) data={'words': 'pregram', 'number_of_letters': 7, 'corrAns': 'left', 'thisN': 44, 'thisTrialN': 44, 'thisRepN': 0}>
81.4253 	DATA 	Keypress: left
81.4368 	EXP 	fixation: autoDraw = False
81.4368 	EXP 	text: autoDraw = False
81.4368 	EXP 	text_2: autoDraw = False
81.4368 	EXP 	text: height = 0.05
81.4368 	EXP 	text: height = 0.05
81.4368 	EXP 	text: height = 0.05
81.4368 	EXP 	text: text = 'pregram'
81.4368 	EXP 	fixation: autoDraw = True
81.4368 	EXP 	text_2: autoDraw = True
82.4373 	INFO 	Keyboard events cleared
82.4368 	EXP 	fixation: autoDraw = False
82.4368 	EXP 	text: autoDraw = True
82.4368 	EXP 	text_2: autoDraw = False
83.2549 	EXP 	New trial (rep=0, index=45): <Trial 45 (45 in rep 0) data={'words': 'line', 'number_of_letters': 4, 'corrAns': 'right', 'thisN': 45, 'thisTrialN': 45, 'thisRepN': 0}>
83.2593 	DATA 	Keypress: left
83.2699 	EXP 	fixation: autoDraw = False
83.2699 	EXP 	text: autoDraw = False
83.2699 	EXP 	text_2: autoDraw = False
83.2699 	EXP 	text: height = 0.05
83.2699 	EXP 	text: height = 0.05
83.2699 	EXP 	text: height = 0.05
83.2699 	EXP 	text: text = 'line'
83.2699 	EXP 	fixation: autoDraw = True
83.2699 	EXP 	text_2: autoDraw = True
84.2705 	INFO 	Keyboard events cleared
84.2699 	EXP 	fixation: autoDraw = False
84.2699 	EXP 	text: autoDraw = True
84.2699 	EXP 	text_2: autoDraw = False
85.0717 	EXP 	New trial (rep=0, index=46): <Trial 46 (46 in rep 0) data={'words': 'want', 'number_of_letters': 4, 'corrAns': 'right', 'thisN': 46, 'thisTrialN': 46, 'thisRepN': 0}>
85.0752 	DATA 	Keypress: right
85.0866 	EXP 	fixation: autoDraw = False
85.0866 	EXP 	text: autoDraw = False
85.0866 	EXP 	text_2: autoDraw = False
85.0866 	EXP 	text: height = 0.05
85.0866 	EXP 	text: height = 0.05
85.0866 	EXP 	text: height = 0.05
85.0866 	EXP 	text: text = 'want'
85.0866 	EXP 	fixation: autoDraw = True
85.0866 	EXP 	text_2: autoDraw = True
86.0871 	INFO 	Keyboard events cleared
86.0866 	EXP 	fixation: autoDraw = False
86.0866 	EXP 	text: autoDraw = True
86.0866 	EXP 	text_2: autoDraw = False
86.6878 	EXP 	New trial (rep=0, index=47): <Trial 47 (47 in rep 0) data={'words': 'compunity', 'number_of_letters': 9, 'corrAns': 'left', 'thisN': 47, 'thisTrialN': 47, 'thisRepN': 0}>
86.6913 	DATA 	Keypress: right
86.7032 	EXP 	fixation: autoDraw = False
86.7032 	EXP 	text: autoDraw = False
86.7032 	EXP 	text_2: autoDraw = False
86.7032 	EXP 	text: height = 0.05
86.7032 	EXP 	text: height = 0.05
86.7032 	EXP 	text: height = 0.05
86.7032 	EXP 	text: text = 'compunity'
86.7032 	EXP 	fixation: autoDraw = True
86.7032 	EXP 	text_2: autoDraw = True
87.7037 	INFO 	Keyboard events cleared
87.7031 	EXP 	fixation: autoDraw = False
87.7031 	EXP 	text: autoDraw = True
87.7031 	EXP 	text_2: autoDraw = False
88.7050 	EXP 	New trial (rep=0, index=48): <Trial 48 (48 in rep 0) data={'words': 'bopulation', 'number_of_letters': 10, 'corrAns': 'left', 'thisN': 48, 'thisTrialN': 48, 'thisRepN': 0}>
88.7084 	DATA 	Keypress: left
88.7196 	EXP 	fixation: autoDraw = False
88.7196 	EXP 	text: autoDraw = False
88.7196 	EXP 	text_2: autoDraw = False
88.7196 	EXP 	text: height = 0.05
88.7196 	EXP 	text: height = 0.05
88.7196 	EXP 	text: height = 0.05
88.7196 	EXP 	text: text = 'bopulation'
88.7196 	EXP 	fixation: autoDraw = True
88.7196 	EXP 	text_2: autoDraw = True
89.7202 	INFO 	Keyboard events cleared
89.7197 	EXP 	fixation: autoDraw = False
89.7197 	EXP 	text: autoDraw = True
89.7197 	EXP 	text_2: autoDraw = False
91.2207 	EXP 	New trial (rep=0, index=49): <Trial 49 (49 in rep 0) data={'words': 'program', 'number_of_letters': 7, 'corrAns': 'right', 'thisN': 49, 'thisTrialN': 49, 'thisRepN': 0}>
91.2260 	DATA 	Keypress: left
91.2261 	DATA 	Keypress: right
91.2364 	EXP 	fixation: autoDraw = False
91.2364 	EXP 	text: autoDraw = False
91.2364 	EXP 	text_2: autoDraw = False
91.2364 	EXP 	text: height = 0.05
91.2364 	EXP 	text: height = 0.05
91.2364 	EXP 	text: height = 0.05
91.2364 	EXP 	text: text = 'program'
91.2364 	EXP 	fixation: autoDraw = True
91.2364 	EXP 	text_2: autoDraw = True
92.2203 	INFO 	Keyboard events cleared
92.2198 	EXP 	text: autoDraw = True
92.2366 	EXP 	fixation: autoDraw = False
92.2366 	EXP 	text_2: autoDraw = False
93.2207 	EXP 	New trial (rep=0, index=50): <Trial 50 (50 in rep 0) data={'words': 'fector', 'number_of_letters': 6, 'corrAns': 'left', 'thisN': 50, 'thisTrialN': 50, 'thisRepN': 0}>
93.2239 	DATA 	Keypress: right
93.2365 	EXP 	fixation: autoDraw = False
93.2365 	EXP 	text: autoDraw = False
93.2365 	EXP 	text_2: autoDraw = False
93.2365 	EXP 	text: height = 0.05
93.2365 	EXP 	text: height = 0.05
93.2365 	EXP 	text: height = 0.05
93.2365 	EXP 	text: text = 'fector'
93.2365 	EXP 	fixation: autoDraw = True
93.2365 	EXP 	text_2: autoDraw = True
94.2198 	INFO 	Keyboard events cleared
94.2194 	EXP 	text: autoDraw = True
94.2362 	EXP 	fixation: autoDraw = False
94.2362 	EXP 	text_2: autoDraw = False
94.9378 	EXP 	New trial (rep=0, index=51): <Trial 51 (51 in rep 0) data={'words': 'think', 'number_of_letters': 5, 'corrAns': 'right', 'thisN': 51, 'thisTrialN': 51, 'thisRepN': 0}>
94.9412 	DATA 	Keypress: left
94.9529 	EXP 	fixation: autoDraw = False
94.9529 	EXP 	text: autoDraw = False
94.9529 	EXP 	text_2: autoDraw = False
94.9529 	EXP 	text: height = 0.05
94.9529 	EXP 	text: height = 0.05
94.9529 	EXP 	text: height = 0.05
94.9529 	EXP 	text: text = 'think'
94.9529 	EXP 	fixation: autoDraw = True
94.9529 	EXP 	text_2: autoDraw = True
95.9530 	INFO 	Keyboard events cleared
95.9526 	EXP 	fixation: autoDraw = False
95.9526 	EXP 	text: autoDraw = True
95.9526 	EXP 	text_2: autoDraw = False
96.7543 	EXP 	New trial (rep=0, index=52): <Trial 52 (52 in rep 0) data={'words': 'heur', 'number_of_letters': 4, 'corrAns': 'left', 'thisN': 52, 'thisTrialN': 52, 'thisRepN': 0}>
96.7579 	DATA 	Keypress: right
96.7695 	EXP 	fixation: autoDraw = False
96.7695 	EXP 	text: autoDraw = False
96.7695 	EXP 	text_2: autoDraw = False
96.7695 	EXP 	text: height = 0.05
96.7695 	EXP 	text: height = 0.05
96.7695 	EXP 	text: height = 0.05
96.7695 	EXP 	text: text = 'heur'
96.7695 	EXP 	fixation: autoDraw = True
96.7695 	EXP 	text_2: autoDraw = True
97.7699 	INFO 	Keyboard events cleared
97.7694 	EXP 	fixation: autoDraw = False
97.7694 	EXP 	text: autoDraw = True
97.7694 	EXP 	text_2: autoDraw = False
98.5041 	EXP 	New trial (rep=0, index=53): <Trial 53 (53 in rep 0) data={'words': 'neu', 'number_of_letters': 3, 'corrAns': 'left', 'thisN': 53, 'thisTrialN': 53, 'thisRepN': 0}>
98.5077 	DATA 	Keypress: left
98.5193 	EXP 	fixation: autoDraw = False
98.5193 	EXP 	text: autoDraw = False
98.5193 	EXP 	text_2: autoDraw = False
98.5193 	EXP 	text: height = 0.05
98.5193 	EXP 	text: height = 0.05
98.5193 	EXP 	text: height = 0.05
98.5193 	EXP 	text: text = 'neu'
98.5193 	EXP 	fixation: autoDraw = True
98.5193 	EXP 	text_2: autoDraw = True
99.5199 	INFO 	Keyboard events cleared
99.5193 	EXP 	fixation: autoDraw = False
99.5193 	EXP 	text: autoDraw = True
99.5193 	EXP 	text_2: autoDraw = False
100.0039 	EXP 	New trial (rep=0, index=54): <Trial 54 (54 in rep 0) data={'words': 'woy', 'number_of_letters': 3, 'corrAns': 'left', 'thisN': 54, 'thisTrialN': 54, 'thisRepN': 0}>
100.0073 	DATA 	Keypress: left
100.0193 	EXP 	fixation: autoDraw = False
100.0193 	EXP 	text: autoDraw = False
100.0193 	EXP 	text_2: autoDraw = False
100.0193 	EXP 	text: height = 0.05
100.0193 	EXP 	text: height = 0.05
100.0193 	EXP 	text: height = 0.05
100.0193 	EXP 	text: text = 'woy'
100.0193 	EXP 	fixation: autoDraw = True
100.0193 	EXP 	text_2: autoDraw = True
101.0195 	INFO 	Keyboard events cleared
101.0190 	EXP 	fixation: autoDraw = False
101.0190 	EXP 	text: autoDraw = True
101.0190 	EXP 	text_2: autoDraw = False
101.5718 	DATA 	Keypress: left
101.5871 	EXP 	New trial (rep=0, index=55): <Trial 55 (55 in rep 0) data={'words': 'lipe', 'number_of_letters': 4, 'corrAns': 'left', 'thisN': 55, 'thisTrialN': 55, 'thisRepN': 0}>
101.6028 	EXP 	fixation: autoDraw = False
101.6028 	EXP 	text: autoDraw = False
101.6028 	EXP 	text_2: autoDraw = False
101.6028 	EXP 	text: height = 0.05
101.6028 	EXP 	text: height = 0.05
101.6028 	EXP 	text: height = 0.05
101.6028 	EXP 	text: text = 'lipe'
101.6028 	EXP 	fixation: autoDraw = True
101.6028 	EXP 	text_2: autoDraw = True
102.6030 	INFO 	Keyboard events cleared
102.6025 	EXP 	fixation: autoDraw = False
102.6025 	EXP 	text: autoDraw = True
102.6025 	EXP 	text_2: autoDraw = False
103.3037 	EXP 	New trial (rep=0, index=56): <Trial 56 (56 in rep 0) data={'words': 'different', 'number_of_letters': 9, 'corrAns': 'right', 'thisN': 56, 'thisTrialN': 56, 'thisRepN': 0}>
103.3072 	DATA 	Keypress: left
103.3190 	EXP 	fixation: autoDraw = False
103.3190 	EXP 	text: autoDraw = False
103.3190 	EXP 	text_2: autoDraw = False
103.3190 	EXP 	text: height = 0.05
103.3190 	EXP 	text: height = 0.05
103.3190 	EXP 	text: height = 0.05
103.3190 	EXP 	text: text = 'different'
103.3190 	EXP 	fixation: autoDraw = True
103.3190 	EXP 	text_2: autoDraw = True
104.3198 	INFO 	Keyboard events cleared
104.3192 	EXP 	fixation: autoDraw = False
104.3192 	EXP 	text: autoDraw = True
104.3192 	EXP 	text_2: autoDraw = False
105.1704 	EXP 	New trial (rep=0, index=57): <Trial 57 (57 in rep 0) data={'words': 'factor', 'number_of_letters': 6, 'corrAns': 'right', 'thisN': 57, 'thisTrialN': 57, 'thisRepN': 0}>
105.1735 	DATA 	Keypress: right
105.1856 	EXP 	fixation: autoDraw = False
105.1856 	EXP 	text: autoDraw = False
105.1856 	EXP 	text_2: autoDraw = False
105.1856 	EXP 	text: height = 0.05
105.1856 	EXP 	text: height = 0.05
105.1856 	EXP 	text: height = 0.05
105.1856 	EXP 	text: text = 'factor'
105.1856 	EXP 	fixation: autoDraw = True
105.1856 	EXP 	text_2: autoDraw = True
106.1860 	INFO 	Keyboard events cleared
106.1856 	EXP 	fixation: autoDraw = False
106.1856 	EXP 	text: autoDraw = True
106.1856 	EXP 	text_2: autoDraw = False
106.9535 	EXP 	New trial (rep=0, index=58): <Trial 58 (58 in rep 0) data={'words': 'compane', 'number_of_letters': 7, 'corrAns': 'left', 'thisN': 58, 'thisTrialN': 58, 'thisRepN': 0}>
106.9570 	DATA 	Keypress: left
106.9688 	EXP 	fixation: autoDraw = False
106.9688 	EXP 	text: autoDraw = False
106.9688 	EXP 	text_2: autoDraw = False
106.9688 	EXP 	text: height = 0.05
106.9688 	EXP 	text: height = 0.05
106.9688 	EXP 	text: height = 0.05
106.9688 	EXP 	text: text = 'compane'
106.9688 	EXP 	fixation: autoDraw = True
106.9688 	EXP 	text_2: autoDraw = True
107.9693 	INFO 	Keyboard events cleared
107.9688 	EXP 	fixation: autoDraw = False
107.9688 	EXP 	text: autoDraw = True
107.9688 	EXP 	text_2: autoDraw = False
108.7200 	EXP 	New trial (rep=0, index=59): <Trial 59 (59 in rep 0) data={'words': 'bifferent', 'number_of_letters': 9, 'corrAns': 'left', 'thisN': 59, 'thisTrialN': 59, 'thisRepN': 0}>
108.7230 	DATA 	Keypress: left
108.7359 	EXP 	fixation: autoDraw = False
108.7359 	EXP 	text: autoDraw = False
108.7359 	EXP 	text_2: autoDraw = False
108.7359 	EXP 	text: height = 0.05
108.7359 	EXP 	text: height = 0.05
108.7359 	EXP 	text: height = 0.05
108.7359 	EXP 	text: text = 'bifferent'
108.7359 	EXP 	fixation: autoDraw = True
108.7359 	EXP 	text_2: autoDraw = True
109.7192 	INFO 	Keyboard events cleared
109.7188 	EXP 	text: autoDraw = True
109.7356 	EXP 	fixation: autoDraw = False
109.7356 	EXP 	text_2: autoDraw = False
110.6368 	EXP 	New trial (rep=0, index=60): <Trial 60 (60 in rep 0) data={'words': 'quesdion', 'number_of_letters': 8, 'corrAns': 'left', 'thisN': 60, 'thisTrialN': 60, 'thisRepN': 0}>
110.6404 	DATA 	Keypress: left
110.6522 	EXP 	fixation: autoDraw = False
110.6522 	EXP 	text: autoDraw = False
110.6522 	EXP 	text_2: autoDraw = False
110.6522 	EXP 	text: height = 0.05
110.6522 	EXP 	text: height = 0.05
110.6522 	EXP 	text: height = 0.05
110.6522 	EXP 	text: text = 'quesdion'
110.6522 	EXP 	fixation: autoDraw = True
110.6522 	EXP 	text_2: autoDraw = True
111.6529 	INFO 	Keyboard events cleared
111.6524 	EXP 	fixation: autoDraw = False
111.6524 	EXP 	text: autoDraw = True
111.6524 	EXP 	text_2: autoDraw = False
112.4534 	EXP 	New trial (rep=0, index=61): <Trial 61 (61 in rep 0) data={'words': 'and', 'number_of_letters': 3, 'corrAns': 'right', 'thisN': 61, 'thisTrialN': 61, 'thisRepN': 0}>
112.4587 	DATA 	Keypress: left
112.4685 	EXP 	fixation: autoDraw = False
112.4685 	EXP 	text: autoDraw = False
112.4685 	EXP 	text_2: autoDraw = False
112.4685 	EXP 	text: height = 0.05
112.4685 	EXP 	text: height = 0.05
112.4685 	EXP 	text: height = 0.05
112.4685 	EXP 	text: text = 'and'
112.4685 	EXP 	fixation: autoDraw = True
112.4685 	EXP 	text_2: autoDraw = True
113.4528 	INFO 	Keyboard events cleared
113.4523 	EXP 	text: autoDraw = True
113.4686 	EXP 	fixation: autoDraw = False
113.4686 	EXP 	text_2: autoDraw = False
114.2695 	EXP 	New trial (rep=0, index=62): <Trial 62 (62 in rep 0) data={'words': 'new', 'number_of_letters': 3, 'corrAns': 'right', 'thisN': 62, 'thisTrialN': 62, 'thisRepN': 0}>
114.2729 	DATA 	Keypress: right
114.2853 	EXP 	fixation: autoDraw = False
114.2853 	EXP 	text: autoDraw = False
114.2853 	EXP 	text_2: autoDraw = False
114.2853 	EXP 	text: height = 0.05
114.2853 	EXP 	text: height = 0.05
114.2853 	EXP 	text: height = 0.05
114.2853 	EXP 	text: text = 'new'
114.2853 	EXP 	fixation: autoDraw = True
114.2853 	EXP 	text_2: autoDraw = True
115.2690 	INFO 	Keyboard events cleared
115.2687 	EXP 	text: autoDraw = True
115.2853 	EXP 	fixation: autoDraw = False
115.2853 	EXP 	text_2: autoDraw = False
115.9366 	EXP 	New trial (rep=0, index=63): <Trial 63 (63 in rep 0) data={'words': 'tochnology', 'number_of_letters': 10, 'corrAns': 'left', 'thisN': 63, 'thisTrialN': 63, 'thisRepN': 0}>
115.9413 	DATA 	Keypress: right
115.9520 	EXP 	fixation: autoDraw = False
115.9520 	EXP 	text: autoDraw = False
115.9520 	EXP 	text_2: autoDraw = False
115.9520 	EXP 	text: height = 0.05
115.9520 	EXP 	text: height = 0.05
115.9520 	EXP 	text: height = 0.05
115.9520 	EXP 	text: text = 'tochnology'
115.9520 	EXP 	fixation: autoDraw = True
115.9520 	EXP 	text_2: autoDraw = True
116.9522 	INFO 	Keyboard events cleared
116.9519 	EXP 	fixation: autoDraw = False
116.9519 	EXP 	text: autoDraw = True
116.9519 	EXP 	text_2: autoDraw = False
117.8196 	EXP 	New trial (rep=0, index=64): <Trial 64 (64 in rep 0) data={'words': 'secade', 'number_of_letters': 6, 'corrAns': 'left', 'thisN': 64, 'thisTrialN': 64, 'thisRepN': 0}>
117.8229 	DATA 	Keypress: left
117.8352 	EXP 	fixation: autoDraw = False
117.8352 	EXP 	text: autoDraw = False
117.8352 	EXP 	text_2: autoDraw = False
117.8352 	EXP 	text: height = 0.05
117.8352 	EXP 	text: height = 0.05
117.8352 	EXP 	text: height = 0.05
117.8352 	EXP 	text: text = 'secade'
117.8352 	EXP 	fixation: autoDraw = True
117.8352 	EXP 	text_2: autoDraw = True
118.8358 	INFO 	Keyboard events cleared
118.8353 	EXP 	fixation: autoDraw = False
118.8353 	EXP 	text: autoDraw = True
118.8353 	EXP 	text_2: autoDraw = False
119.6691 	EXP 	New trial (rep=0, index=65): <Trial 65 (65 in rep 0) data={'words': 'for', 'number_of_letters': 3, 'corrAns': 'right', 'thisN': 65, 'thisTrialN': 65, 'thisRepN': 0}>
119.6732 	DATA 	Keypress: left
119.6854 	EXP 	fixation: autoDraw = False
119.6854 	EXP 	text: autoDraw = False
119.6854 	EXP 	text_2: autoDraw = False
119.6854 	EXP 	text: height = 0.05
119.6854 	EXP 	text: height = 0.05
119.6854 	EXP 	text: height = 0.05
119.6854 	EXP 	text: text = 'for'
119.6854 	EXP 	fixation: autoDraw = True
119.6854 	EXP 	text_2: autoDraw = True
120.6686 	INFO 	Keyboard events cleared
120.6682 	EXP 	text: autoDraw = True
120.6853 	EXP 	fixation: autoDraw = False
120.6853 	EXP 	text_2: autoDraw = False
122.2529 	EXP 	New trial (rep=0, index=66): <Trial 66 (66 in rep 0) data={'words': 'incluting', 'number_of_letters': 9, 'corrAns': 'left', 'thisN': 66, 'thisTrialN': 66, 'thisRepN': 0}>
122.2566 	DATA 	Keypress: right
122.2683 	EXP 	fixation: autoDraw = False
122.2683 	EXP 	text: autoDraw = False
122.2683 	EXP 	text_2: autoDraw = False
122.2683 	EXP 	text: height = 0.05
122.2683 	EXP 	text: height = 0.05
122.2683 	EXP 	text: height = 0.05
122.2683 	EXP 	text: text = 'incluting'
122.2683 	EXP 	fixation: autoDraw = True
122.2683 	EXP 	text_2: autoDraw = True
123.2684 	INFO 	Keyboard events cleared
123.2680 	EXP 	fixation: autoDraw = False
123.2680 	EXP 	text: autoDraw = True
123.2680 	EXP 	text_2: autoDraw = False
127.6528 	EXP 	New trial (rep=0, index=67): <Trial 67 (67 in rep 0) data={'words': 'system', 'number_of_letters': 6, 'corrAns': 'right', 'thisN': 67, 'thisTrialN': 67, 'thisRepN': 0}>
127.6563 	DATA 	Keypress: left
127.6680 	EXP 	fixation: autoDraw = False
127.6680 	EXP 	text: autoDraw = False
127.6680 	EXP 	text_2: autoDraw = False
127.6680 	EXP 	text: height = 0.05
127.6680 	EXP 	text: height = 0.05
127.6680 	EXP 	text: height = 0.05
127.6680 	EXP 	text: text = 'system'
127.6680 	EXP 	fixation: autoDraw = True
127.6680 	EXP 	text_2: autoDraw = True
128.6518 	INFO 	Keyboard events cleared
128.6513 	EXP 	text: autoDraw = True
128.6678 	EXP 	fixation: autoDraw = False
128.6678 	EXP 	text_2: autoDraw = False
129.6031 	EXP 	New trial (rep=0, index=68): <Trial 68 (68 in rep 0) data={'words': 'remember', 'number_of_letters': 8, 'corrAns': 'right', 'thisN': 68, 'thisTrialN': 68, 'thisRepN': 0}>
129.6073 	DATA 	Keypress: right
129.6180 	EXP 	fixation: autoDraw = False
129.6180 	EXP 	text: autoDraw = False
129.6180 	EXP 	text_2: autoDraw = False
129.6180 	EXP 	text: height = 0.05
129.6180 	EXP 	text: height = 0.05
129.6180 	EXP 	text: height = 0.05
129.6180 	EXP 	text: text = 'remember'
129.6180 	EXP 	fixation: autoDraw = True
129.6180 	EXP 	text_2: autoDraw = True
130.6183 	INFO 	Keyboard events cleared
130.6178 	EXP 	fixation: autoDraw = False
130.6178 	EXP 	text: autoDraw = True
130.6178 	EXP 	text_2: autoDraw = False
131.5692 	EXP 	New trial (rep=0, index=69): <Trial 69 (69 in rep 0) data={'words': 'population', 'number_of_letters': 10, 'corrAns': 'right', 'thisN': 69, 'thisTrialN': 69, 'thisRepN': 0}>
131.5728 	DATA 	Keypress: left
131.5847 	EXP 	fixation: autoDraw = False
131.5847 	EXP 	text: autoDraw = False
131.5847 	EXP 	text_2: autoDraw = False
131.5847 	EXP 	text: height = 0.05
131.5847 	EXP 	text: height = 0.05
131.5847 	EXP 	text: height = 0.05
131.5847 	EXP 	text: text = 'population'
131.5847 	EXP 	fixation: autoDraw = True
131.5847 	EXP 	text_2: autoDraw = True
132.5852 	INFO 	Keyboard events cleared
132.5847 	EXP 	fixation: autoDraw = False
132.5847 	EXP 	text: autoDraw = True
132.5847 	EXP 	text_2: autoDraw = False
133.3856 	EXP 	New trial (rep=0, index=70): <Trial 70 (70 in rep 0) data={'words': 'their', 'number_of_letters': 5, 'corrAns': 'right', 'thisN': 70, 'thisTrialN': 70, 'thisRepN': 0}>
133.3886 	DATA 	Keypress: right
133.4014 	EXP 	fixation: autoDraw = False
133.4014 	EXP 	text: autoDraw = False
133.4014 	EXP 	text_2: autoDraw = False
133.4014 	EXP 	text: height = 0.05
133.4014 	EXP 	text: height = 0.05
133.4014 	EXP 	text: height = 0.05
133.4014 	EXP 	text: text = 'their'
133.4014 	EXP 	fixation: autoDraw = True
133.4014 	EXP 	text_2: autoDraw = True
134.4018 	INFO 	Keyboard events cleared
134.4013 	EXP 	fixation: autoDraw = False
134.4013 	EXP 	text: autoDraw = True
134.4013 	EXP 	text_2: autoDraw = False
135.0188 	EXP 	New trial (rep=0, index=71): <Trial 71 (71 in rep 0) data={'words': 'business', 'number_of_letters': 8, 'corrAns': 'right', 'thisN': 71, 'thisTrialN': 71, 'thisRepN': 0}>
135.0224 	DATA 	Keypress: right
135.0346 	EXP 	fixation: autoDraw = False
135.0346 	EXP 	text: autoDraw = False
135.0346 	EXP 	text_2: autoDraw = False
135.0346 	EXP 	text: height = 0.05
135.0346 	EXP 	text: height = 0.05
135.0346 	EXP 	text: height = 0.05
135.0346 	EXP 	text: text = 'business'
135.0346 	EXP 	fixation: autoDraw = True
135.0346 	EXP 	text_2: autoDraw = True
136.0183 	INFO 	Keyboard events cleared
136.0177 	EXP 	text: autoDraw = True
136.0344 	EXP 	fixation: autoDraw = False
136.0344 	EXP 	text_2: autoDraw = False
138.9688 	EXP 	New trial (rep=0, index=72): <Trial 72 (72 in rep 0) data={'words': 'important', 'number_of_letters': 9, 'corrAns': 'right', 'thisN': 72, 'thisTrialN': 72, 'thisRepN': 0}>
138.9727 	DATA 	Keypress: right
138.9842 	EXP 	fixation: autoDraw = False
138.9842 	EXP 	text: autoDraw = False
138.9842 	EXP 	text_2: autoDraw = False
138.9842 	EXP 	text: height = 0.05
138.9842 	EXP 	text: height = 0.05
138.9842 	EXP 	text: height = 0.05
138.9842 	EXP 	text: text = 'important'
138.9842 	EXP 	fixation: autoDraw = True
138.9842 	EXP 	text_2: autoDraw = True
139.9848 	INFO 	Keyboard events cleared
139.9842 	EXP 	fixation: autoDraw = False
139.9842 	EXP 	text: autoDraw = True
139.9842 	EXP 	text_2: autoDraw = False
140.8352 	EXP 	New trial (rep=0, index=73): <Trial 73 (73 in rep 0) data={'words': 'including', 'number_of_letters': 9, 'corrAns': 'right', 'thisN': 73, 'thisTrialN': 73, 'thisRepN': 0}>
140.8383 	DATA 	Keypress: right
140.8510 	EXP 	fixation: autoDraw = False
140.8510 	EXP 	text: autoDraw = False
140.8510 	EXP 	text_2: autoDraw = False
140.8510 	EXP 	text: height = 0.05
140.8510 	EXP 	text: height = 0.05
140.8510 	EXP 	text: height = 0.05
140.8510 	EXP 	text: text = 'including'
140.8510 	EXP 	fixation: autoDraw = True
140.8510 	EXP 	text_2: autoDraw = True
141.8348 	INFO 	Keyboard events cleared
141.8343 	EXP 	text: autoDraw = True
141.8510 	EXP 	fixation: autoDraw = False
141.8510 	EXP 	text_2: autoDraw = False
142.8187 	EXP 	New trial (rep=0, index=74): <Trial 74 (74 in rep 0) data={'words': 'whicb', 'number_of_letters': 5, 'corrAns': 'left', 'thisN': 74, 'thisTrialN': 74, 'thisRepN': 0}>
142.8218 	DATA 	Keypress: right
142.8343 	EXP 	fixation: autoDraw = False
142.8343 	EXP 	text: autoDraw = False
142.8343 	EXP 	text_2: autoDraw = False
142.8343 	EXP 	text: height = 0.05
142.8343 	EXP 	text: height = 0.05
142.8343 	EXP 	text: height = 0.05
142.8343 	EXP 	text: text = 'whicb'
142.8343 	EXP 	fixation: autoDraw = True
142.8343 	EXP 	text_2: autoDraw = True
143.8346 	INFO 	Keyboard events cleared
143.8342 	EXP 	fixation: autoDraw = False
143.8342 	EXP 	text: autoDraw = True
143.8342 	EXP 	text_2: autoDraw = False
144.7523 	EXP 	New trial (rep=0, index=75): <Trial 75 (75 in rep 0) data={'words': 'especialty', 'number_of_letters': 10, 'corrAns': 'left', 'thisN': 75, 'thisTrialN': 75, 'thisRepN': 0}>
144.7560 	DATA 	Keypress: left
144.7674 	EXP 	fixation: autoDraw = False
144.7674 	EXP 	text: autoDraw = False
144.7674 	EXP 	text_2: autoDraw = False
144.7674 	EXP 	text: height = 0.05
144.7674 	EXP 	text: height = 0.05
144.7674 	EXP 	text: height = 0.05
144.7674 	EXP 	text: text = 'especialty'
144.7674 	EXP 	fixation: autoDraw = True
144.7674 	EXP 	text_2: autoDraw = True
145.7679 	INFO 	Keyboard events cleared
145.7672 	EXP 	fixation: autoDraw = False
145.7672 	EXP 	text: autoDraw = True
145.7672 	EXP 	text_2: autoDraw = False
147.6854 	EXP 	New trial (rep=0, index=76): <Trial 76 (76 in rep 0) data={'words': 'sistem', 'number_of_letters': 6, 'corrAns': 'left', 'thisN': 76, 'thisTrialN': 76, 'thisRepN': 0}>
147.6895 	DATA 	Keypress: left
147.7010 	EXP 	fixation: autoDraw = False
147.7010 	EXP 	text: autoDraw = False
147.7010 	EXP 	text_2: autoDraw = False
147.7010 	EXP 	text: height = 0.05
147.7010 	EXP 	text: height = 0.05
147.7010 	EXP 	text: height = 0.05
147.7010 	EXP 	text: text = 'sistem'
147.7010 	EXP 	fixation: autoDraw = True
147.7010 	EXP 	text_2: autoDraw = True
148.7013 	INFO 	Keyboard events cleared
148.7008 	EXP 	fixation: autoDraw = False
148.7008 	EXP 	text: autoDraw = True
148.7008 	EXP 	text_2: autoDraw = False
150.2532 	DATA 	Keypress: left
150.2681 	EXP 	New trial (rep=0, index=77): <Trial 77 (77 in rep 0) data={'words': 'rememper', 'number_of_letters': 8, 'corrAns': 'left', 'thisN': 77, 'thisTrialN': 77, 'thisRepN': 0}>
150.2839 	EXP 	fixation: autoDraw = False
150.2839 	EXP 	text: autoDraw = False
150.2839 	EXP 	text_2: autoDraw = False
150.2839 	EXP 	text: height = 0.05
150.2839 	EXP 	text: height = 0.05
150.2839 	EXP 	text: height = 0.05
150.2839 	EXP 	text: text = 'rememper'
150.2839 	EXP 	fixation: autoDraw = True
150.2839 	EXP 	text_2: autoDraw = True
150.5186 	DATA 	Keypress: left
151.2674 	INFO 	Keyboard events cleared
151.2669 	EXP 	text: autoDraw = True
151.2839 	EXP 	fixation: autoDraw = False
151.2839 	EXP 	text_2: autoDraw = False
154.3350 	EXP 	New trial (rep=0, index=78): <Trial 78 (78 in rep 0) data={'words': 'community', 'number_of_letters': 9, 'corrAns': 'right', 'thisN': 78, 'thisTrialN': 78, 'thisRepN': 0}>
154.3390 	DATA 	Keypress: left
154.3504 	EXP 	fixation: autoDraw = False
154.3504 	EXP 	text: autoDraw = False
154.3504 	EXP 	text_2: autoDraw = False
154.3504 	EXP 	text: height = 0.05
154.3504 	EXP 	text: height = 0.05
154.3504 	EXP 	text: height = 0.05
154.3504 	EXP 	text: text = 'community'
154.3504 	EXP 	fixation: autoDraw = True
154.3504 	EXP 	text_2: autoDraw = True
155.3510 	INFO 	Keyboard events cleared
155.3504 	EXP 	fixation: autoDraw = False
155.3504 	EXP 	text: autoDraw = True
155.3504 	EXP 	text_2: autoDraw = False
156.4515 	EXP 	New trial (rep=0, index=79): <Trial 79 (79 in rep 0) data={'words': 'which', 'number_of_letters': 5, 'corrAns': 'right', 'thisN': 79, 'thisTrialN': 79, 'thisRepN': 0}>
156.4560 	DATA 	Keypress: right
156.4669 	EXP 	fixation: autoDraw = False
156.4669 	EXP 	text: autoDraw = False
156.4669 	EXP 	text_2: autoDraw = False
156.4669 	EXP 	text: height = 0.05
156.4669 	EXP 	text: height = 0.05
156.4669 	EXP 	text: height = 0.05
156.4669 	EXP 	text: text = 'which'
156.4669 	EXP 	fixation: autoDraw = True
156.4669 	EXP 	text_2: autoDraw = True
157.4670 	INFO 	Keyboard events cleared
157.4666 	EXP 	fixation: autoDraw = False
157.4666 	EXP 	text: autoDraw = True
157.4666 	EXP 	text_2: autoDraw = False
158.2540 	DATA 	Keypress: right
158.2667 	EXP 	fixation: autoDraw = False
158.2667 	EXP 	text: autoDraw = False
158.2667 	EXP 	text_2: autoDraw = False
158.2667 	EXP 	text_3: autoDraw = True
159.2666 	EXP 	text_3: autoDraw = False
159.2666 	EXP 	text_3: autoDraw = False
159.2668 	EXP 	soloprojectlexical: status = STOPPED
159.2877 	INFO 	saved data to 'C:\\Users\\kashy\\OneDrive\\Desktop\\SoloProject\\data/462351_soloprojectlexical_2024-12-04_16h40.56.895.csv'
159.2906 	INFO 	saved data to C:\Users\kashy\OneDrive\Desktop\SoloProject\data/462351_soloprojectlexical_2024-12-04_16h40.56.895.psydat
159.5246 	EXP 	window1: mouseVisible = True
