18.4233 	INFO 	Loaded monitor calibration from ['2024_08_16 01:13']
18.8171 	EXP 	Created window1 = Window(allowGUI=True, allowStencil=False, autoLog=True, backendConf=UNKNOWN, backgroundFit=<method-wrapper '__getattribute__' of attributeSetter object at 0x0000027BBBF26410>, backgroundImage=<method-wrapper '__getattribute__' of attributeSetter object at 0x0000027BBBF26470>, bitsMode=UNKNOWN, blendMode='avg', bpc=(8, 8, 8), color=array([0, 0, 0]), colorSpace='rgb', depthBits=8, fullscr=<method-wrapper '__getattribute__' of attributeSetter object at 0x0000027BBBF27FD0>, gamma=None, gammaErrorPolicy='raise', infoMsg=UNKNOWN, lms=UNKNOWN, monitor=<psychopy.monitors.calibTools.Monitor object at 0x0000027BB963CBE0>, multiSample=False, name='window1', numSamples=2, pos=[460.0, 240.0], screen=0, size=array([1000,  600]), stencilBits=0, stereo=False, title='PsychoPy', units='height', useFBO=True, useRetina=False, viewOri=0.0, viewPos=None, viewScale=None, waitBlanking=True, winType='pyglet')
18.8172 	EXP 	window1: backgroundImage = ''
18.8173 	EXP 	window1: backgroundFit = 'none'
18.8176 	EXP 	window1: mouseVisible = <method-wrapper '__getattribute__' of attributeSetter object at 0x0000027BBBF24EB0>
18.8179 	EXP 	window1: mouseVisible = <method-wrapper '__getattribute__' of attributeSetter object at 0x0000027BBBF24EB0>
18.8253 	EXP 	window1: mouseVisible = <method-wrapper '__getattribute__' of attributeSetter object at 0x0000027BBBF24EB0>
18.8267 	EXP 	window1: mouseVisible = <method-wrapper '__getattribute__' of attributeSetter object at 0x0000027BBBF24EB0>
18.8934 	EXP 	window1: mouseVisible = <method-wrapper '__getattribute__' of attributeSetter object at 0x0000027BBBF24EB0>
18.8937 	EXP 	window1: mouseVisible = <method-wrapper '__getattribute__' of attributeSetter object at 0x0000027BBBF24EB0>
18.8951 	EXP 	window1: mouseVisible = <method-wrapper '__getattribute__' of attributeSetter object at 0x0000027BBBF24EB0>
18.8965 	EXP 	window1: mouseVisible = <method-wrapper '__getattribute__' of attributeSetter object at 0x0000027BBBF24EB0>
18.9269 	EXP 	window1: Attempting to measure frame rate of screen (0) ...
18.9270 	EXP 	window1: recordFrameIntervals = False
19.1188 	EXP 	window1: recordFrameIntervals = True
19.2052 	WARNING 	t of last frame was 20.28ms (=1/49)
19.3859 	EXP 	Screen (0) actual frame rate measured at 59.69Hz
19.3860 	EXP 	window1: recordFrameIntervals = False
19.3861 	EXP 	window1: mouseVisible = True
19.4242 	WARNING 	launchHubServer: If using the iohub mouse or eyetracker devices, fullScr should be True.
23.2247 	INFO 	keyboard.Keyboard is using iohub backend.
23.2248 	INFO 	keyboard.Keyboard is using iohub backend.
23.2248 	EXP 	Adaptive staircase: status = STARTED
23.2252 	EXP 	window1: mouseVisible = True
23.2356 	EXP 	Created fixation = ShapeStim(__class__=<class 'psychopy.visual.shape.ShapeStim'>, anchor=('center', 'center'), autoDraw=False, autoLog=True, closeShape=True, color=method-wrapper(...), colorSpace='rgb', contrast=None, depth=-1.0, draggable=False, fillColor=array([1, 1, 1]), fillColorSpace='rgb', fillRGB=array([1, 1, 1]), interpolate=True, lineColor=array([1., 1., 1.]), lineColorSpace='rgb', lineRGB=array([1, 1, 1]), lineWidth=1.0, name='fixation', opacity=1, ori=0.0, pos=array([0., 0.]), size=array([0.1, 0.1]), units='height', vertices=ndarray(...), win=Window(...), windingRule=None)
23.2358 	EXP 	window1: mouseVisible = True
23.2473 	EXP 	Created grating = GratingStim(__class__=<class 'psychopy.visual.grating.GratingStim'>, anchor='center', autoDraw=False, autoLog=True, blendmode='avg', color=array([0.5, 0.5, 0.5]), colorSpace='rgb', contrast=0.5, depth=-2.0, draggable=False, interpolate=True, mask='gauss', maskParams=None, name='grating', opacity=1, ori=1.0, phase=array([0., 0.]), pos=array([0., 0.]), rgbPedestal=array([0., 0., 0.]), sf=array([8., 8.]), size=array([0.3, 0.3]), tex='sin', texRes=128.0, units='height', win=Window(...))
0.0022 	DATA 	Mouse: Left button down, pos=(350,466)
0.0027 	DATA 	Mouse:  Left button up, pos=(350,466)
0.0198 	WARNING 	Increasing number of minimum required reversals to the number of step sizes, (4).
0.0384 	EXP 	grating: ori = -10.0
0.0384 	EXP 	fixation: autoDraw = True
0.5381 	INFO 	Keyboard events cleared
0.5375 	EXP 	grating: autoDraw = True
0.5375 	EXP 	grating: tex = 'sin'
0.5540 	EXP 	fixation: autoDraw = False
0.7947 	DATA 	Keypress: left
0.8030 	EXP 	fixation: autoDraw = False
0.8030 	EXP 	grating: autoDraw = False
0.8030 	EXP 	grating: ori = 8.0
0.8030 	EXP 	fixation: autoDraw = True
1.3055 	INFO 	Keyboard events cleared
1.3047 	EXP 	fixation: autoDraw = False
1.3047 	EXP 	grating: autoDraw = True
1.6170 	EXP 	grating: autoDraw = False
2.2057 	DATA 	Keypress: left
2.2197 	EXP 	fixation: autoDraw = False
2.2197 	EXP 	grating: autoDraw = False
2.2197 	EXP 	grating: ori = -9.0
2.2197 	EXP 	fixation: autoDraw = True
2.7213 	INFO 	Keyboard events cleared
2.7206 	EXP 	fixation: autoDraw = False
2.7206 	EXP 	grating: autoDraw = True
3.0208 	EXP 	grating: autoDraw = False
3.4923 	DATA 	Keypress: right
3.5044 	EXP 	fixation: autoDraw = False
3.5044 	EXP 	grating: autoDraw = False
3.5044 	EXP 	grating: ori = -10.0
3.5044 	EXP 	fixation: autoDraw = True
4.0056 	INFO 	Keyboard events cleared
4.0049 	EXP 	fixation: autoDraw = False
4.0049 	EXP 	grating: autoDraw = True
4.3046 	EXP 	grating: autoDraw = False
4.4256 	DATA 	Keypress: right
4.4376 	EXP 	fixation: autoDraw = False
4.4376 	EXP 	grating: autoDraw = False
4.4376 	EXP 	grating: ori = 11.0
4.4376 	EXP 	fixation: autoDraw = True
4.9380 	INFO 	Keyboard events cleared
4.9373 	EXP 	fixation: autoDraw = False
4.9373 	EXP 	grating: autoDraw = True
5.1423 	DATA 	Keypress: left
5.1548 	EXP 	fixation: autoDraw = False
5.1548 	EXP 	grating: autoDraw = False
5.1548 	EXP 	grating: ori = 12.0
5.1548 	EXP 	fixation: autoDraw = True
5.6549 	INFO 	Keyboard events cleared
5.6542 	EXP 	grating: autoDraw = True
5.6712 	EXP 	fixation: autoDraw = False
5.9539 	EXP 	grating: autoDraw = False
6.0250 	DATA 	Keypress: right
6.0375 	EXP 	fixation: autoDraw = False
6.0375 	EXP 	grating: autoDraw = False
6.0375 	EXP 	grating: ori = -12.0
6.0375 	EXP 	fixation: autoDraw = True
6.5382 	INFO 	Keyboard events cleared
6.5376 	EXP 	fixation: autoDraw = False
6.5376 	EXP 	grating: autoDraw = True
6.6420 	DATA 	Keypress: right
6.6543 	EXP 	fixation: autoDraw = False
6.6543 	EXP 	grating: autoDraw = False
6.6543 	EXP 	grating: ori = 13.0
6.6543 	EXP 	fixation: autoDraw = True
7.1424 	DATA 	Keypress: left
7.1551 	INFO 	Keyboard events cleared
7.1544 	EXP 	fixation: autoDraw = False
7.1544 	EXP 	grating: autoDraw = True
7.4543 	EXP 	grating: autoDraw = False
7.6578 	DATA 	Keypress: left
7.6705 	EXP 	fixation: autoDraw = False
7.6705 	EXP 	grating: autoDraw = False
7.6705 	EXP 	grating: ori = 14.0
7.6705 	EXP 	fixation: autoDraw = True
8.1722 	INFO 	Keyboard events cleared
8.1711 	EXP 	fixation: autoDraw = False
8.1711 	EXP 	grating: autoDraw = True
8.2418 	DATA 	Keypress: left
8.2547 	EXP 	fixation: autoDraw = False
8.2547 	EXP 	grating: autoDraw = False
8.2547 	EXP 	grating: ori = 15.0
8.2547 	EXP 	fixation: autoDraw = True
8.7550 	INFO 	Keyboard events cleared
8.7542 	EXP 	fixation: autoDraw = False
8.7542 	EXP 	grating: autoDraw = True
8.8080 	DATA 	Keypress: right
8.8203 	EXP 	fixation: autoDraw = False
8.8203 	EXP 	grating: autoDraw = False
8.8203 	EXP 	grating: ori = 15.0
8.8203 	EXP 	fixation: autoDraw = True
9.2900 	DATA 	Keypress: right
9.3212 	INFO 	Keyboard events cleared
9.3206 	EXP 	fixation: autoDraw = False
9.3206 	EXP 	grating: autoDraw = True
9.6204 	EXP 	grating: autoDraw = False
9.9251 	DATA 	Keypress: left
9.9368 	EXP 	fixation: autoDraw = False
9.9368 	EXP 	grating: autoDraw = False
9.9368 	EXP 	grating: ori = -16.0
9.9368 	EXP 	fixation: autoDraw = True
10.4386 	INFO 	Keyboard events cleared
10.4378 	EXP 	fixation: autoDraw = False
10.4378 	EXP 	grating: autoDraw = True
10.6249 	DATA 	Keypress: right
10.6375 	EXP 	fixation: autoDraw = False
10.6375 	EXP 	grating: autoDraw = False
10.6375 	EXP 	grating: ori = -17.0
10.6375 	EXP 	fixation: autoDraw = True
11.0237 	DATA 	Keypress: left
11.1385 	INFO 	Keyboard events cleared
11.1377 	EXP 	fixation: autoDraw = False
11.1377 	EXP 	grating: autoDraw = True
11.4373 	EXP 	grating: autoDraw = False
11.5409 	DATA 	Keypress: right
11.5537 	EXP 	fixation: autoDraw = False
11.5537 	EXP 	grating: autoDraw = False
11.5537 	EXP 	grating: ori = -18.0
11.5537 	EXP 	fixation: autoDraw = True
12.0544 	INFO 	Keyboard events cleared
12.0537 	EXP 	fixation: autoDraw = False
12.0537 	EXP 	grating: autoDraw = True
12.0746 	DATA 	Keypress: left
12.0869 	EXP 	fixation: autoDraw = False
12.0869 	EXP 	grating: autoDraw = False
12.0869 	EXP 	grating: ori = -18.0
12.0869 	EXP 	fixation: autoDraw = True
12.5574 	DATA 	Keypress: right
12.5877 	INFO 	Keyboard events cleared
12.5869 	EXP 	fixation: autoDraw = False
12.5869 	EXP 	grating: autoDraw = True
12.8881 	EXP 	grating: autoDraw = False
13.1096 	DATA 	Keypress: left
13.1211 	EXP 	fixation: autoDraw = False
13.1211 	EXP 	grating: autoDraw = False
13.1211 	EXP 	grating: ori = 18.0
13.1211 	EXP 	fixation: autoDraw = True
13.5563 	DATA 	Keypress: right
13.6220 	INFO 	Keyboard events cleared
13.6213 	EXP 	fixation: autoDraw = False
13.6213 	EXP 	grating: autoDraw = True
13.9206 	EXP 	grating: autoDraw = False
14.0753 	DATA 	Keypress: left
14.0871 	EXP 	fixation: autoDraw = False
14.0871 	EXP 	grating: autoDraw = False
14.0871 	EXP 	grating: ori = -19.0
14.0871 	EXP 	fixation: autoDraw = True
14.5879 	INFO 	Keyboard events cleared
14.5872 	EXP 	fixation: autoDraw = False
14.5872 	EXP 	grating: autoDraw = True
14.6420 	DATA 	Keypress: left
14.6706 	EXP 	fixation: autoDraw = False
14.6706 	EXP 	grating: autoDraw = False
14.6706 	EXP 	grating: ori = -19.0
14.6706 	EXP 	fixation: autoDraw = True
15.1068 	DATA 	Keypress: right
15.1712 	INFO 	Keyboard events cleared
15.1704 	EXP 	fixation: autoDraw = False
15.1704 	EXP 	grating: autoDraw = True
15.4702 	EXP 	grating: autoDraw = False
15.5077 	DATA 	Keypress: left
15.5207 	EXP 	fixation: autoDraw = False
15.5207 	EXP 	grating: autoDraw = False
15.5207 	EXP 	grating: ori = -19.0
15.5207 	EXP 	fixation: autoDraw = True
15.9895 	DATA 	Keypress: right
16.0219 	INFO 	Keyboard events cleared
16.0211 	EXP 	fixation: autoDraw = False
16.0211 	EXP 	grating: autoDraw = True
16.3200 	EXP 	grating: autoDraw = False
16.4753 	DATA 	Keypress: left
16.4869 	EXP 	fixation: autoDraw = False
16.4869 	EXP 	grating: autoDraw = False
16.4869 	EXP 	grating: ori = 18.0
16.4869 	EXP 	fixation: autoDraw = True
16.9889 	INFO 	Keyboard events cleared
16.9881 	EXP 	fixation: autoDraw = False
16.9881 	EXP 	grating: autoDraw = True
17.0414 	DATA 	Keypress: right
17.0539 	EXP 	fixation: autoDraw = False
17.0539 	EXP 	grating: autoDraw = False
17.0539 	EXP 	grating: ori = 18.0
17.0539 	EXP 	fixation: autoDraw = True
17.5060 	DATA 	Keypress: left
17.5542 	INFO 	Keyboard events cleared
17.5535 	EXP 	fixation: autoDraw = False
17.5535 	EXP 	grating: autoDraw = True
17.8539 	EXP 	grating: autoDraw = False
18.0076 	DATA 	Keypress: right
18.0197 	EXP 	fixation: autoDraw = False
18.0197 	EXP 	grating: autoDraw = False
18.0197 	EXP 	grating: ori = 18.0
18.0197 	EXP 	fixation: autoDraw = True
18.4569 	DATA 	Keypress: left
18.5211 	INFO 	Keyboard events cleared
18.5204 	EXP 	fixation: autoDraw = False
18.5204 	EXP 	grating: autoDraw = True
18.8201 	EXP 	grating: autoDraw = False
18.9911 	DATA 	Keypress: right
19.0036 	EXP 	fixation: autoDraw = False
19.0036 	EXP 	grating: autoDraw = False
19.0036 	EXP 	grating: ori = -17.0
19.0036 	EXP 	fixation: autoDraw = True
19.4231 	DATA 	Keypress: left
19.5044 	INFO 	Keyboard events cleared
19.5037 	EXP 	fixation: autoDraw = False
19.5037 	EXP 	grating: autoDraw = True
19.8037 	EXP 	grating: autoDraw = False
19.8921 	DATA 	Keypress: right
19.9036 	EXP 	fixation: autoDraw = False
19.9036 	EXP 	grating: autoDraw = False
19.9036 	EXP 	grating: ori = 17.5
19.9036 	EXP 	fixation: autoDraw = True
20.2896 	DATA 	Keypress: left
20.4049 	INFO 	Keyboard events cleared
20.4042 	EXP 	fixation: autoDraw = False
20.4042 	EXP 	grating: autoDraw = True
20.7035 	EXP 	grating: autoDraw = False
20.7242 	DATA 	Keypress: right
20.7367 	EXP 	fixation: autoDraw = False
20.7367 	EXP 	grating: autoDraw = False
20.7367 	EXP 	grating: ori = 17.5
20.7367 	EXP 	fixation: autoDraw = True
21.1071 	DATA 	Keypress: left
21.2375 	INFO 	Keyboard events cleared
21.2367 	EXP 	fixation: autoDraw = False
21.2367 	EXP 	grating: autoDraw = True
21.5372 	EXP 	grating: autoDraw = False
21.7077 	DATA 	Keypress: left
21.7374 	EXP 	fixation: autoDraw = False
21.7374 	EXP 	grating: autoDraw = False
21.7374 	EXP 	grating: ori = 18.0
21.7374 	EXP 	fixation: autoDraw = True
22.2373 	INFO 	Keyboard events cleared
22.2366 	EXP 	fixation: autoDraw = False
22.2366 	EXP 	grating: autoDraw = True
22.2585 	DATA 	Keypress: right
22.2703 	EXP 	fixation: autoDraw = False
22.2703 	EXP 	grating: autoDraw = False
22.2703 	EXP 	grating: ori = 18.0
22.2703 	EXP 	fixation: autoDraw = True
22.6226 	DATA 	Keypress: left
22.7716 	INFO 	Keyboard events cleared
22.7708 	EXP 	fixation: autoDraw = False
22.7708 	EXP 	grating: autoDraw = True
23.0709 	EXP 	grating: autoDraw = False
23.0758 	DATA 	Keypress: right
23.0868 	EXP 	fixation: autoDraw = False
23.0868 	EXP 	grating: autoDraw = False
23.0868 	EXP 	grating: ori = -18.0
23.0868 	EXP 	fixation: autoDraw = True
23.4900 	DATA 	Keypress: left
23.5875 	INFO 	Keyboard events cleared
23.5868 	EXP 	fixation: autoDraw = False
23.5868 	EXP 	grating: autoDraw = True
23.8870 	EXP 	grating: autoDraw = False
23.9413 	DATA 	Keypress: right
23.9535 	EXP 	fixation: autoDraw = False
23.9535 	EXP 	grating: autoDraw = False
23.9535 	EXP 	grating: ori = 18.5
23.9535 	EXP 	fixation: autoDraw = True
24.4407 	DATA 	Keypress: right
24.4545 	INFO 	Keyboard events cleared
24.4535 	EXP 	fixation: autoDraw = False
24.4535 	EXP 	grating: autoDraw = True
24.7533 	EXP 	grating: autoDraw = False
25.0255 	DATA 	Keypress: left
25.0369 	EXP 	fixation: autoDraw = False
25.0369 	EXP 	grating: autoDraw = False
25.0369 	EXP 	grating: ori = 19.0
25.0369 	EXP 	fixation: autoDraw = True
25.4394 	DATA 	Keypress: right
25.5378 	INFO 	Keyboard events cleared
25.5371 	EXP 	fixation: autoDraw = False
25.5371 	EXP 	grating: autoDraw = True
25.8075 	DATA 	Keypress: left
25.8199 	EXP 	fixation: autoDraw = False
25.8199 	EXP 	grating: autoDraw = False
25.8199 	EXP 	grating: ori = -19.5
25.8199 	EXP 	fixation: autoDraw = True
26.0886 	DATA 	Keypress: right
26.3208 	INFO 	Keyboard events cleared
26.3200 	EXP 	fixation: autoDraw = False
26.3200 	EXP 	grating: autoDraw = True
26.6196 	EXP 	grating: autoDraw = False
26.7586 	DATA 	Keypress: left
26.7702 	EXP 	fixation: autoDraw = False
26.7702 	EXP 	grating: autoDraw = False
26.7702 	EXP 	grating: ori = 19.5
26.7702 	EXP 	fixation: autoDraw = True
27.1407 	DATA 	Keypress: right
27.2714 	INFO 	Keyboard events cleared
27.2704 	EXP 	fixation: autoDraw = False
27.2704 	EXP 	grating: autoDraw = True
27.5707 	EXP 	grating: autoDraw = False
27.5921 	DATA 	Keypress: left
27.6037 	EXP 	fixation: autoDraw = False
27.6037 	EXP 	grating: autoDraw = False
27.6037 	EXP 	grating: ori = -20.0
27.6037 	EXP 	fixation: autoDraw = True
28.0059 	DATA 	Keypress: right
28.1040 	INFO 	Keyboard events cleared
28.1033 	EXP 	fixation: autoDraw = False
28.1033 	EXP 	grating: autoDraw = True
28.4032 	EXP 	grating: autoDraw = False
28.5582 	DATA 	Keypress: right
28.5707 	EXP 	fixation: autoDraw = False
28.5707 	EXP 	grating: autoDraw = False
28.5707 	EXP 	grating: ori = -20.0
28.5707 	EXP 	fixation: autoDraw = True
29.0703 	INFO 	Keyboard events cleared
29.0697 	EXP 	grating: autoDraw = True
29.0862 	EXP 	fixation: autoDraw = False
29.1066 	DATA 	Keypress: right
29.1201 	EXP 	fixation: autoDraw = False
29.1201 	EXP 	grating: autoDraw = False
29.1201 	EXP 	grating: ori = -20.0
29.1201 	EXP 	fixation: autoDraw = True
29.4720 	DATA 	Keypress: left
29.6042 	INFO 	Keyboard events cleared
29.6034 	EXP 	grating: autoDraw = True
29.6204 	EXP 	fixation: autoDraw = False
29.8924 	DATA 	Keypress: right
29.9036 	EXP 	grating: autoDraw = False
29.9036 	EXP 	fixation: autoDraw = False
29.9036 	EXP 	grating: autoDraw = False
29.9036 	EXP 	grating: ori = 20.0
29.9036 	EXP 	fixation: autoDraw = True
30.3054 	DATA 	Keypress: right
30.4041 	INFO 	Keyboard events cleared
30.4032 	EXP 	fixation: autoDraw = False
30.4032 	EXP 	grating: autoDraw = True
30.7034 	EXP 	grating: autoDraw = False
30.7573 	DATA 	Keypress: left
30.7699 	EXP 	fixation: autoDraw = False
30.7699 	EXP 	grating: autoDraw = False
30.7699 	EXP 	grating: ori = 20.0
30.7699 	EXP 	fixation: autoDraw = True
31.2232 	DATA 	Keypress: right
31.2712 	INFO 	Keyboard events cleared
31.2701 	EXP 	fixation: autoDraw = False
31.2701 	EXP 	grating: autoDraw = True
31.5695 	EXP 	grating: autoDraw = False
31.8072 	DATA 	Keypress: right
31.8200 	EXP 	fixation: autoDraw = False
31.8200 	EXP 	grating: autoDraw = False
31.8200 	EXP 	grating: ori = 20.0
31.8200 	EXP 	fixation: autoDraw = True
32.3059 	DATA 	Keypress: left
32.3205 	INFO 	Keyboard events cleared
32.3198 	EXP 	fixation: autoDraw = False
32.3198 	EXP 	grating: autoDraw = True
32.6198 	EXP 	grating: autoDraw = False
32.8047 	DATA 	Keypress: right
32.8185 	EXP 	fixation: autoDraw = False
32.8185 	EXP 	grating: autoDraw = False
32.8185 	EXP 	grating: ori = 20.0
32.8185 	EXP 	fixation: autoDraw = True
33.3041 	INFO 	Keyboard events cleared
33.3032 	EXP 	grating: autoDraw = True
33.3194 	EXP 	fixation: autoDraw = False
33.3239 	DATA 	Keypress: right
33.3367 	EXP 	fixation: autoDraw = False
33.3367 	EXP 	grating: autoDraw = False
33.3367 	EXP 	grating: ori = -19.5
33.3367 	EXP 	fixation: autoDraw = True
33.8369 	INFO 	Keyboard events cleared
33.8361 	EXP 	fixation: autoDraw = False
33.8361 	EXP 	grating: autoDraw = True
33.8902 	DATA 	Keypress: left
33.9031 	EXP 	fixation: autoDraw = False
33.9031 	EXP 	grating: autoDraw = False
33.9031 	EXP 	grating: ori = 19.5
33.9031 	EXP 	fixation: autoDraw = True
34.4038 	INFO 	Keyboard events cleared
34.4031 	EXP 	fixation: autoDraw = False
34.4031 	EXP 	grating: autoDraw = True
34.4415 	DATA 	Keypress: left
34.4535 	EXP 	fixation: autoDraw = False
34.4535 	EXP 	grating: autoDraw = False
34.4535 	EXP 	grating: ori = 20.0
34.4535 	EXP 	fixation: autoDraw = True
34.9540 	INFO 	Keyboard events cleared
34.9531 	EXP 	fixation: autoDraw = False
34.9531 	EXP 	grating: autoDraw = True
34.9567 	DATA 	Keypress: right
35.1699 	EXP 	fixation: autoDraw = False
35.1699 	EXP 	grating: autoDraw = False
35.1699 	EXP 	grating: ori = -20.0
35.1699 	EXP 	fixation: autoDraw = True
35.4240 	DATA 	Keypress: right
35.6705 	INFO 	Keyboard events cleared
35.6698 	EXP 	fixation: autoDraw = False
35.6698 	EXP 	grating: autoDraw = True
35.9073 	DATA 	Keypress: left
35.9199 	EXP 	fixation: autoDraw = False
35.9199 	EXP 	grating: autoDraw = False
35.9199 	EXP 	grating: ori = -20.0
35.9199 	EXP 	fixation: autoDraw = True
36.4218 	INFO 	Keyboard events cleared
36.4203 	EXP 	fixation: autoDraw = False
36.4203 	EXP 	grating: autoDraw = True
36.4249 	DATA 	Keypress: right
36.6864 	EXP 	fixation: autoDraw = False
36.6864 	EXP 	grating: autoDraw = False
36.6864 	EXP 	grating: ori = 20.0
36.6864 	EXP 	fixation: autoDraw = True
36.7893 	DATA 	Keypress: left
37.1872 	INFO 	Keyboard events cleared
37.1865 	EXP 	fixation: autoDraw = False
37.1865 	EXP 	grating: autoDraw = True
37.3243 	DATA 	Keypress: right
37.3360 	EXP 	fixation: autoDraw = False
37.3360 	EXP 	grating: autoDraw = False
37.3360 	EXP 	grating: ori = -20.0
37.3360 	EXP 	fixation: autoDraw = True
37.7057 	DATA 	Keypress: left
37.8378 	INFO 	Keyboard events cleared
37.8370 	EXP 	fixation: autoDraw = False
37.8370 	EXP 	grating: autoDraw = True
38.1249 	DATA 	Keypress: right
38.1361 	EXP 	grating: autoDraw = False
38.1361 	EXP 	fixation: autoDraw = False
38.1361 	EXP 	grating: autoDraw = False
38.1361 	EXP 	grating: ori = -20.0
38.1361 	EXP 	fixation: autoDraw = True
38.5556 	DATA 	Keypress: left
38.6375 	INFO 	Keyboard events cleared
38.6367 	EXP 	fixation: autoDraw = False
38.6367 	EXP 	grating: autoDraw = True
38.9239 	DATA 	Keypress: right
38.9370 	EXP 	grating: autoDraw = False
38.9370 	EXP 	fixation: autoDraw = False
38.9370 	EXP 	grating: autoDraw = False
38.9370 	EXP 	grating: ori = -20.0
38.9370 	EXP 	fixation: autoDraw = True
39.2558 	DATA 	Keypress: left
39.4364 	INFO 	Keyboard events cleared
39.4357 	EXP 	fixation: autoDraw = False
39.4357 	EXP 	grating: autoDraw = True
39.6573 	DATA 	Keypress: right
39.6697 	EXP 	fixation: autoDraw = False
39.6697 	EXP 	grating: autoDraw = False
39.6697 	EXP 	grating: ori = -20.0
39.6697 	EXP 	fixation: autoDraw = True
40.0232 	DATA 	Keypress: left
40.1702 	INFO 	Keyboard events cleared
40.1694 	EXP 	fixation: autoDraw = False
40.1694 	EXP 	grating: autoDraw = True
40.3576 	DATA 	Keypress: left
40.3695 	EXP 	fixation: autoDraw = False
40.3695 	EXP 	grating: autoDraw = False
40.3695 	EXP 	grating: ori = 20.0
40.3695 	EXP 	fixation: autoDraw = True
40.7387 	DATA 	Keypress: right
40.8702 	INFO 	Keyboard events cleared
40.8695 	EXP 	fixation: autoDraw = False
40.8695 	EXP 	grating: autoDraw = True
41.0562 	DATA 	Keypress: left
41.0698 	EXP 	fixation: autoDraw = False
41.0698 	EXP 	grating: autoDraw = False
41.0700 	EXP 	Adaptive staircase: status = STOPPED
41.0940 	INFO 	saved data to 'C:\\Users\\kashy\\OneDrive\\Desktop\\lab in pdychology\\data/577618_Adaptive staircase_2024-09-06_13h52.11.586.csv'
41.0962 	INFO 	saved data to C:\Users\kashy\OneDrive\Desktop\lab in pdychology\data/577618_Adaptive staircase_2024-09-06_13h52.11.586.psydat
41.1591 	EXP 	window1: mouseVisible = True
